procs -----------memory---------- ---swap-- -----io---- -system-- ------cpu----- -----timestamp-----
 r  b   swpd   free   buff  cache   si   so    bi    bo   in   cs us sy id wa st                 UTC
 1  0      0 3316680  27364 245052    0    0    25   342  606 1484 57 41  3  0  0 2019-10-29 01:30:13
 1  0      0 3324208  27372 245048    0    0     0    10  278   70 55 45  0  0  0 2019-10-29 01:30:18
 1  0      0 3324240  27372 245044    0    0     0     0  274   58 54 46  0  0  0 2019-10-29 01:30:23
 1  0      0 3324240  27380 245040    0    0     0     2  275   64 55 45  0  0  0 2019-10-29 01:30:28
 1  0      0 3324256  27388 245048    0    0     0    15  277   61 58 42  0  0  0 2019-10-29 01:30:33
 1  0      0 3324264  27388 245048    0    0     0     0  274   58 56 44  0  0  0 2019-10-29 01:30:38
 1  0      0 3324264  27396 245044    0    0     0    16  276   61 59 41  0  0  0 2019-10-29 01:30:43
 1  0      0 3324256  27404 245048    0    0     0    10  278   68 55 45  0  0  0 2019-10-29 01:30:48
 1  0      0 3324296  27412 245048    0    0     0     2  277   66 55 45  0  0  0 2019-10-29 01:30:53
 1  0      0 3324304  27412 245040    0    0     0     0  275   61 53 47  0  0  0 2019-10-29 01:30:58
 1  0      0 3324436  27420 245044    0    0     0     6  277   66 56 44  0  0  0 2019-10-29 01:31:03
 1  0      0 3324568  27428 245044    0    0     0     2  275   61 57 43  0  0  0 2019-10-29 01:31:08
 1  0      0 3324528  27428 245044    0    0     0     1  276   91 57 43  0  0  0 2019-10-29 01:31:13
 1  0      0 3324536  27436 245040    0    0     0    16  276   63 56 44  0  0  0 2019-10-29 01:31:18
 1  0      0 3324552  27444 245044    0    0     0     3  276   60 59 41  0  0  0 2019-10-29 01:31:23
 1  0      0 3324644  27452 245036    0    0     0    30  286  119 54 46  0  0  0 2019-10-29 01:31:28
 1  0      0 3324684  27460 245032    0    0     0     9  277   63 56 44  0  0  0 2019-10-29 01:31:33
 1  0      0 3324692  27468 245028    0    0     0     2  275   61 55 45  0  0  0 2019-10-29 01:31:38
 1  0      0 3324708  27468 245020    0    0     0     0  274   57 53 47  0  0  0 2019-10-29 01:31:43
 1  0      0 3324716  27476 245020    0    0     0     2  276   61 58 42  0  0  0 2019-10-29 01:31:48
 1  0      0 3324716  27484 245020    0    0     0     2  275   59 56 44  0  0  0 2019-10-29 01:31:53
procs -----------memory---------- ---swap-- -----io---- -system-- ------cpu----- -----timestamp-----
 r  b   swpd   free   buff  cache   si   so    bi    bo   in   cs us sy id wa st                 UTC
 2  0      0 3324468  27484 245024    0    0     0     2  277   66 56 44  0  0  0 2019-10-29 01:31:58
 1  0      0 3324468  27492 245024    0    0     0    10  277   64 56 44  0  0  0 2019-10-29 01:32:03
 1  0      0 3324468  27500 245028    0    0     0     2  275   60 56 44  0  0  0 2019-10-29 01:32:08
 1  0      0 3324468  27500 245032    0    0     0     5  274   57 59 41  0  0  0 2019-10-29 01:32:13
 1  0      0 3324460  27508 245032    0    0     0    11  277   94 56 44  0  0  0 2019-10-29 01:32:18
 1  0      0 3324468  27516 245032    0    0     0     7  275   58 57 43  0  0  0 2019-10-29 01:32:23
 1  0      0 3324476  27516 245024    0    0     0     0  275   59 56 44  0  0  0 2019-10-29 01:32:28
 1  0      0 3324484  27524 245024    0    0     0     2  277   61 56 44  0  0  0 2019-10-29 01:32:33
 1  0      0 3324492  27532 245024    0    0     0     2  275   60 55 45  0  0  0 2019-10-29 01:32:38
 1  0      0 3324500  27532 245024    0    0     0     0  274   57 55 45  0  0  0 2019-10-29 01:32:43
 1  0      0 3324500  27540 245024    0    0     0     2  276   61 57 43  0  0  0 2019-10-29 01:32:48
 1  0      0 3324500  27548 245028    0    0     0     6  275   59 56 44  0  0  0 2019-10-29 01:32:53
 3  0      0 3283708  27548 245184    0    0     0     6  285  470 59 41  0  0  0 2019-10-29 01:32:58
 2  0      0 3262752  27556 245188    0    0     0    18  296  537 64 36  0  0  0 2019-10-29 01:33:03
 2  0      0 3209276  27564 245212    0    0     0     3  305  772 60 40  0  0  0 2019-10-29 01:33:08
 1  0      0 3173504  27572 245208    0    0     0     8  305  352 61 39  0  0  0 2019-10-29 01:33:13
 1  0      0 3173504  27580 245196    0    0     0     3  299  110 55 45  0  0  0 2019-10-29 01:33:18
 1  0      0 3173504  27580 245188    0    0     0     3  298  104 56 44  0  0  0 2019-10-29 01:33:23
 2  0      0 3113000  27588 245204    0    0     0     4  379  361 57 43  0  0  0 2019-10-29 01:33:28
 3  0      0 2831292  27596 491000    0    0     0 24302  878 6629 56 44  0  0  0 2019-10-29 01:33:33
 3  0      0 2749352  27604 491208    0    0     0    34  297  414 61 39  0  0  0 2019-10-29 01:33:38
procs -----------memory---------- ---swap-- -----io---- -system-- ------cpu----- -----timestamp-----
 r  b   swpd   free   buff  cache   si   so    bi    bo   in   cs us sy id wa st                 UTC
 3  0      0 2636492  27612 525720    0    0     0  6722  311  510 65 35  0  0  0 2019-10-29 01:33:43
 3  0      0 2611056  27620 527232    0    0     0    16  288  349 64 36  0  0  0 2019-10-29 01:33:48
 2  0      0 2606112  27628 531912    0    0     0     6  295  463 66 34  0  0  0 2019-10-29 01:33:53
 3  0      0 2588592  27636 537648    0    0     0     3  302  319 65 35  0  0  0 2019-10-29 01:33:58
 2  0      0 2592660  27644 541916    0    0     0    42  302  255 65 35  0  0  0 2019-10-29 01:34:03
 1  0      0 2592288  27652 541916    0    0     0 24251  390  234 55 45  0  0  0 2019-10-29 01:34:08
 1  0      0 2592452  27660 541916    0    0     0     3  300  112 57 43  0  0  0 2019-10-29 01:34:13
 1  0      0 2592616  27668 541916    0    0     0     2  302  118 56 44  0  0  0 2019-10-29 01:34:18
 1  0      0 2592624  27668 541912    0    0     0     2  300  108 56 44  0  0  0 2019-10-29 01:34:23
 1  0      0 2592624  27676 541912    0    0     0     2  300  111 56 44  0  0  0 2019-10-29 01:34:28
 1  0      0 2592524  27684 541920    0    0     0     6  305  145 56 44  0  0  0 2019-10-29 01:34:33
 1  0      0 2592648  27692 541916    0    0     0  3139  309  113 54 46  0  0  0 2019-10-29 01:34:38
 1  0      0 2592664  27692 541916    0    0     0    19  300  107 57 43  0  0  0 2019-10-29 01:34:43
 1  0      0 2592704  27700 541916    0    0     0     2  300  111 57 43  0  0  0 2019-10-29 01:34:48
 1  0      0 2592712  27708 541912    0    0     0     6  300  108 54 46  0  0  0 2019-10-29 01:34:53
 1  0      0 2592720  27716 541908    0    0     0     2  299  111 57 43  0  0  0 2019-10-29 01:34:58
 3  0      0 2564504  27716 541916    0    0     0     3  339  329 60 40  0  0  0 2019-10-29 01:35:03
 2  0      0 2538096  27724 541976    0    0    12     9  304  340 61 39  0  0  0 2019-10-29 01:35:08
 1  0      0 2537980  27732 541984    0    0     0    10  287  113 60 40  0  0  0 2019-10-29 01:35:13
 1  0      0 2537980  27740 541984    0    0     0    23  283   95 54 46  0  0  0 2019-10-29 01:35:18
 1  0      0 2538268  27748 541984    0    0     0     7  296  102 60 40  0  0  0 2019-10-29 01:35:23
procs -----------memory---------- ---swap-- -----io---- -system-- ------cpu----- -----timestamp-----
 r  b   swpd   free   buff  cache   si   so    bi    bo   in   cs us sy id wa st                 UTC
 2  0      0 2535500  27748 541996    0    0     0     0  304  115 55 45  0  0  0 2019-10-29 01:35:28
 1  0      0 2535580  27756 541984    0    0     0     2  285   97 52 48  0  0  0 2019-10-29 01:35:33
 1  0      0 2535580  27764 541976    0    0     0     2  281   96 59 41  0  0  0 2019-10-29 01:35:38
 3  0      0 2509336  27764 544080    0    0     0     0  300  289 67 33  0  0  0 2019-10-29 01:35:43
 1  0      0 2511012  27772 544648    0    0     0    26  285  128 59 41  0  0  0 2019-10-29 01:35:48
 1  0      0 2511020  27780 544644    0    0     0    37  284   95 56 44  0  0  0 2019-10-29 01:35:53
 1  0      0 2511020  27788 544640    0    0     0     2  283   96 52 48  0  0  0 2019-10-29 01:35:58
 1  0      0 2511052  27796 544636    0    0     0     2  284   97 54 46  0  0  0 2019-10-29 01:36:03
 1  0      0 2511052  27796 544636    0    0     0     0  280   89 56 44  0  0  0 2019-10-29 01:36:08
 1  0      0 2511052  27804 544636    0    0     0     3  283   94 55 45  0  0  0 2019-10-29 01:36:13
 1  0      0 2510960  27812 544644    0    0     0   537  284   95 57 43  0  0  0 2019-10-29 01:36:18
 3  0      0 2512176  27812 544656    0    0     0     0  328  339 59 41  0  0  0 2019-10-29 01:36:23
 1  0      0 2510880  27820 544672    0    0     0    17  310  378 61 39  0  0  0 2019-10-29 01:36:28
 3  0      0 2510884  27828 544672    0    0     0    22  297  142 57 43  0  0  0 2019-10-29 01:36:33
 2  0      0 2508532  27836 544680    0    0     0    13  320  334 56 44  0  0  0 2019-10-29 01:36:38
 1  0      0 2493704  27844 544680    0    0     0     3  338  433 57 43  0  0  0 2019-10-29 01:36:43
 4  0      0 2501180  27852 544708    0    0     0    18  444  772 61 39  0  0  0 2019-10-29 01:36:48
 1  0      0 2501140  27860 544728    0    0     0    20  479  795 62 38  0  0  0 2019-10-29 01:36:53
 1  0      0 2498712  27868 544732    0    0     0    17  446  724 61 39  0  0  0 2019-10-29 01:36:58
 1  0      0 2499640  27876 544748    0    0     0    45  501  881 60 40  0  0  0 2019-10-29 01:37:03
 3  0      0 2497504  27884 544764    0    0     0     9  525  984 60 40  0  0  0 2019-10-29 01:37:08
procs -----------memory---------- ---swap-- -----io---- -system-- ------cpu----- -----timestamp-----
 r  b   swpd   free   buff  cache   si   so    bi    bo   in   cs us sy id wa st                 UTC
 1  0      0 2492612  27892 544776    0    0     0    11  510  951 59 41  0  0  0 2019-10-29 01:37:13
 2  0      0 2490788  27900 544796    0    0     0    12  539 1034 59 41  0  0  0 2019-10-29 01:37:18
 3  0      0 2489052  27908 544816    0    0     0    14  530  998 58 42  0  0  0 2019-10-29 01:37:23
 1  0      0 2490936  27916 544832    0    0     0     9  545 1054 59 41  0  0  0 2019-10-29 01:37:28
 2  0      0 2489680  27924 544852    0    0     0    52  595 1146 62 38  0  0  0 2019-10-29 01:37:33
 1  0      0 2488984  27924 544876    0    0     0     0  577 1149 60 40  0  0  0 2019-10-29 01:37:38
 1  0      0 2488256  27932 544884    0    0     0     3  577 1145 56 44  0  0  0 2019-10-29 01:37:43
 1  0      0 2487368  27940 544908    0    0     0     3  591 1165 60 40  0  0  0 2019-10-29 01:37:48
 1  0      0 2487056  27948 544924    0    0     0     3  591 1140 57 43  0  0  0 2019-10-29 01:37:53
 2  0      0 2486392  27956 544956    0    0     0     3  591 1229 58 42  0  0  0 2019-10-29 01:37:58
 1  0      0 2485428  27964 544976    0    0     0    38  593 1214 60 40  0  0  0 2019-10-29 01:38:03
 1  0      0 2484996  27972 544996    0    0     0    13  602 1229 58 42  0  0  0 2019-10-29 01:38:08
 3  0      0 2487920  27980 545020    0    0     0     3  607 1268 63 37  0  0  0 2019-10-29 01:38:13
 1  0      0 2487300  27988 545036    0    0     0     3  606 1188 62 38  0  0  0 2019-10-29 01:38:18
 3  0      0 2487080  27996 545056    0    0     0     3  621 1270 56 44  0  0  0 2019-10-29 01:38:23
 1  0      0 2486432  28004 545080    0    0     0     3  630 1276 60 40  0  0  0 2019-10-29 01:38:28
 1  0      0 2477764  28012 545108    0    0     0    37  658 1328 60 40  0  0  0 2019-10-29 01:38:33
 1  0      0 2477928  28020 545132    0    0     0     5  657 1351 59 41  0  0  0 2019-10-29 01:38:38
 1  0      0 2478056  28028 545160    0    0     0     6  656 1307 59 41  0  0  0 2019-10-29 01:38:43
 1  0      0 2474988  28036 545180    0    0     0     6  656 1299 59 41  0  0  0 2019-10-29 01:38:48
 2  0      0 2475008  28044 545204    0    0     0     3  653 1352 60 40  0  0  0 2019-10-29 01:38:53
procs -----------memory---------- ---swap-- -----io---- -system-- ------cpu----- -----timestamp-----
 r  b   swpd   free   buff  cache   si   so    bi    bo   in   cs us sy id wa st                 UTC
 1  0      0 2474860  28052 545228    0    0     0     3  666 1369 63 37  0  0  0 2019-10-29 01:38:58
 2  0      0 2474264  28060 545268    0    0     0    40  646 1316 58 42  0  0  0 2019-10-29 01:39:03
 1  0      0 2474752  28068 545280    0    0     0     9  668 1390 61 39  0  0  0 2019-10-29 01:39:08
 1  0      0 2474920  28076 545304    0    0     0     4  635 1264 57 43  0  0  0 2019-10-29 01:39:13
 2  0      0 2475480  28084 545336    0    0     0    12  689 1414 60 40  0  0  0 2019-10-29 01:39:18
 1  0      0 2475616  28092 545360    0    0     0     5  636 1285 58 42  0  0  0 2019-10-29 01:39:23
 1  0      0 2476260  28100 545388    0    0     0    39  726 1419 60 40  0  0  0 2019-10-29 01:39:28
 1  0      0 2476200  28108 545408    0    0     0     5  620 1210 58 42  0  0  0 2019-10-29 01:39:33
 2  0      0 2473768  28116 545436    0    0     0     3  717 1414 56 44  0  0  0 2019-10-29 01:39:38
 2  0      0 2474476  28124 545460    0    0     0     3  705 1431 59 41  0  0  0 2019-10-29 01:39:43
 2  0      0 2474864  28132 545488    0    0     0     3  677 1357 59 41  0  0  0 2019-10-29 01:39:48
 1  0      0 2475164  28140 545516    0    0     0     3  704 1370 61 39  0  0  0 2019-10-29 01:39:53
 1  0      0 2473212  28148 545552    0    0     0     3  750 1582 61 39  0  0  0 2019-10-29 01:39:58
 1  0      0 2473536  28156 545588    0    0     0    46  650 1304 59 41  0  0  0 2019-10-29 01:40:03
 5  0      0 2473936  28164 545620    0    0     0     6  734 1531 61 39  0  0  0 2019-10-29 01:40:08
 2  0      0 2475172  28172 545656    0    0     0     8  741 1528 59 41  0  0  0 2019-10-29 01:40:13
 2  0      0 2473076  28180 545676    0    0     0     3  724 1533 60 40  0  0  0 2019-10-29 01:40:18
 2  0      0 2472708  28188 545696    0    0     0     3  613 1213 59 41  0  0  0 2019-10-29 01:40:23
 2  0      0 2473352  28196 545728    0    0     0     3  685 1464 59 41  0  0  0 2019-10-29 01:40:28
 1  0      0 2474300  28204 545764    0    0     0    47  737 1525 58 42  0  0  0 2019-10-29 01:40:33
 1  0      0 2472988  28212 545800    0    0     0     4  710 1489 62 38  0  0  0 2019-10-29 01:40:38
procs -----------memory---------- ---swap-- -----io---- -system-- ------cpu----- -----timestamp-----
 r  b   swpd   free   buff  cache   si   so    bi    bo   in   cs us sy id wa st                 UTC
 1  0      0 2474140  28220 545832    0    0     0    10  727 1540 58 42  0  0  0 2019-10-29 01:40:43
 1  0      0 2475516  28228 545872    0    0     0     3  772 1641 60 40  0  0  0 2019-10-29 01:40:48
 2  0      0 2473500  28236 545920    0    0     0     3  731 1564 59 41  0  0  0 2019-10-29 01:40:53
 1  0      0 2474564  28244 545964    0    0     0     3  727 1479 58 42  0  0  0 2019-10-29 01:40:58
 1  0      0 2475812  28252 546016    0    0     0    49  761 1588 62 38  0  0  0 2019-10-29 01:41:03
 1  0      0 2473700  28260 546060    0    0     0     3  710 1497 58 42  0  0  0 2019-10-29 01:41:08
 2  0      0 2474628  28268 546092    0    0     0     4  706 1484 55 45  0  0  0 2019-10-29 01:41:13
 2  0      0 2475316  28276 546152    0    0     0    12  724 1609 61 39  0  0  0 2019-10-29 01:41:18
 2  0      0 2473244  28276 546192    0    0     0     0  709 1519 62 38  0  0  0 2019-10-29 01:41:23
 1  0      0 2474152  28284 546228    0    0     0     3  715 1544 64 36  0  0  0 2019-10-29 01:41:28
 1  0      0 2474836  28292 546276    0    0     0    48  669 1401 59 41  0  0  0 2019-10-29 01:41:33
 1  0      0 2473088  28300 546324    0    0     0     5  769 1657 61 39  0  0  0 2019-10-29 01:41:38
 3  0      0 2474496  28308 546364    0    0     0     3  728 1593 59 41  0  0  0 2019-10-29 01:41:43
 1  0      0 2472612  28316 546416    0    0     0     4  751 1599 60 40  0  0  0 2019-10-29 01:41:48
 2  0      0 2474184  28324 546460    0    0     0    12  777 1724 60 40  0  0  0 2019-10-29 01:41:53
 1  0      0 2472272  28332 546508    0    0     0     3  717 1566 57 43  0  0  0 2019-10-29 01:41:58
 1  0      0 2473648  28340 546556    0    0     0    51  745 1601 58 42  0  0  0 2019-10-29 01:42:03
 1  0      0 2471892  28348 546604    0    0     0     5  778 1628 59 41  0  0  0 2019-10-29 01:42:08
 1  0      0 2473044  28356 546648    0    0     0     3  703 1510 58 42  0  0  0 2019-10-29 01:42:13
 1  0      0 2474520  28364 546696    0    0     0     3  769 1665 62 38  0  0  0 2019-10-29 01:42:18
 2  0      0 2472604  28372 546760    0    0     0     4  778 1752 61 39  0  0  0 2019-10-29 01:42:23
procs -----------memory---------- ---swap-- -----io---- -system-- ------cpu----- -----timestamp-----
 r  b   swpd   free   buff  cache   si   so    bi    bo   in   cs us sy id wa st                 UTC
 2  0      0 2474168  28380 546812    0    0     0    57  736 1623 59 41  0  0  0 2019-10-29 01:42:28
 2  0      0 2472356  28388 546844    0    0     0     6  745 1621 60 40  0  0  0 2019-10-29 01:42:33
 1  0      0 2473720  28396 546892    0    0     0     3  766 1610 58 42  0  0  0 2019-10-29 01:42:38
 2  0      0 2472000  28404 546936    0    0     0     3  719 1571 58 42  0  0  0 2019-10-29 01:42:43
 1  0      0 2473480  28412 546984    0    0     0     3  759 1698 57 43  0  0  0 2019-10-29 01:42:48
 1  0      0 2470852  28420 547028    0    0     0     3  703 1540 60 40  0  0  0 2019-10-29 01:42:53
 2  0      0 2472324  28428 547084    0    0     0    50  736 1648 56 44  0  0  0 2019-10-29 01:42:58
 2  0      0 2470572  28436 547128    0    0     0    10  778 1693 58 42  0  0  0 2019-10-29 01:43:03
 1  0      0 2472796  28444 547176    0    0     0     3  819 1765 58 42  0  0  0 2019-10-29 01:43:08
 2  0      0 2470876  28452 547220    0    0     0     3  716 1563 59 41  0  0  0 2019-10-29 01:43:13
 1  0      0 2472220  28460 547264    0    0     0     3  741 1582 56 44  0  0  0 2019-10-29 01:43:18
 1  0      0 2473980  28468 547312    0    0     0     3  789 1736 59 41  0  0  0 2019-10-29 01:43:23
 1  0      0 2471968  28476 547360    0    0     0     3  714 1624 57 43  0  0  0 2019-10-29 01:43:28
 1  0      0 2473184  28484 547428    0    0     0    58  757 1673 61 39  0  0  0 2019-10-29 01:43:33
 1  0      0 2471568  28492 547476    0    0     0     4  770 1660 57 43  0  0  0 2019-10-29 01:43:38
 1  0      0 2473016  28500 547504    0    0     0    10  734 1636 58 42  0  0  0 2019-10-29 01:43:43
 1  0      0 2471424  28508 547552    0    0     0     3  762 1687 60 40  0  0  0 2019-10-29 01:43:48
 1  0      0 2473256  28516 547604    0    0     0     3  786 1729 58 42  0  0  0 2019-10-29 01:43:53
 1  0      0 2471576  28524 547652    0    0     0     3  733 1689 57 43  0  0  0 2019-10-29 01:43:58
 4  0      0 2473052  28532 547708    0    0     0    54  763 1639 60 40  0  0  0 2019-10-29 01:44:03
 1  0      0 2471452  28540 547760    0    0     0     3  791 1714 60 40  0  0  0 2019-10-29 01:44:08
procs -----------memory---------- ---swap-- -----io---- -system-- ------cpu----- -----timestamp-----
 r  b   swpd   free   buff  cache   si   so    bi    bo   in   cs us sy id wa st                 UTC
 1  0      0 2473020  28548 547808    0    0     0     4  757 1643 56 44  0  0  0 2019-10-29 01:44:13
 1  0      0 2471612  28556 547856    0    0     0     6  788 1710 59 41  0  0  0 2019-10-29 01:44:18
 1  0      0 2473312  28564 547908    0    0     0     3  810 1770 60 40  0  0  0 2019-10-29 01:44:23
 1  0      0 2471584  28572 547956    0    0     0     3  744 1644 56 44  0  0  0 2019-10-29 01:44:28
 1  0      0 2473152  28580 548012    0    0     0    55  776 1701 59 41  0  0  0 2019-10-29 01:44:33
 2  0      0 2471428  28588 548072    0    0     0     3  807 1767 59 41  0  0  0 2019-10-29 01:44:38
 1  0      0 2470060  28596 548108    0    0     0     8  795 1740 60 40  0  0  0 2019-10-29 01:44:43
 1  0      0 2471568  28604 548164    0    0     0     4  789 1701 62 38  0  0  0 2019-10-29 01:44:48
 2  0      0 2470424  28612 548212    0    0     0    13  812 1821 64 36  0  0  0 2019-10-29 01:44:53
 3  0      0 2472520  28620 548268    0    0     0     3  824 1877 58 42  0  0  0 2019-10-29 01:44:58
 1  0      0 2470992  28628 548320    0    0     0    56  770 1655 63 37  0  0  0 2019-10-29 01:45:03
 3  0      0 2472480  28636 548364    0    0     0     3  767 1739 60 40  0  0  0 2019-10-29 01:45:08
 1  0      0 2470312  28644 548408    0    0     0     3  735 1565 60 40  0  0  0 2019-10-29 01:45:13
 1  0      0 2471688  28652 548452    0    0     0     3  744 1600 57 43  0  0  0 2019-10-29 01:45:18
 1  0      0 2470120  28660 548512    0    0     0    44  767 1708 59 41  0  0  0 2019-10-29 01:45:23
 1  0      0 2472036  28668 548564    0    0     0     3  810 1859 58 42  0  0  0 2019-10-29 01:45:28
 1  0      0 2470384  28676 548608    0    0     0     3  742 1642 59 41  0  0  0 2019-10-29 01:45:33
 1  0      0 2472492  28684 548656    0    0     0     3  794 1819 60 40  0  0  0 2019-10-29 01:45:38
 1  0      0 2471212  28692 548704    0    0     0     3  797 1730 56 44  0  0  0 2019-10-29 01:45:43
 1  0      0 2469268  28700 548768    0    0     0     8  784 1760 57 43  0  0  0 2019-10-29 01:45:48
 1  0      0 2471164  28708 548816    0    0     0    56  775 1740 55 45  0  0  0 2019-10-29 01:45:53
procs -----------memory---------- ---swap-- -----io---- -system-- ------cpu----- -----timestamp-----
 r  b   swpd   free   buff  cache   si   so    bi    bo   in   cs us sy id wa st                 UTC
 1  0      0 2469960  28716 548876    0    0     0    13  802 1835 61 39  0  0  0 2019-10-29 01:45:58
 1  0      0 2471696  28724 548920    0    0     0     3  768 1737 60 40  0  0  0 2019-10-29 01:46:03
 3  0      0 2470104  28732 548960    0    0     0     3  749 1669 60 40  0  0  0 2019-10-29 01:46:08
 1  0      0 2471840  28732 549016    0    0     0     0  768 1647 61 39  0  0  0 2019-10-29 01:46:13
 1  0      0 2470628  28740 549072    0    0     0     3  804 1797 59 41  0  0  0 2019-10-29 01:46:18
 1  0      0 2469604  28748 549132    0    0     0    55  815 1800 57 43  0  0  0 2019-10-29 01:46:23
 1  0      0 2471204  28756 549188    0    0     0     6  736 1689 57 43  0  0  0 2019-10-29 01:46:28
 1  0      0 2469996  28764 549236    0    0     0     7  809 1780 60 40  0  0  0 2019-10-29 01:46:33
 1  0      0 2468876  28772 549284    0    0     0     3  785 1730 57 43  0  0  0 2019-10-29 01:46:38
 1  0      0 2470704  28780 549336    0    0     0     3  794 1724 59 41  0  0  0 2019-10-29 01:46:43
 1  0      0 2469552  28788 549392    0    0     0     3  772 1767 61 39  0  0  0 2019-10-29 01:46:48
 1  0      0 2470996  28796 549456    0    0     0    55  790 1797 59 41  0  0  0 2019-10-29 01:46:53
 2  0      0 2469820  28804 549504    0    0     0     9  795 1796 60 40  0  0  0 2019-10-29 01:46:58
 1  0      0 2468516  28812 549556    0    0     0     3  755 1731 60 40  0  0  0 2019-10-29 01:47:03
 1  0      0 2470064  28820 549612    0    0     0     5  770 1664 59 41  0  0  0 2019-10-29 01:47:08
 1  0      0 2469208  28828 549656    0    0     0     9  835 1821 58 42  0  0  0 2019-10-29 01:47:13
 1  0      0 2468128  28836 549708    0    0     0     3  797 1838 61 39  0  0  0 2019-10-29 01:47:18
 1  0      0 2469568  28844 549764    0    0     0     3  745 1697 59 41  0  0  0 2019-10-29 01:47:23
 1  0      0 2468356  28852 549824    0    0     0    58  808 1855 57 43  0  0  0 2019-10-29 01:47:28
 1  0      0 2470184  28860 549876    0    0     0     3  809 1793 58 42  0  0  0 2019-10-29 01:47:33
 1  0      0 2469288  28868 549924    0    0     0     3  840 1880 57 43  0  0  0 2019-10-29 01:47:38
procs -----------memory---------- ---swap-- -----io---- -system-- ------cpu----- -----timestamp-----
 r  b   swpd   free   buff  cache   si   so    bi    bo   in   cs us sy id wa st                 UTC
 3  0      0 2468008  28876 549984    0    0     0     8  749 1658 62 38  0  0  0 2019-10-29 01:47:43
 2  0      0 2470212  28884 550040    0    0     0     6  851 1944 62 38  0  0  0 2019-10-29 01:47:48
 2  0      0 2469064  28892 550084    0    0     0     3  802 1865 59 41  0  0  0 2019-10-29 01:47:53
 1  0      0 2468072  28900 550148    0    0     0    60  805 1847 58 42  0  0  0 2019-10-29 01:47:58
 1  0      0 2469484  28908 550216    0    0     0     8  770 1785 58 42  0  0  0 2019-10-29 01:48:03
 1  0      0 2468188  28916 550252    0    0     0     3  768 1757 59 41  0  0  0 2019-10-29 01:48:08
 1  0      0 2467204  28924 550300    0    0     0     3  808 1817 60 40  0  0  0 2019-10-29 01:48:13
 1  0      0 2469444  28932 550364    0    0     0    48  834 1920 61 39  0  0  0 2019-10-29 01:48:18
 1  0      0 2468364  28940 550416    0    0     0     3  787 1787 59 41  0  0  0 2019-10-29 01:48:23
 1  0      0 2467220  28948 550472    0    0     0     3  778 1768 58 42  0  0  0 2019-10-29 01:48:28
 1  0      0 2469140  28956 550520    0    0     0     3  792 1789 56 44  0  0  0 2019-10-29 01:48:33
 1  0      0 2467960  28964 550572    0    0     0     3  801 1762 54 46  0  0  0 2019-10-29 01:48:38
 1  0      0 2469848  28972 550628    0    0     0     3  766 1765 58 42  0  0  0 2019-10-29 01:48:43
 2  0      0 2468864  28980 550692    0    0     0    59  801 1855 58 42  0  0  0 2019-10-29 01:48:48
 1  0      0 2467864  28988 550744    0    0     0     7  818 1809 57 43  0  0  0 2019-10-29 01:48:53
 1  0      0 2469912  28996 550796    0    0     0     3  791 1830 59 41  0  0  0 2019-10-29 01:48:58
 1  0      0 2468664  29004 550844    0    0     0     3  782 1745 58 42  0  0  0 2019-10-29 01:49:03
 1  0      0 2467164  29012 550912    0    0     0     8  793 1802 56 44  0  0  0 2019-10-29 01:49:08
 2  0      0 2469156  29020 550944    0    0     0     3  796 1762 60 40  0  0  0 2019-10-29 01:49:13
 1  0      0 2467692  29028 551012    0    0     0    65  747 1670 58 42  0  0  0 2019-10-29 01:49:18
 1  0      0 2466644  29036 551064    0    0     0     3  789 1840 59 41  0  0  0 2019-10-29 01:49:23
procs -----------memory---------- ---swap-- -----io---- -system-- ------cpu----- -----timestamp-----
 r  b   swpd   free   buff  cache   si   so    bi    bo   in   cs us sy id wa st                 UTC
 2  0      0 3134964  29044 409828    0    0     0     5  696 1521 61 39  0  0  0 2019-10-29 01:49:28
 2  0      0 3151652  29056 375152    0    0     0    31  282  280 57 43  0  0  0 2019-10-29 01:49:33
 2  0      0 3117056  29064 375156    0    0     0    66  282  525 57 43  0  0  0 2019-10-29 01:49:38
 3  0      0 3098532  29072 375160    0    0     0     3  298  731 60 40  0  0  0 2019-10-29 01:49:43
 1  0      0 3043784  29072 375160    0    0     0     0  312  498 60 40  0  0  0 2019-10-29 01:49:48
 1  0      0 3043784  29080 375124    0    0     0     8  298  106 58 42  0  0  0 2019-10-29 01:49:53
 1  0      0 3043784  29088 375116    0    0     0     2  298  109 57 43  0  0  0 2019-10-29 01:49:58
 1  0      0 3043816  29088 375116    0    0     0     0  300  127 57 43  0  0  0 2019-10-29 01:50:03
 2  0      0 2807712  29096 537536    0    0     0 24270  851 6571 56 44  0  0  0 2019-10-29 01:50:08
 3  0      0 2643196  29104 620884    0    0     0    30  377  539 59 41  0  0  0 2019-10-29 01:50:13
 3  0      0 2537640  29112 650956    0    0     0   375  300  347 63 37  0  0  0 2019-10-29 01:50:18
 5  0      0 2480616  29120 656868    0    0     0  6366  321  515 64 36  0  0  0 2019-10-29 01:50:23
 4  0      0 2475812  29128 661008    0    0     0     3  298  434 62 38  0  0  0 2019-10-29 01:50:28
 3  0      0 2456904  29136 665416    0    0     0     3  304  323 66 34  0  0  0 2019-10-29 01:50:33
 3  0      0 2459364  29144 670168    0    0     0     3  300  271 67 33  0  0  0 2019-10-29 01:50:38
 1  0      0 2461848  29152 671740    0    0     0 24274  393  257 59 41  0  0  0 2019-10-29 01:50:43
 1  0      0 2461960  29152 671748    0    0     0    23  301  112 57 43  0  0  0 2019-10-29 01:50:48
 1  0      0 2461996  29160 671744    0    0     0     4  300  111 55 45  0  0  0 2019-10-29 01:50:53
 1  0      0 2461996  29168 671744    0    0     0     5  300  109 57 43  0  0  0 2019-10-29 01:50:58
 1  0      0 2462152  29176 671740    0    0     0     2  302  114 55 45  0  0  0 2019-10-29 01:51:03
 1  0      0 2462152  29176 671740    0    0     0     0  299  109 56 44  0  0  0 2019-10-29 01:51:08
procs -----------memory---------- ---swap-- -----io---- -system-- ------cpu----- -----timestamp-----
 r  b   swpd   free   buff  cache   si   so    bi    bo   in   cs us sy id wa st                 UTC
 1  0      0 2462028  29184 671744    0    0     0     8  300  109 55 45  0  0  0 2019-10-29 01:51:13
 1  0      0 2462028  29192 671748    0    0     0  3135  312  119 53 47  0  0  0 2019-10-29 01:51:18
 1  0      0 2462052  29200 671752    0    0     0    14  302  143 56 44  0  0  0 2019-10-29 01:51:23
 1  0      0 2462060  29200 671752    0    0     0     1  299  109 55 45  0  0  0 2019-10-29 01:51:28
 1  0      0 2462108  29208 671748    0    0     0     2  303  112 57 43  0  0  0 2019-10-29 01:51:33
 1  0      0 2462116  29216 671744    0    0     0     2  299  112 58 42  0  0  0 2019-10-29 01:51:38
 1  0      0 2462372  29216 671748    0    0     0     6  299  108 59 41  0  0  0 2019-10-29 01:51:43
 2  0      0 2410016  29224 671768    0    0     0     2  355  567 62 38  0  0  0 2019-10-29 01:51:48
 1  0      0 2409932  29232 671756    0    0     0    13  299  144 59 41  0  0  0 2019-10-29 01:51:53
 1  0      0 2409932  29240 671760    0    0     0    21  300  110 56 44  0  0  0 2019-10-29 01:51:58
 1  0      0 2409996  29240 671752    0    0     0     1  302  113 56 44  0  0  0 2019-10-29 01:52:03
 1  0      0 2403276  29248 671752    0    0     0     2  329  132 58 42  0  0  0 2019-10-29 01:52:08
 1  0      0 2403276  29256 671752    0    0     0     8  300  110 54 46  0  0  0 2019-10-29 01:52:13
 1  0      0 2403276  29256 671756    0    0     0     2  299  109 54 46  0  0  0 2019-10-29 01:52:18
 1  0      0 2402912  29264 671756    0    0     0     5  303  133 54 46  0  0  0 2019-10-29 01:52:23
 1  0      0 2402532  29272 671764    0    0     0     2  301  143 56 44  0  0  0 2019-10-29 01:52:28
 1  0      0 2402604  29280 671748    0    0     0    10  302  116 57 43  0  0  0 2019-10-29 01:52:33
 1  0      0 2402612  29280 671752    0    0     0     1  299  111 57 43  0  0  0 2019-10-29 01:52:38
 2  0      0 2402620  29288 671752    0    0     0     8  300  112 57 43  0  0  0 2019-10-29 01:52:43
 1  0      0 2402636  29296 671748    0    0     0     2  301  113 57 43  0  0  0 2019-10-29 01:52:48
 1  0      0 2402644  29296 671748    0    0     0     0  300  111 56 44  0  0  0 2019-10-29 01:52:53
procs -----------memory---------- ---swap-- -----io---- -system-- ------cpu----- -----timestamp-----
 r  b   swpd   free   buff  cache   si   so    bi    bo   in   cs us sy id wa st                 UTC
 1  0      0 2402636  29304 671756    0    0     0     2  302  118 54 46  0  0  0 2019-10-29 01:52:58
 1  0      0 2402708  29312 671748    0    0     0     2  303  118 56 44  0  0  0 2019-10-29 01:53:03
 1  0      0 2402708  29312 671752    0    0     0     6  299  112 56 44  0  0  0 2019-10-29 01:53:08
 2  0      0 2402828  29320 671752    0    0     0     8  312  191 57 43  0  0  0 2019-10-29 01:53:13
 2  0      0 2402044  29328 671780    0    0     0    15  352  551 64 36  0  0  0 2019-10-29 01:53:18
 1  0      0 2401676  29336 671780    0    0     0    16  310  242 63 37  0  0  0 2019-10-29 01:53:23
 3  0      0 2399436  29344 671788    0    0     0    10  322  288 58 42  0  0  0 2019-10-29 01:53:28
 1  0      0 2378096  29352 671776    0    0     0    10  312  247 57 43  0  0  0 2019-10-29 01:53:33
 1  0      0 2374860  29352 671812    0    0     0     0  381  538 59 41  0  0  0 2019-10-29 01:53:38
 2  0      0 2374196  29360 671832    0    0     0    51  457  731 62 38  0  0  0 2019-10-29 01:53:43
 1  0      0 2372992  29368 671840    0    0     0    26  508  901 62 38  0  0  0 2019-10-29 01:53:48
 1  0      0 2375140  29376 671856    0    0     0    10  506  858 59 41  0  0  0 2019-10-29 01:53:53
 3  0      0 2374384  29384 671872    0    0     0    12  507  895 60 40  0  0  0 2019-10-29 01:53:58
 1  0      0 2375092  29392 671892    0    0     0    10  521  965 61 39  0  0  0 2019-10-29 01:54:03
 2  0      0 2365796  29400 671924    0    0     0    15  555 1056 63 37  0  0  0 2019-10-29 01:54:08
 2  0      0 2364280  29408 671936    0    0     0    11  562 1062 61 39  0  0  0 2019-10-29 01:54:13
 2  0      0 2362640  29416 671960    0    0     0    16  543 1055 62 38  0  0  0 2019-10-29 01:54:18
 3  0      0 2364324  29424 671976    0    0     0    61  565 1073 62 38  0  0  0 2019-10-29 01:54:23
 1  0      0 2363344  29432 671992    0    0     0     3  583 1077 57 43  0  0  0 2019-10-29 01:54:28
 1  0      0 2362156  29440 672000    0    0     0     3  610 1211 61 39  0  0  0 2019-10-29 01:54:33
 3  0      0 2358548  29448 672020    0    0     0     3  595 1185 62 38  0  0  0 2019-10-29 01:54:38
procs -----------memory---------- ---swap-- -----io---- -system-- ------cpu----- -----timestamp-----
 r  b   swpd   free   buff  cache   si   so    bi    bo   in   cs us sy id wa st                 UTC
 3  0      0 2357660  29456 672048    0    0     0     3  606 1212 58 42  0  0  0 2019-10-29 01:54:43
 1  0      0 2357324  29464 672072    0    0     0    14  587 1192 61 39  0  0  0 2019-10-29 01:54:48
 1  0      0 2356852  29472 672096    0    0     0    34  572 1177 58 42  0  0  0 2019-10-29 01:54:53
 1  0      0 2359492  29480 672120    0    0     0    18  595 1232 57 43  0  0  0 2019-10-29 01:54:58
 2  0      0 2358728  29488 672132    0    0     0     3  590 1181 60 40  0  0  0 2019-10-29 01:55:03
 2  0      0 2358540  29496 672152    0    0     0     3  608 1230 59 41  0  0  0 2019-10-29 01:55:08
 1  0      0 2358100  29504 672184    0    0     0    30  615 1232 58 42  0  0  0 2019-10-29 01:55:13
 1  0      0 2357588  29512 672212    0    0     0     3  614 1186 61 39  0  0  0 2019-10-29 01:55:18
 1  0      0 2357224  29520 672228    0    0     0     3  628 1299 60 40  0  0  0 2019-10-29 01:55:23
 1  0      0 2345504  29528 672244    0    0     0     3  637 1344 60 40  0  0  0 2019-10-29 01:55:28
 1  0      0 2345704  29536 672268    0    0     0     3  643 1282 57 43  0  0  0 2019-10-29 01:55:33
 3  0      0 2346252  29544 672292    0    0     0     3  697 1444 58 42  0  0  0 2019-10-29 01:55:38
 1  0      0 2343344  29552 672328    0    0     0    40  650 1386 59 41  0  0  0 2019-10-29 01:55:43
 2  0      0 2343512  29560 672352    0    0     0     6  666 1376 60 40  0  0  0 2019-10-29 01:55:48
 3  0      0 2342832  29568 672384    0    0     0     8  631 1372 59 41  0  0  0 2019-10-29 01:55:53
 1  0      0 2343484  29576 672400    0    0     0     3  723 1461 58 42  0  0  0 2019-10-29 01:55:58
 1  0      0 2343976  29584 672424    0    0     0     3  692 1366 58 42  0  0  0 2019-10-29 01:56:03
 1  0      0 2344792  29592 672456    0    0     0     3  704 1451 59 41  0  0  0 2019-10-29 01:56:08
 1  0      0 2341980  29600 672488    0    0     0    44  660 1361 58 42  0  0  0 2019-10-29 01:56:13
 2  0      0 2342816  29608 672516    0    0     0     9  711 1439 61 39  0  0  0 2019-10-29 01:56:18
 2  0      0 2343396  29616 672544    0    0     0     5  690 1336 60 40  0  0  0 2019-10-29 01:56:23
procs -----------memory---------- ---swap-- -----io---- -system-- ------cpu----- -----timestamp-----
 r  b   swpd   free   buff  cache   si   so    bi    bo   in   cs us sy id wa st                 UTC
 1  0      0 2343696  29624 672576    0    0     0     3  641 1304 58 42  0  0  0 2019-10-29 01:56:28
 1  0      0 2344016  29632 672600    0    0     0    35  646 1262 59 41  0  0  0 2019-10-29 01:56:33
 1  0      0 2340948  29640 672628    0    0     0     3  643 1331 61 39  0  0  0 2019-10-29 01:56:38
 1  0      0 2341496  29648 672656    0    0     0     3  676 1434 58 42  0  0  0 2019-10-29 01:56:43
 2  0      0 2342204  29656 672692    0    0     0    34  704 1441 59 41  0  0  0 2019-10-29 01:56:48
 2  0      0 2343356  29664 672728    0    0     0     5  729 1531 58 42  0  0  0 2019-10-29 01:56:53
 1  0      0 2340124  29672 672840    0    0     0    16  652 1358 58 42  0  0  0 2019-10-29 01:56:58
 1  0      0 2341348  29680 672860    0    0     0    12  743 1592 60 40  0  0  0 2019-10-29 01:57:03
 3  0      0 2342072  29688 672884    0    0     0     3  704 1492 60 40  0  0  0 2019-10-29 01:57:08
 1  0      0 2341180  29696 672908    0    0     0     3  632 1265 62 38  0  0  0 2019-10-29 01:57:13
 2  0      0 2339112  29704 672952    0    0     0    62  740 1513 60 40  0  0  0 2019-10-29 01:57:18
 1  0      0 2340200  29712 673004    0    0     0     9  742 1546 57 43  0  0  0 2019-10-29 01:57:23
 3  0      0 2340760  29720 673048    0    0     0     7  741 1553 61 39  0  0  0 2019-10-29 01:57:28
 1  0      0 2338588  29728 673080    0    0     0     6  731 1533 60 40  0  0  0 2019-10-29 01:57:33
 1  0      0 2339488  29736 673124    0    0     0     3  729 1491 57 43  0  0  0 2019-10-29 01:57:38
 2  0      0 2340776  29744 673172    0    0     0     3  755 1552 57 43  0  0  0 2019-10-29 01:57:43
 1  0      0 2338696  29752 673212    0    0     0     3  721 1511 60 40  0  0  0 2019-10-29 01:57:48
 1  0      0 2339912  29760 673264    0    0     0    50  738 1546 57 43  0  0  0 2019-10-29 01:57:53
 2  0      0 2340684  29768 673308    0    0     0    14  692 1431 59 41  0  0  0 2019-10-29 01:57:58
 1  0      0 2338512  29776 673352    0    0     0     4  767 1623 59 41  0  0  0 2019-10-29 01:58:03
 2  0      0 2339996  29784 673388    0    0     0     8  796 1712 61 39  0  0  0 2019-10-29 01:58:08
procs -----------memory---------- ---swap-- -----io---- -system-- ------cpu----- -----timestamp-----
 r  b   swpd   free   buff  cache   si   so    bi    bo   in   cs us sy id wa st                 UTC
 1  0      0 2338084  29792 673436    0    0     0     3  713 1538 61 39  0  0  0 2019-10-29 01:58:13
 2  0      0 2339596  29800 673480    0    0     0     3  763 1668 65 35  0  0  0 2019-10-29 01:58:18
 2  0      0 2338104  29808 673540    0    0     0    53  792 1670 63 37  0  0  0 2019-10-29 01:58:23
 1  0      0 2339136  29816 673584    0    0     0     3  691 1501 59 41  0  0  0 2019-10-29 01:58:28
 1  0      0 2337728  29824 673628    0    0     0    13  785 1732 59 41  0  0  0 2019-10-29 01:58:33
 1  0      0 2339332  29832 673672    0    0     0     4  791 1716 62 38  0  0  0 2019-10-29 01:58:38
 1  0      0 2337476  29840 673720    0    0     0     3  704 1593 57 43  0  0  0 2019-10-29 01:58:43
 2  0      0 2338832  29848 673768    0    0     0     3  794 1736 57 43  0  0  0 2019-10-29 01:58:48
 2  0      0 2337584  29856 673824    0    0     0    54  804 1776 57 43  0  0  0 2019-10-29 01:58:53
 1  0      0 2339024  29864 673868    0    0     0     3  751 1682 60 40  0  0  0 2019-10-29 01:58:58
 1  0      0 2337680  29872 673928    0    0     0     3  784 1734 59 41  0  0  0 2019-10-29 01:59:03
 2  0      0 2339188  29880 673968    0    0     0     6  761 1693 59 41  0  0  0 2019-10-29 01:59:08
 1  0      0 2337432  29888 674012    0    0     0     9  789 1767 57 43  0  0  0 2019-10-29 01:59:13
 1  0      0 2339072  29896 674060    0    0     0    54  765 1658 61 39  0  0  0 2019-10-29 01:59:18
 1  0      0 2337544  29904 674108    0    0     0     3  764 1650 59 41  0  0  0 2019-10-29 01:59:23
 1  0      0 2339160  29912 674156    0    0     0     3  766 1729 59 41  0  0  0 2019-10-29 01:59:28
 1  0      0 2337536  29920 674192    0    0     0     3  744 1646 62 38  0  0  0 2019-10-29 01:59:33
 1  0      0 2338500  29928 674244    0    0     0     3  724 1632 61 39  0  0  0 2019-10-29 01:59:38
 1  0      0 2337508  29936 674300    0    0     0     3  816 1825 59 41  0  0  0 2019-10-29 01:59:43
 1  0      0 2339112  29944 674352    0    0     0    57  760 1685 58 42  0  0  0 2019-10-29 01:59:48
 2  0      0 2337800  29944 674416    0    0     0     4  778 1759 60 40  0  0  0 2019-10-29 01:59:53
procs -----------memory---------- ---swap-- -----io---- -system-- ------cpu----- -----timestamp-----
 r  b   swpd   free   buff  cache   si   so    bi    bo   in   cs us sy id wa st                 UTC
 2  0      0 2336012  29952 674464    0    0     0     6  793 1734 59 41  0  0  0 2019-10-29 01:59:58
 1  0      0 2337492  29960 674504    0    0     0     3  737 1652 60 40  0  0  0 2019-10-29 02:00:03
 3  0      0 2338836  29968 674544    0    0     0     3  731 1600 58 42  0  0  0 2019-10-29 02:00:08
 2  0      0 2337364  29976 674596    0    0     0     3  774 1725 59 41  0  0  0 2019-10-29 02:00:13
 1  0      0 2338396  29984 674648    0    0     0    53  741 1675 60 40  0  0  0 2019-10-29 02:00:18
 1  0      0 2336872  29992 674696    0    0     0    10  772 1686 56 44  0  0  0 2019-10-29 02:00:24
 1  0      0 2335844  30000 674748    0    0     0    12  793 1804 58 42  0  0  0 2019-10-29 02:00:28
 2  0      0 2337492  30008 674796    0    0     0     3  758 1741 58 42  0  0  0 2019-10-29 02:00:33
 1  0      0 2336116  30016 674844    0    0     0     3  767 1711 57 43  0  0  0 2019-10-29 02:00:38
 1  0      0 2337876  30024 674908    0    0     0    49  780 1746 62 38  0  0  0 2019-10-29 02:00:43
 1  0      0 2335736  30032 674944    0    0     0     8  694 1516 56 44  0  0  0 2019-10-29 02:00:48
 1  0      0 2336988  30040 674992    0    0     0     3  739 1587 58 42  0  0  0 2019-10-29 02:00:53
 1  0      0 2338524  30048 675032    0    0     0     3  756 1654 58 42  0  0  0 2019-10-29 02:00:58
 1  0      0 2336704  30056 675076    0    0     0     3  735 1570 61 39  0  0  0 2019-10-29 02:01:03
 1  0      0 2337900  30064 675124    0    0     0     3  766 1696 58 42  0  0  0 2019-10-29 02:01:08
 3  0      0 2336716  30072 675176    0    0     0    52  786 1786 60 40  0  0  0 2019-10-29 02:01:13
 2  0      0 2335372  30080 675232    0    0     0     6  798 1744 59 41  0  0  0 2019-10-29 02:01:18
 1  0      0 2336812  30088 675280    0    0     0    10  718 1659 57 43  0  0  0 2019-10-29 02:01:23
 1  0      0 2335248  30096 675324    0    0     0     4  781 1732 60 40  0  0  0 2019-10-29 02:01:28
 2  0      0 2337336  30104 675372    0    0     0     8  816 1786 57 43  0  0  0 2019-10-29 02:01:34
 1  0      0 2335712  30112 675420    0    0     0     3  753 1677 58 42  0  0  0 2019-10-29 02:01:39
procs -----------memory---------- ---swap-- -----io---- -system-- ------cpu----- -----timestamp-----
 r  b   swpd   free   buff  cache   si   so    bi    bo   in   cs us sy id wa st                 UTC
 3  0      0 2337256  30120 675468    0    0     0     3  746 1684 59 41  0  0  0 2019-10-29 02:01:44
 1  0      0 2335960  30128 675528    0    0     0    56  784 1763 59 41  0  0  0 2019-10-29 02:01:49
 1  0      0 2337048  30136 675572    0    0     0     3  706 1582 61 39  0  0  0 2019-10-29 02:01:54
 2  0      0 2335552  30144 675616    0    0     0    11  784 1788 57 43  0  0  0 2019-10-29 02:01:59
 1  0      0 2337408  30152 675672    0    0     0     3  776 1767 60 40  0  0  0 2019-10-29 02:02:04
 1  0      0 2336512  30160 675724    0    0     0     3  832 1901 58 42  0  0  0 2019-10-29 02:02:09
 4  0      0 2335016  30168 675784    0    0     0    52  744 1698 62 38  0  0  0 2019-10-29 02:02:14
 1  0      0 2337128  30176 675840    0    0     0     3  848 1911 59 41  0  0  0 2019-10-29 02:02:19
 1  0      0 2336080  30184 675880    0    0     0     3  794 1780 58 42  0  0  0 2019-10-29 02:02:24
 3  0      0 2334832  30192 675936    0    0     0     3  791 1764 59 41  0  0  0 2019-10-29 02:02:29
 1  0      0 2336204  30200 675988    0    0     0     3  745 1692 57 43  0  0  0 2019-10-29 02:02:34
 1  0      0 2335124  30208 676048    0    0     0     8  799 1837 57 43  0  0  0 2019-10-29 02:02:39
 1  0      0 2337308  30216 676116    0    0     0    59  816 1877 58 42  0  0  0 2019-10-29 02:02:44
 1  0      0 2336396  30224 676168    0    0     0    14  824 1819 59 41  0  0  0 2019-10-29 02:02:49
 1  0      0 2335192  30232 676216    0    0     0     3  793 1836 60 40  0  0  0 2019-10-29 02:02:54
 1  0      0 2337120  30240 676260    0    0     0     3  781 1779 59 41  0  0  0 2019-10-29 02:02:59
 1  0      0 2336064  30248 676320    0    0     0     3  804 1846 59 41  0  0  0 2019-10-29 02:03:04
 1  0      0 2335232  30256 676372    0    0     0     3  825 1905 58 42  0  0  0 2019-10-29 02:03:09
 1  0      0 2337056  30264 676432    0    0     0    59  760 1769 57 43  0  0  0 2019-10-29 02:03:14
 2  0      0 2335968  30272 676488    0    0     0     3  792 1834 57 43  0  0  0 2019-10-29 02:03:19
 1  0      0 2334660  30280 676540    0    0     0     9  795 1789 59 41  0  0  0 2019-10-29 02:03:24
procs -----------memory---------- ---swap-- -----io---- -system-- ------cpu----- -----timestamp-----
 r  b   swpd   free   buff  cache   si   so    bi    bo   in   cs us sy id wa st                 UTC
 1  0      0 2336524  30288 676592    0    0     0     3  818 1832 60 40  0  0  0 2019-10-29 02:03:29
 1  0      0 2335404  30296 676652    0    0     0     3  789 1828 58 42  0  0  0 2019-10-29 02:03:34
 1  0      0 2334316  30304 676700    0    0     0     3  792 1830 60 40  0  0  0 2019-10-29 02:03:39
 1  0      0 2336268  30312 676760    0    0     0    63  818 1875 58 42  0  0  0 2019-10-29 02:03:44
 1  0      0 2335316  30320 676820    0    0     0     3  821 1913 61 39  0  0  0 2019-10-29 02:03:49
 1  0      0 2334364  30328 676872    0    0     0     4  799 1857 63 37  0  0  0 2019-10-29 02:03:54
 2  0      0 2335876  30336 676916    0    0     0    14  744 1724 59 41  0  0  0 2019-10-29 02:03:59
 1  0      0 2334408  30344 676964    0    0     0     3  767 1714 59 41  0  0  0 2019-10-29 02:04:04
 1  0      0 2333384  30352 677024    0    0     0     3  816 1822 57 43  0  0  0 2019-10-29 02:04:09
 1  0      0 2335560  30360 677076    0    0     0    59  819 1908 57 43  0  0  0 2019-10-29 02:04:14
 1  0      0 2334540  30360 677140    0    0     0     0  835 1841 58 42  0  0  0 2019-10-29 02:04:19
 1  0      0 2333648  30368 677200    0    0     0     3  864 1932 57 43  0  0  0 2019-10-29 02:04:24
 1  0      0 2335760  30376 677244    0    0     0     4  818 1754 58 42  0  0  0 2019-10-29 02:04:29
 1  0      0 2334260  30384 677300    0    0     0    48  761 1717 59 41  0  0  0 2019-10-29 02:04:34
 1  0      0 2332884  30392 677356    0    0     0     6  793 1772 60 40  0  0  0 2019-10-29 02:04:39
 1  0      0 2335164  30400 677412    0    0     0     3  822 1874 57 43  0  0  0 2019-10-29 02:04:44
 1  0      0 2334020  30408 677464    0    0     0     3  830 1927 57 43  0  0  0 2019-10-29 02:04:49
 1  0      0 2333260  30416 677512    0    0     0     8  822 1928 58 42  0  0  0 2019-10-29 02:04:54
 1  0      0 2335504  30424 677572    0    0     0     3  799 1859 57 43  0  0  0 2019-10-29 02:04:59
 1  0      0 2334200  30432 677628    0    0     0     3  776 1737 57 43  0  0  0 2019-10-29 02:05:04
 1  0      0 2333032  30440 677684    0    0     0    62  799 1780 59 41  0  0  0 2019-10-29 02:05:09
procs -----------memory---------- ---swap-- -----io---- -system-- ------cpu----- -----timestamp-----
 r  b   swpd   free   buff  cache   si   so    bi    bo   in   cs us sy id wa st                 UTC
 2  0      0 2334796  30448 677740    0    0     0    10  763 1790 58 42  0  0  0 2019-10-29 02:05:14
 5  0      0 2333612  30456 677784    0    0     0     3  786 1823 58 42  0  0  0 2019-10-29 02:05:19
 1  0      0 2332880  30464 677840    0    0     0     3  861 1951 58 42  0  0  0 2019-10-29 02:05:24
 1  0      0 2335016  30472 677896    0    0     0     3  807 1846 56 44  0  0  0 2019-10-29 02:05:29
 1  0      0 2333872  30480 677956    0    0     0     3  775 1771 57 43  0  0  0 2019-10-29 02:05:34
 1  0      0 2332628  30488 678016    0    0     0    59  791 1843 56 44  0  0  0 2019-10-29 02:05:39
 1  0      0 2334868  30496 678072    0    0     0     6  812 1826 60 40  0  0  0 2019-10-29 02:05:44
 1  0      0 2333880  30504 678132    0    0     0     7  821 1900 59 41  0  0  0 2019-10-29 02:05:49
 1  0      0 2332508  30512 678172    0    0     0     3  782 1770 59 41  0  0  0 2019-10-29 02:05:54
 3  0      0 2334400  30520 678224    0    0     0     8  786 1799 57 43  0  0  0 2019-10-29 02:05:59
 5  0      0 2404396  30528 606108    0    0     0     3  716 1577 61 39  0  0  0 2019-10-29 02:06:04
 2  0      0 3026652  30540 505044    0    0     0    78  284  239 58 42  0  0  0 2019-10-29 02:06:09
 2  0      0 2985360  30548 505024    0    0     0    35  298  611 60 40  0  0  0 2019-10-29 02:06:14
 2  0      0 2968456  30556 505048    0    0     0     4  298  672 62 38  0  0  0 2019-10-29 02:06:19
 1  0      0 2911408  30556 505036    0    0     0     1  312  587 62 38  0  0  0 2019-10-29 02:06:24
 1  0      0 2911408  30564 505028    0    0     0     8  299  109 57 43  0  0  0 2019-10-29 02:06:29
 1  0      0 2911408  30572 505008    0    0     0     2  300  109 56 44  0  0  0 2019-10-29 02:06:34
 1  0      0 2911408  30572 505012    0    0     0     5  299  124 59 41  0  0  0 2019-10-29 02:06:39
 3  0      0 2672972  30580 669776    0    0     0 24265  840 6645 56 44  0  0  0 2019-10-29 02:06:44
 3  0      0 2522004  30588 750692    0    0     0    42  380  511 60 40  0  0  0 2019-10-29 02:06:49
 4  0      0 2397472  30596 785340    0    0     0  6728  322  404 65 35  0  0  0 2019-10-29 02:06:54
procs -----------memory---------- ---swap-- -----io---- -system-- ------cpu----- -----timestamp-----
 r  b   swpd   free   buff  cache   si   so    bi    bo   in   cs us sy id wa st                 UTC
 4  0      0 2351912  30604 788224    0    0     0    16  291  544 65 35  0  0  0 2019-10-29 02:06:59
 3  0      0 2346032  30612 793624    0    0     0     8  290  496 65 35  0  0  0 2019-10-29 02:07:04
 2  0      0 2348684  30620 799808    0    0     0     6  282  264 63 37  0  0  0 2019-10-29 02:07:09
 1  0      0 2351548  30628 801552    0    0     0    50  282  134 57 43  0  0  0 2019-10-29 02:07:14
 1  0      0 2351424  30636 801552    0    0     0 24224  374  180 57 43  0  0  0 2019-10-29 02:07:19
 1  0      0 2351596  30644 801552    0    0     0    27  287   94 55 45  0  0  0 2019-10-29 02:07:24
 1  0      0 2351604  30652 801552    0    0     0     7  282   94 56 44  0  0  0 2019-10-29 02:07:29
 1  0      0 2351776  30652 801552    0    0     0     0  281   89 57 43  0  0  0 2019-10-29 02:07:34
 1  0      0 2351692  30660 801552    0    0     0     5  281   93 58 42  0  0  0 2019-10-29 02:07:39
 1  0      0 2351816  30668 801552    0    0     0  3134  290   90 55 45  0  0  0 2019-10-29 02:07:44
 1  0      0 2351816  30676 801544    0    0     0     6  283   92 55 45  0  0  0 2019-10-29 02:07:49
 1  0      0 2351816  30676 801548    0    0     0     0  280   87 56 44  0  0  0 2019-10-29 02:07:54
 1  0      0 2351848  30684 801544    0    0     0     8  281   92 55 45  0  0  0 2019-10-29 02:07:59
 1  0      0 2351848  30692 801544    0    0     0     4  282   92 56 44  0  0  0 2019-10-29 02:08:04
 2  0      0 2351872  30700 801548    0    0     0    10  286  131 55 45  0  0  0 2019-10-29 02:08:09
 1  0      0 2351912  30708 801548    0    0     0     6  281   93 56 44  0  0  0 2019-10-29 02:08:14
 3  0      0 2350696  30708 801556    0    0     0     0  334  378 59 41  0  0  0 2019-10-29 02:08:19
 1  0      0 2316112  30716 801548    0    0     0     9  288  253 60 40  0  0  0 2019-10-29 02:08:24
 1  0      0 2316120  30724 801548    0    0     0    10  288  100 57 43  0  0  0 2019-10-29 02:08:29
 1  0      0 2316168  30732 801544    0    0     0     2  283   93 55 45  0  0  0 2019-10-29 02:08:34
 1  0      0 2316520  30732 801548    0    0     0    16  302  106 56 44  0  0  0 2019-10-29 02:08:39
procs -----------memory---------- ---swap-- -----io---- -system-- ------cpu----- -----timestamp-----
 r  b   swpd   free   buff  cache   si   so    bi    bo   in   cs us sy id wa st                 UTC
 1  0      0 2316808  30740 801548    0    0     0     6  293  101 57 43  0  0  0 2019-10-29 02:08:44
 1  0      0 2316808  30748 801548    0    0     0     6  286  102 55 45  0  0  0 2019-10-29 02:08:49
 1  0      0 2316840  30756 801556    0    0     0     6  283   93 56 44  0  0  0 2019-10-29 02:08:54
 1  0      0 2316840  30764 801556    0    0     0     2  286   98 57 43  0  0  0 2019-10-29 02:08:59
 1  0      0 2316872  30764 801548    0    0     0     0  281   93 56 44  0  0  0 2019-10-29 02:09:04
 1  0      0 2316872  30772 801548    0    0     0     2  284   95 55 45  0  0  0 2019-10-29 02:09:09
 1  0      0 2316872  30780 801552    0    0     0     8  282   93 57 43  0  0  0 2019-10-29 02:09:14
 1  0      0 2316244  30780 801572    0    0     0     5  286  133 57 43  0  0  0 2019-10-29 02:09:19
 1  0      0 2316408  30788 801560    0    0     0     9  285   96 54 46  0  0  0 2019-10-29 02:09:24
 1  0      0 2314664  30796 801560    0    0     0     2  312  323 56 44  0  0  0 2019-10-29 02:09:29
 3  0      0 2284480  30804 801576    0    0     0    21  329  432 62 38  0  0  0 2019-10-29 02:09:34
 2  0      0 2281876  30812 801576    0    0     0     2  282  150 63 37  0  0  0 2019-10-29 02:09:39
 1  0      0 2281200  30812 801584    0    0     0     3  308  249 56 44  0  0  0 2019-10-29 02:09:44
 1  0      0 2277704  30820 801596    0    0     0    40  329  386 60 40  0  0  0 2019-10-29 02:09:49
 3  0      0 2273916  30828 801604    0    0     0    11  395  655 59 41  0  0  0 2019-10-29 02:09:54
 2  0      0 2274280  30836 801624    0    0     0    11  465  735 61 39  0  0  0 2019-10-29 02:09:59
 1  0      0 2259136  30844 801640    0    0     0    21  422  619 61 39  0  0  0 2019-10-29 02:10:04
 3  0      0 2259924  30852 801648    0    0     0    10  479  720 59 41  0  0  0 2019-10-29 02:10:09
 1  0      0 2260188  30860 801652    0    0     0     6  353  337 58 42  0  0  0 2019-10-29 02:10:14
 2  0      0 2257820  30868 801672    0    0     0    15  507  887 60 40  0  0  0 2019-10-29 02:10:19
 1  0      0 2258352  30876 801708    0    0     0    34  539  973 61 39  0  0  0 2019-10-29 02:10:24
procs -----------memory---------- ---swap-- -----io---- -system-- ------cpu----- -----timestamp-----
 r  b   swpd   free   buff  cache   si   so    bi    bo   in   cs us sy id wa st                 UTC
 4  0      0 2255840  30884 801732    0    0     0    22  543 1012 63 37  0  0  0 2019-10-29 02:10:29
 2  0      0 2254092  30892 801744    0    0     0    29  552 1036 60 40  0  0  0 2019-10-29 02:10:34
 1  0      0 2248860  30900 801756    0    0     0    12  526  963 59 41  0  0  0 2019-10-29 02:10:39
 1  0      0 2247356  30908 801772    0    0     0    12  563 1093 59 41  0  0  0 2019-10-29 02:10:44
 1  0      0 2246384  30916 801788    0    0     0     6  586 1069 60 40  0  0  0 2019-10-29 02:10:49
 3  0      0 2245532  30924 801804    0    0     0     3  598 1177 60 40  0  0  0 2019-10-29 02:10:54
 1  0      0 2244740  30932 801828    0    0     0    35  592 1129 61 39  0  0  0 2019-10-29 02:10:59
 2  0      0 2243332  30940 801848    0    0     0    26  589 1192 58 42  0  0  0 2019-10-29 02:11:04
 3  0      0 2245304  30948 801868    0    0     0     5  576 1093 61 39  0  0  0 2019-10-29 02:11:09
 4  0      0 2244424  30956 801884    0    0     0     6  584 1210 60 40  0  0  0 2019-10-29 02:11:14
 1  0      0 2243356  30964 801900    0    0     0     6  581 1216 57 43  0  0  0 2019-10-29 02:11:19
 2  0      0 2242852  30972 801920    0    0     0     3  604 1188 59 41  0  0  0 2019-10-29 02:11:24
 2  0      0 2242068  30980 801944    0    0     0     3  588 1140 59 41  0  0  0 2019-10-29 02:11:29
 1  0      0 2241440  30988 801976    0    0     0    41  597 1199 56 44  0  0  0 2019-10-29 02:11:34
 2  0      0 2241192  30996 802000    0    0     0     5  599 1220 64 36  0  0  0 2019-10-29 02:11:39
 1  0      0 2240948  31004 802016    0    0     0     6  607 1277 62 38  0  0  0 2019-10-29 02:11:44
 1  0      0 2231004  31012 802028    0    0     0     6  577 1195 60 40  0  0  0 2019-10-29 02:11:49
 1  0      0 2230796  31020 802056    0    0     0     3  642 1255 58 42  0  0  0 2019-10-29 02:11:54
 2  0      0 2230900  31028 802080    0    0     0     3  641 1256 58 42  0  0  0 2019-10-29 02:11:59
 1  0      0 2230504  31036 802096    0    0     0     3  588 1128 59 41  0  0  0 2019-10-29 02:12:04
 1  0      0 2230412  31044 802128    0    0     0    34  624 1281 57 43  0  0  0 2019-10-29 02:12:09
procs -----------memory---------- ---swap-- -----io---- -system-- ------cpu----- -----timestamp-----
 r  b   swpd   free   buff  cache   si   so    bi    bo   in   cs us sy id wa st                 UTC
 1  0      0 2230764  31052 802152    0    0     0     8  668 1364 59 41  0  0  0 2019-10-29 02:12:14
 2  0      0 2230052  31060 802172    0    0     0     6  634 1275 60 40  0  0  0 2019-10-29 02:12:19
 1  0      0 2230500  31068 802196    0    0     0     6  652 1344 60 40  0  0  0 2019-10-29 02:12:24
 1  0      0 2230980  31076 802212    0    0     0     3  660 1347 57 43  0  0  0 2019-10-29 02:12:29
 1  0      0 2230800  31084 802240    0    0     0    40  643 1256 60 40  0  0  0 2019-10-29 02:12:34
 1  0      0 2230708  31092 802296    0    0     0     8  645 1353 60 40  0  0  0 2019-10-29 02:12:39
 2  0      0 2231356  31100 802324    0    0     0     3  698 1426 59 41  0  0  0 2019-10-29 02:12:44
 2  0      0 2228808  31108 802352    0    0     0     3  681 1424 60 40  0  0  0 2019-10-29 02:12:49
 2  0      0 2229648  31116 802392    0    0     0     3  698 1440 57 43  0  0  0 2019-10-29 02:12:54
 2  0      0 2230296  31116 802436    0    0     0     0  660 1386 58 42  0  0  0 2019-10-29 02:12:59
 1  0      0 2231200  31124 802484    0    0     0    43  719 1481 58 42  0  0  0 2019-10-29 02:13:04
 1  0      0 2228344  31132 802524    0    0     0    14  695 1426 58 42  0  0  0 2019-10-29 02:13:09
 1  0      0 2229176  31140 802568    0    0     0     6  677 1360 60 40  0  0  0 2019-10-29 02:13:14
 2  0      0 2230236  31148 802596    0    0     0     3  752 1565 58 42  0  0  0 2019-10-29 02:13:19
 1  0      0 2230940  31156 802640    0    0     0     3  666 1353 56 44  0  0  0 2019-10-29 02:13:24
 1  0      0 2228676  31164 802680    0    0     0     3  732 1569 56 44  0  0  0 2019-10-29 02:13:29
 2  0      0 2229732  31172 802732    0    0     0    46  717 1520 60 40  0  0  0 2019-10-29 02:13:34
 2  0      0 2229068  31180 802760    0    0     0     5  565 1106 58 42  0  0  0 2019-10-29 02:13:39
 2  0      0 2229868  31188 802804    0    0     0    10  671 1402 58 42  0  0  0 2019-10-29 02:13:44
 1  0      0 2227576  31196 802860    0    0     0     8  733 1631 59 41  0  0  0 2019-10-29 02:13:49
 2  0      0 2228764  31204 802884    0    0     0     3  731 1590 61 39  0  0  0 2019-10-29 02:13:54
procs -----------memory---------- ---swap-- -----io---- -system-- ------cpu----- -----timestamp-----
 r  b   swpd   free   buff  cache   si   so    bi    bo   in   cs us sy id wa st                 UTC
 1  0      0 2229504  31212 802928    0    0     0     3  683 1450 60 40  0  0  0 2019-10-29 02:13:59
 2  0      0 2227560  31220 802976    0    0     0    46  725 1535 58 42  0  0  0 2019-10-29 02:14:04
 1  0      0 2228624  31228 803016    0    0     0     5  717 1518 58 42  0  0  0 2019-10-29 02:14:09
 1  0      0 2229656  31236 803052    0    0     0     3  694 1495 59 41  0  0  0 2019-10-29 02:14:14
 2  0      0 2227864  31244 803100    0    0     0    11  738 1561 59 41  0  0  0 2019-10-29 02:14:19
 1  0      0 2228764  31252 803144    0    0     0     3  712 1499 58 42  0  0  0 2019-10-29 02:14:24
 1  0      0 2226848  31260 803188    0    0     0     3  761 1638 61 39  0  0  0 2019-10-29 02:14:29
 2  0      0 2227904  31268 803232    0    0     0    48  716 1537 63 37  0  0  0 2019-10-29 02:14:34
 1  0      0 2229380  31276 803284    0    0     0     5  763 1708 58 42  0  0  0 2019-10-29 02:14:39
 2  0      0 2227432  31284 803328    0    0     0     3  730 1613 61 39  0  0  0 2019-10-29 02:14:44
 1  0      0 2228012  31292 803368    0    0     0     4  656 1370 59 41  0  0  0 2019-10-29 02:14:49
 1  0      0 2228920  31300 803432    0    0     0    14  744 1558 59 41  0  0  0 2019-10-29 02:14:54
 1  0      0 2227552  31308 803468    0    0     0     3  783 1755 58 42  0  0  0 2019-10-29 02:14:59
 1  0      0 2228616  31316 803512    0    0     0    51  700 1497 60 40  0  0  0 2019-10-29 02:15:04
 1  0      0 2226492  31324 803564    0    0     0     5  743 1641 59 41  0  0  0 2019-10-29 02:15:09
 1  0      0 2227932  31332 803600    0    0     0     3  760 1642 59 41  0  0  0 2019-10-29 02:15:14
 2  0      0 2225980  31340 803640    0    0     0     3  697 1577 58 42  0  0  0 2019-10-29 02:15:19
 2  0      0 2227516  31348 803692    0    0     0     5  758 1683 61 39  0  0  0 2019-10-29 02:15:24
 1  0      0 2225912  31356 803744    0    0     0    52  786 1746 60 40  0  0  0 2019-10-29 02:15:29
 1  0      0 2227492  31364 803792    0    0     0     5  755 1700 56 44  0  0  0 2019-10-29 02:15:34
 2  0      0 2225832  31372 803836    0    0     0     3  769 1702 58 42  0  0  0 2019-10-29 02:15:39
procs -----------memory---------- ---swap-- -----io---- -system-- ------cpu----- -----timestamp-----
 r  b   swpd   free   buff  cache   si   so    bi    bo   in   cs us sy id wa st                 UTC
 1  0      0 2227336  31380 803884    0    0     0     3  760 1632 60 40  0  0  0 2019-10-29 02:15:44
 1  0      0 2225612  31388 803928    0    0     0     3  754 1662 60 40  0  0  0 2019-10-29 02:15:49
 1  0      0 2227404  31396 803968    0    0     0     3  774 1772 58 42  0  0  0 2019-10-29 02:15:54
 2  0      0 2225588  31404 804024    0    0     0     3  764 1731 59 41  0  0  0 2019-10-29 02:15:59
 1  0      0 2226356  31412 804084    0    0     0    62  697 1489 62 38  0  0  0 2019-10-29 02:16:04
 1  0      0 2224836  31420 804124    0    0     0    11  760 1683 59 41  0  0  0 2019-10-29 02:16:09
 1  0      0 2226604  31428 804160    0    0     0     3  775 1713 61 39  0  0  0 2019-10-29 02:16:14
 1  0      0 2225044  31436 804216    0    0     0     3  780 1794 60 40  0  0  0 2019-10-29 02:16:19
 3  0      0 2226812  31444 804260    0    0     0     3  767 1709 59 41  0  0  0 2019-10-29 02:16:24
 1  0      0 2224996  31444 804316    0    0     0     0  735 1570 61 39  0  0  0 2019-10-29 02:16:29
 4  0      0 2226660  31452 804372    0    0     0    53  768 1701 60 40  0  0  0 2019-10-29 02:16:34
 2  0      0 2225032  31460 804416    0    0     0     6  758 1732 58 42  0  0  0 2019-10-29 02:16:39
 1  0      0 2226440  31468 804464    0    0     0     6  741 1627 60 40  0  0  0 2019-10-29 02:16:44
 1  0      0 2225132  31476 804508    0    0     0     3  784 1711 56 44  0  0  0 2019-10-29 02:16:49
 1  0      0 2226604  31484 804552    0    0     0     3  746 1666 60 40  0  0  0 2019-10-29 02:16:54
 3  0      0 2225104  31492 804600    0    0     0     3  766 1755 59 41  0  0  0 2019-10-29 02:16:59
 1  0      0 2226464  31500 804676    0    0     0    54  768 1706 58 42  0  0  0 2019-10-29 02:17:04
 1  0      0 2224692  31508 804728    0    0     0    10  757 1661 58 42  0  0  0 2019-10-29 02:17:09
 2  0      0 2226236  31516 804752    0    0     0     9  752 1632 59 41  0  0  0 2019-10-29 02:17:14
 1  0      0 2224452  31524 804796    0    0     0    12  730 1553 57 43  0  0  0 2019-10-29 02:17:19
 1  0      0 2225804  31532 804844    0    0     0     3  730 1597 58 42  0  0  0 2019-10-29 02:17:24
procs -----------memory---------- ---swap-- -----io---- -system-- ------cpu----- -----timestamp-----
 r  b   swpd   free   buff  cache   si   so    bi    bo   in   cs us sy id wa st                 UTC
 1  0      0 2224120  31540 804900    0    0     0     3  755 1682 60 40  0  0  0 2019-10-29 02:17:29
 1  0      0 2225760  31548 804940    0    0     0    54  765 1670 57 43  0  0  0 2019-10-29 02:17:34
 2  0      0 2224736  31556 804996    0    0     0     5  803 1868 58 42  0  0  0 2019-10-29 02:17:39
 1  0      0 2223968  31564 805052    0    0     0     3  825 1921 57 43  0  0  0 2019-10-29 02:17:44
 1  0      0 2226220  31572 805104    0    0     0     4  836 1887 58 42  0  0  0 2019-10-29 02:17:49
 2  0      0 2225868  31580 805168    0    0     0    47  885 2054 57 43  0  0  0 2019-10-29 02:17:54
 1  0      0 2225292  31588 805228    0    0     0     5  856 2023 62 38  0  0  0 2019-10-29 02:17:59
 1  0      0 2224352  31596 805280    0    0     0     3  817 1955 60 40  0  0  0 2019-10-29 02:18:04
 1  0      0 2223332  31604 805336    0    0     0     3  807 1933 62 38  0  0  0 2019-10-29 02:18:09
 1  0      0 2225128  31612 805400    0    0     0     3  827 1946 62 38  0  0  0 2019-10-29 02:18:14
 1  0      0 2223696  31620 805448    0    0     0     8  763 1699 59 41  0  0  0 2019-10-29 02:18:19
 1  0      0 2225848  31628 805496    0    0     0    60  811 1821 55 45  0  0  0 2019-10-29 02:18:24
 1  0      0 2224296  31636 805552    0    0     0    14  745 1687 56 44  0  0  0 2019-10-29 02:18:29
 2  0      0 2223088  31644 805600    0    0     0     3  780 1717 56 44  0  0  0 2019-10-29 02:18:34
 2  0      0 2225296  31652 805664    0    0     0     3  848 1985 60 40  0  0  0 2019-10-29 02:18:39
 1  0      0 2224860  31660 805720    0    0     0     3  867 2028 60 40  0  0  0 2019-10-29 02:18:44
 1  0      0 2223996  31668 805776    0    0     0     3  812 1893 58 42  0  0  0 2019-10-29 02:18:49
 1  0      0 2223196  31676 805832    0    0     0    59  815 1926 59 41  0  0  0 2019-10-29 02:18:54
 1  0      0 2225500  31684 805896    0    0     0     6  835 1934 59 41  0  0  0 2019-10-29 02:18:59
 1  0      0 2224764  31692 805956    0    0     0     6  842 1883 60 40  0  0  0 2019-10-29 02:19:04
 2  0      0 2224268  31700 806008    0    0     0     3  851 2004 62 38  0  0  0 2019-10-29 02:19:09
procs -----------memory---------- ---swap-- -----io---- -system-- ------cpu----- -----timestamp-----
 r  b   swpd   free   buff  cache   si   so    bi    bo   in   cs us sy id wa st                 UTC
 1  0      0 2223372  31708 806064    0    0     0     3  809 1860 58 42  0  0  0 2019-10-29 02:19:14
 2  0      0 2225356  31716 806120    0    0     0     3  791 1778 60 40  0  0  0 2019-10-29 02:19:19
 1  0      0 2223460  31724 806188    0    0     0     8  777 1774 58 42  0  0  0 2019-10-29 02:19:24
 1  0      0 2223124  31732 806256    0    0     0    61  871 2043 57 43  0  0  0 2019-10-29 02:19:29
 1  0      0 2222460  31740 806300    0    0     0     3  837 1912 58 42  0  0  0 2019-10-29 02:19:34
 1  0      0 2224900  31748 806360    0    0     0     8  816 1896 59 41  0  0  0 2019-10-29 02:19:39
 2  0      0 2224716  31756 806416    0    0     0    10  881 2060 57 43  0  0  0 2019-10-29 02:19:44
 1  0      0 2223768  31764 806488    0    0     0     3  851 1955 58 42  0  0  0 2019-10-29 02:19:49
 1  0      0 2223032  31772 806528    0    0     0     3  816 1910 60 40  0  0  0 2019-10-29 02:19:54
 4  0      0 2222360  31780 806592    0    0     0    64  841 1907 61 39  0  0  0 2019-10-29 02:19:59
 1  0      0 2224344  31788 806656    0    0     0     3  767 1816 58 42  0  0  0 2019-10-29 02:20:04
 3  0      0 2223480  31796 806704    0    0     0     3  834 1867 60 40  0  0  0 2019-10-29 02:20:09
 4  0      0 2222200  31804 806752    0    0     0     5  775 1773 57 43  0  0  0 2019-10-29 02:20:14
 2  0      0 2223804  31812 806808    0    0     0    46  768 1736 59 41  0  0  0 2019-10-29 02:20:19
 1  0      0 2222980  31820 806864    0    0     0     3  805 1851 59 41  0  0  0 2019-10-29 02:20:24
 1  0      0 2221984  31828 806932    0    0     0     8  832 1982 56 44  0  0  0 2019-10-29 02:20:29
 1  0      0 2221840  31836 806972    0    0     0     3  888 2081 58 42  0  0  0 2019-10-29 02:20:34
 1  0      0 2221432  31844 807032    0    0     0     3  843 2046 61 39  0  0  0 2019-10-29 02:20:39
 1  0      0 2224128  31852 807092    0    0     0     3  857 2036 59 41  0  0  0 2019-10-29 02:20:44
 1  0      0 2223888  31860 807156    0    0     0    65  882 2069 60 40  0  0  0 2019-10-29 02:20:49
 1  0      0 2223080  31868 807220    0    0     0    10  805 1883 57 43  0  0  0 2019-10-29 02:20:54
procs -----------memory---------- ---swap-- -----io---- -system-- ------cpu----- -----timestamp-----
 r  b   swpd   free   buff  cache   si   so    bi    bo   in   cs us sy id wa st                 UTC
 1  0      0 2221580  31876 807280    0    0     0     3  787 1818 55 45  0  0  0 2019-10-29 02:20:59
 1  0      0 2221108  31884 807336    0    0     0     3  840 1972 59 41  0  0  0 2019-10-29 02:21:04
 1  0      0 2220884  31884 807400    0    0     0     0  886 2075 56 44  0  0  0 2019-10-29 02:21:09
 1  0      0 2223604  31892 807460    0    0     0     3  864 2031 58 42  0  0  0 2019-10-29 02:21:14
 1  0      0 2223348  31900 807528    0    0     0    62  870 2092 60 40  0  0  0 2019-10-29 02:21:19
 1  0      0 2222936  31908 807592    0    0     0     5  863 1979 57 43  0  0  0 2019-10-29 02:21:24
 2  0      0 2222140  31916 807652    0    0     0     6  826 1939 56 44  0  0  0 2019-10-29 02:21:29
 1  0      0 2221692  31924 807708    0    0     0     6  842 1990 59 41  0  0  0 2019-10-29 02:21:34
 1  0      0 2220992  31932 807788    0    0     0     3  888 2127 60 40  0  0  0 2019-10-29 02:21:39
 1  0      0 2220360  31940 807836    0    0     0    66  830 1971 59 41  0  0  0 2019-10-29 02:21:44
 1  0      0 2223032  31948 807892    0    0     0     5  871 1985 54 46  0  0  0 2019-10-29 02:21:49
 1  0      0 2222404  31956 807956    0    0     0     3  830 1981 57 43  0  0  0 2019-10-29 02:21:54
 1  0      0 2221996  31964 808004    0    0     0     3  866 2005 60 40  0  0  0 2019-10-29 02:21:59
 1  0      0 2221452  31972 808072    0    0     0    46  849 1966 59 41  0  0  0 2019-10-29 02:22:04
 1  0      0 2387752  31980 669468    0    0     0     5  717 1596 61 39  0  0  0 2019-10-29 02:22:09
 2  0      0 2882808  31992 634816    0    0     0    33  285  357 57 43  0  0  0 2019-10-29 02:22:14
 2  0      0 2854412  32000 634792    0    0     0    16  297  526 65 35  0  0  0 2019-10-29 02:22:19
 2  0      0 2820544  32008 634816    0    0     0     3  301  705 62 38  0  0  0 2019-10-29 02:22:24
 1  0      0 2783436  32008 634800    0    0     0     0  308  444 58 42  0  0  0 2019-10-29 02:22:29
 1  0      0 2783468  32016 634776    0    0     0    20  300  110 56 44  0  0  0 2019-10-29 02:22:34
 1  0      0 2783468  32024 634772    0    0     0    41  301  126 56 44  0  0  0 2019-10-29 02:22:39
procs -----------memory---------- ---swap-- -----io---- -system-- ------cpu----- -----timestamp-----
 r  b   swpd   free   buff  cache   si   so    bi    bo   in   cs us sy id wa st                 UTC
 2  0      0 2783056  32024 634780    0    0     0     0  302  144 56 44  0  0  0 2019-10-29 02:22:44
 2  0      0 2484268  32032 860920    0    0     0 24269  934 6717 53 47  0  0  0 2019-10-29 02:22:49
 3  0      0 2382744  32040 880456    0    0     0    30  345  477 61 39  0  0  0 2019-10-29 02:22:54
 4  0      0 2272480  32048 915092    0    0     0  6726  322  383 62 38  0  0  0 2019-10-29 02:22:59
 3  0      0 2225864  32056 918108    0    0     0    17  302  531 65 35  0  0  0 2019-10-29 02:23:04
 4  0      0 2221696  32064 922404    0    0     0     6  301  386 66 34  0  0  0 2019-10-29 02:23:09
 4  0      0 2206772  32072 927876    0    0     0     4  301  298 66 34  0  0  0 2019-10-29 02:23:14
 2  0      0 2209776  32080 931324    0    0     0    41  305  250 62 38  0  0  0 2019-10-29 02:23:19
 1  0      0 2209608  32088 931324    0    0     0 24262  391  210 57 43  0  0  0 2019-10-29 02:23:24
 1  0      0 2209772  32088 931316    0    0     0     0  300  114 56 44  0  0  0 2019-10-29 02:23:29
 1  0      0 2209820  32096 931312    0    0     0     2  301  111 59 41  0  0  0 2019-10-29 02:23:34
 1  0      0 2209944  32104 931312    0    0     0     5  301  113 57 43  0  0  0 2019-10-29 02:23:39
 1  0      0 2209944  32104 931312    0    0     0     0  298  106 55 45  0  0  0 2019-10-29 02:23:44
 1  0      0 2210176  32120 931356    0    0     0    22  312  171 58 42  0  0  0 2019-10-29 02:23:49
 1  0      0 2209812  32128 931340    0    0     0  3160  311  142 55 45  0  0  0 2019-10-29 02:23:54
 1  0      0 2209852  32128 931324    0    0     0     0  300  110 54 46  0  0  0 2019-10-29 02:23:59
 1  0      0 2209860  32136 931312    0    0     0     2  301  112 57 43  0  0  0 2019-10-29 02:24:04
 1  0      0 2209868  32144 931312    0    0     0     5  301  112 58 42  0  0  0 2019-10-29 02:24:09
 1  0      0 2209876  32144 931312    0    0     0     0  298  105 58 42  0  0  0 2019-10-29 02:24:14
 2  0      0 2178636  32152 931320    0    0     0     6  350  341 59 41  0  0  0 2019-10-29 02:24:19
 2  0      0 2153528  32160 931324    0    0     0    17  306  290 56 44  0  0  0 2019-10-29 02:24:24
procs -----------memory---------- ---swap-- -----io---- -system-- ------cpu----- -----timestamp-----
 r  b   swpd   free   buff  cache   si   so    bi    bo   in   cs us sy id wa st                 UTC
 1  0      0 2167488  32168 931324    0    0     0    27  306  124 55 45  0  0  0 2019-10-29 02:24:29
 1  0      0 2167592  32168 931320    0    0     0     0  304  113 55 45  0  0  0 2019-10-29 02:24:34
 1  0      0 2167592  32176 931316    0    0     0     5  301  114 57 43  0  0  0 2019-10-29 02:24:39
 1  0      0 2168168  32184 931316    0    0     0     2  325  123 55 45  0  0  0 2019-10-29 02:24:44
 1  0      0 2168076  32192 931320    0    0     0    10  303  118 57 43  0  0  0 2019-10-29 02:24:49
 1  0      0 2168200  32200 931312    0    0     0     2  299  110 57 43  0  0  0 2019-10-29 02:24:54
 1  0      0 2167580  32200 931324    0    0     0     5  305  170 54 46  0  0  0 2019-10-29 02:24:59
 1  0      0 2167588  32208 931320    0    0     0     7  301  114 58 42  0  0  0 2019-10-29 02:25:04
 1  0      0 2167604  32216 931316    0    0     0     5  301  114 56 44  0  0  0 2019-10-29 02:25:09
 1  0      0 2167612  32224 931312    0    0     0     2  298  109 57 43  0  0  0 2019-10-29 02:25:14
 1  0      0 2167652  32224 931320    0    0     0     3  300  111 53 47  0  0  0 2019-10-29 02:25:19
 1  0      0 2167776  32232 931316    0    0     0     2  300  112 56 44  0  0  0 2019-10-29 02:25:24
 1  0      0 2167808  32240 931316    0    0     0     2  304  117 54 46  0  0  0 2019-10-29 02:25:29
 1  0      0 2167848  32248 931316    0    0     0     9  302  112 54 46  0  0  0 2019-10-29 02:25:34
 1  0      0 2167964  32256 931316    0    0     0     8  303  123 55 45  0  0  0 2019-10-29 02:25:39
 2  0      0 2135124  32264 931316    0    0     0    23  329  304 59 41  0  0  0 2019-10-29 02:25:44
 1  0      0 2132712  32264 931344    0    0     0     0  332  407 62 38  0  0  0 2019-10-29 02:25:49
 1  0      0 2132744  32272 931340    0    0     0    17  300  109 57 43  0  0  0 2019-10-29 02:25:54
 1  0      0 2132720  32280 931348    0    0     0    10  316  254 60 40  0  0  0 2019-10-29 02:25:59
 1  0      0 2128048  32280 931352    0    0     0     0  326  418 57 43  0  0  0 2019-10-29 02:26:04
 1  0      0 2124172  32288 931376    0    0     0    17  412  675 61 39  0  0  0 2019-10-29 02:26:09
procs -----------memory---------- ---swap-- -----io---- -system-- ------cpu----- -----timestamp-----
 r  b   swpd   free   buff  cache   si   so    bi    bo   in   cs us sy id wa st                 UTC
 1  0      0 2121892  32296 931388    0    0     0    12  446  765 61 39  0  0  0 2019-10-29 02:26:14
 1  0      0 2111524  32304 931404    0    0     0    48  502  887 61 39  0  0  0 2019-10-29 02:26:19
 1  0      0 2109476  32312 931428    0    0     0    19  533  987 60 40  0  0  0 2019-10-29 02:26:24
 1  0      0 2110596  32320 931448    0    0     0    12  542 1014 61 39  0  0  0 2019-10-29 02:26:29
 1  0      0 2109084  32328 931468    0    0     0    17  570 1078 62 38  0  0  0 2019-10-29 02:26:34
 2  0      0 2105336  32336 931492    0    0     0    18  555 1031 61 39  0  0  0 2019-10-29 02:26:39
 1  0      0 2103796  32344 931512    0    0     0    10  584 1161 60 40  0  0  0 2019-10-29 02:26:44
 3  0      0 2105392  32352 931540    0    0     0    50  610 1222 63 37  0  0  0 2019-10-29 02:26:49
 1  0      0 2104896  32360 931560    0    0     0    26  616 1216 60 40  0  0  0 2019-10-29 02:26:54
 1  0      0 2104080  32368 931576    0    0     0     6  613 1193 60 40  0  0  0 2019-10-29 02:26:59
 1  0      0 2103480  32376 931592    0    0     0     3  604 1170 58 42  0  0  0 2019-10-29 02:27:04
 2  0      0 2103236  32384 931616    0    0     0     3  671 1349 59 41  0  0  0 2019-10-29 02:27:09
 2  0      0 2102636  32392 931640    0    0     0     8  646 1315 59 41  0  0  0 2019-10-29 02:27:14
 1  0      0 2101868  32400 931664    0    0     0    20  641 1385 59 41  0  0  0 2019-10-29 02:27:19
 2  0      0 2101944  32408 931692    0    0     0    30  662 1391 58 42  0  0  0 2019-10-29 02:27:24
 2  0      0 2101932  32416 931716    0    0     0     6  658 1374 60 40  0  0  0 2019-10-29 02:27:29
 2  0      0 2102164  32424 931740    0    0     0     5  654 1348 62 38  0  0  0 2019-10-29 02:27:34
 1  0      0 2102020  32432 931772    0    0     0     6  649 1359 63 37  0  0  0 2019-10-29 02:27:39
 1  0      0 2101656  32440 931804    0    0     0     3  644 1320 60 40  0  0  0 2019-10-29 02:27:44
 2  0      0 2091616  32448 931832    0    0     0    13  653 1342 56 44  0  0  0 2019-10-29 02:27:49
 1  0      0 2089056  32456 931876    0    0     0    34  694 1421 59 41  0  0  0 2019-10-29 02:27:54
procs -----------memory---------- ---swap-- -----io---- -system-- ------cpu----- -----timestamp-----
 r  b   swpd   free   buff  cache   si   so    bi    bo   in   cs us sy id wa st                 UTC
 1  0      0 2089396  32464 931920    0    0     0     5  713 1488 60 40  0  0  0 2019-10-29 02:27:59
 2  0      0 2089980  32472 931956    0    0     0     4  692 1467 59 41  0  0  0 2019-10-29 02:28:04
 4  0      0 2090496  32480 931984    0    0     0     4  723 1390 63 37  0  0  0 2019-10-29 02:28:09
 1  0      0 2090360  32488 932024    0    0     0     3  691 1397 60 40  0  0  0 2019-10-29 02:28:14
 1  0      0 2087580  32496 932072    0    0     0    10  715 1481 57 43  0  0  0 2019-10-29 02:28:19
 1  0      0 2088328  32504 932116    0    0     0    49  718 1469 57 43  0  0  0 2019-10-29 02:28:24
 1  0      0 2089336  32512 932152    0    0     0     5  743 1466 61 39  0  0  0 2019-10-29 02:28:29
 1  0      0 2089824  32520 932184    0    0     0     3  682 1346 59 41  0  0  0 2019-10-29 02:28:34
 1  0      0 2087692  32528 932232    0    0     0     6  731 1523 57 43  0  0  0 2019-10-29 02:28:39
 1  0      0 2088816  32536 932276    0    0     0     6  778 1600 57 43  0  0  0 2019-10-29 02:28:44
 1  0      0 2086804  32544 932320    0    0     0    10  749 1559 58 42  0  0  0 2019-10-29 02:28:49
 1  0      0 2087444  32552 932352    0    0     0    41  703 1357 58 42  0  0  0 2019-10-29 02:28:54
 1  0      0 2088328  32560 932396    0    0     0     9  765 1658 59 41  0  0  0 2019-10-29 02:28:59
 1  0      0 2089328  32568 932440    0    0     0     3  717 1487 59 41  0  0  0 2019-10-29 02:29:04
 1  0      0 2087352  32576 932480    0    0     0     3  790 1616 59 41  0  0  0 2019-10-29 02:29:09
 1  0      0 2088320  32584 932516    0    0     0    38  718 1413 60 40  0  0  0 2019-10-29 02:29:14
 1  0      0 2086148  32592 932568    0    0     0     5  745 1594 61 39  0  0  0 2019-10-29 02:29:19
 1  0      0 2086092  32600 932596    0    0     0     3  657 1329 59 41  0  0  0 2019-10-29 02:29:24
 1  0      0 2087056  32608 932628    0    0     0     8  761 1605 60 40  0  0  0 2019-10-29 02:29:29
 2  0      0 2085368  32616 932676    0    0     0     3  772 1628 58 42  0  0  0 2019-10-29 02:29:34
 1  0      0 2086760  32624 932720    0    0     0     3  779 1718 61 39  0  0  0 2019-10-29 02:29:39
procs -----------memory---------- ---swap-- -----io---- -system-- ------cpu----- -----timestamp-----
 r  b   swpd   free   buff  cache   si   so    bi    bo   in   cs us sy id wa st                 UTC
 3  0      0 2088240  32624 932776    0    0     0     0  774 1646 61 39  0  0  0 2019-10-29 02:29:44
 2  0      0 2086620  32632 932832    0    0     0    49  797 1684 58 42  0  0  0 2019-10-29 02:29:49
 2  0      0 2088124  32640 932876    0    0     0    14  770 1573 58 42  0  0  0 2019-10-29 02:29:54
 1  0      0 2086268  32648 932924    0    0     0     3  760 1620 55 45  0  0  0 2019-10-29 02:29:59
 1  0      0 2086784  32656 932956    0    0     0     3  703 1394 61 39  0  0  0 2019-10-29 02:30:04
 1  0      0 2088000  32664 933004    0    0     0     3  738 1598 58 42  0  0  0 2019-10-29 02:30:09
 1  0      0 2086200  32672 933052    0    0     0     3  784 1736 55 45  0  0  0 2019-10-29 02:30:14
 1  0      0 2087360  32680 933108    0    0     0    51  808 1769 59 41  0  0  0 2019-10-29 02:30:19
 2  0      0 2085704  32688 933156    0    0     0     6  752 1669 59 41  0  0  0 2019-10-29 02:30:24
 1  0      0 2087328  32696 933200    0    0     0     6  789 1734 61 39  0  0  0 2019-10-29 02:30:29
 1  0      0 2085548  32704 933244    0    0     0     6  813 1772 60 40  0  0  0 2019-10-29 02:30:34
 1  0      0 2086848  32712 933292    0    0     0     8  763 1629 58 42  0  0  0 2019-10-29 02:30:39
 1  0      0 2085448  32720 933340    0    0     0     3  793 1721 60 40  0  0  0 2019-10-29 02:30:44
 2  0      0 2083952  32728 933400    0    0     0    54  807 1707 61 39  0  0  0 2019-10-29 02:30:49
 1  0      0 2085560  32736 933448    0    0     0     5  764 1680 59 41  0  0  0 2019-10-29 02:30:54
 1  0      0 2084280  32744 933496    0    0     0     4  814 1792 57 43  0  0  0 2019-10-29 02:30:59
 2  0      0 2086232  32752 933544    0    0     0    12  833 1837 60 40  0  0  0 2019-10-29 02:31:04
 1  0      0 2084924  32760 933592    0    0     0     3  812 1791 59 41  0  0  0 2019-10-29 02:31:09
 1  0      0 2083964  32768 933648    0    0     0     3  849 1835 58 42  0  0  0 2019-10-29 02:31:14
 1  0      0 2085672  32776 933700    0    0     0    54  804 1705 60 40  0  0  0 2019-10-29 02:31:19
 2  0      0 2084488  32784 933756    0    0     0     5  815 1743 61 39  0  0  0 2019-10-29 02:31:24
procs -----------memory---------- ---swap-- -----io---- -system-- ------cpu----- -----timestamp-----
 r  b   swpd   free   buff  cache   si   so    bi    bo   in   cs us sy id wa st                 UTC
 1  0      0 2085804  32792 933808    0    0     0     3  790 1718 59 41  0  0  0 2019-10-29 02:31:29
 1  0      0 2084436  32800 933852    0    0     0     5  799 1729 59 41  0  0  0 2019-10-29 02:31:34
 2  0      0 2086068  32808 933904    0    0     0    47  779 1712 58 42  0  0  0 2019-10-29 02:31:39
 1  0      0 2083740  32816 933948    0    0     0     9  730 1610 60 40  0  0  0 2019-10-29 02:31:44
 1  0      0 2085924  32824 933996    0    0     0     3  834 1857 59 41  0  0  0 2019-10-29 02:31:49
 1  0      0 2084908  32832 934052    0    0     0     3  832 1839 60 40  0  0  0 2019-10-29 02:31:54
 1  0      0 2084092  32840 934104    0    0     0     3  844 1841 57 43  0  0  0 2019-10-29 02:31:59
 1  0      0 2085600  32848 934152    0    0     0     3  760 1683 58 42  0  0  0 2019-10-29 02:32:04
 1  0      0 2084384  32856 934216    0    0     0    58  790 1764 62 38  0  0  0 2019-10-29 02:32:09
 2  0      0 2083332  32864 934264    0    0     0    11  835 1871 59 41  0  0  0 2019-10-29 02:32:14
 2  0      0 2084964  32872 934308    0    0     0     3  776 1695 58 42  0  0  0 2019-10-29 02:32:19
 1  0      0 2083876  32880 934352    0    0     0     3  820 1803 59 41  0  0  0 2019-10-29 02:32:24
 1  0      0 2082888  32888 934404    0    0     0     3  843 1867 57 43  0  0  0 2019-10-29 02:32:29
 1  0      0 2084872  32896 934460    0    0     0     3  833 1857 59 41  0  0  0 2019-10-29 02:32:34
 2  0      0 2083912  32904 934516    0    0     0    56  867 1958 58 42  0  0  0 2019-10-29 02:32:39
 1  0      0 2082832  32912 934580    0    0     0     6  788 1793 61 39  0  0  0 2019-10-29 02:32:44
 1  0      0 2084432  32920 934628    0    0     0    14  798 1800 56 44  0  0  0 2019-10-29 02:32:49
 1  0      0 2083668  32928 934680    0    0     0     3  826 1852 58 42  0  0  0 2019-10-29 02:32:54
 1  0      0 2083140  32936 934728    0    0     0     3  865 1975 60 40  0  0  0 2019-10-29 02:32:59
 1  0      0 2084748  32944 934780    0    0     0     3  754 1715 57 43  0  0  0 2019-10-29 02:33:04
 1  0      0 2083572  32952 934832    0    0     0     3  792 1768 59 41  0  0  0 2019-10-29 02:33:09
procs -----------memory---------- ---swap-- -----io---- -system-- ------cpu----- -----timestamp-----
 r  b   swpd   free   buff  cache   si   so    bi    bo   in   cs us sy id wa st                 UTC
 1  0      0 2082516  32960 934896    0    0     0    60  805 1818 56 44  0  0  0 2019-10-29 02:33:14
 2  0      0 2082164  32968 934956    0    0     0     3  883 2030 59 41  0  0  0 2019-10-29 02:33:19
 1  0      0 2084600  32976 935012    0    0     0     8  868 1993 59 41  0  0  0 2019-10-29 02:33:24
 2  0      0 2083832  32984 935068    0    0     0     6  840 1953 60 40  0  0  0 2019-10-29 02:33:29
 3  0      0 2082712  32992 935120    0    0     0     3  798 1832 57 43  0  0  0 2019-10-29 02:33:34
 2  0      0 2084896  33000 935168    0    0     0     3  819 1855 61 39  0  0  0 2019-10-29 02:33:39
 1  0      0 2084100  33008 935236    0    0     0    62  849 1942 59 41  0  0  0 2019-10-29 02:33:44
 1  0      0 2084556  33016 935280    0    0     0     3  666 1454 60 40  0  0  0 2019-10-29 02:33:49
 1  0      0 2083440  33024 935320    0    0     0     3  826 1825 58 42  0  0  0 2019-10-29 02:33:54
 3  0      0 2082940  33032 935384    0    0     0    10  906 2042 56 44  0  0  0 2019-10-29 02:33:59
 1  0      0 2082372  33040 935448    0    0     0    50  860 1909 58 42  0  0  0 2019-10-29 02:34:04
 1  0      0 2081804  33048 935500    0    0     0     3  856 1961 57 43  0  0  0 2019-10-29 02:34:09
 1  0      0 2084116  33056 935556    0    0     0     3  811 1823 58 42  0  0  0 2019-10-29 02:34:14
 1  0      0 2083388  33064 935608    0    0     0     3  846 1926 59 41  0  0  0 2019-10-29 02:34:19
 1  0      0 2082588  33068 935672    0    0     0     3  817 1886 58 42  0  0  0 2019-10-29 02:34:24
 3  0      0 2081808  33076 935728    0    0     0     3  850 1927 58 42  0  0  0 2019-10-29 02:34:29
 1  0      0 2083316  33084 935792    0    0     0    62  751 1635 59 41  0  0  0 2019-10-29 02:34:34
 1  0      0 2082456  33092 935844    0    0     0    10  853 1913 58 42  0  0  0 2019-10-29 02:34:39
 1  0      0 2081720  33100 935900    0    0     0     3  829 1901 60 40  0  0  0 2019-10-29 02:34:44
 4  0      0 2080796  33108 935952    0    0     0     3  824 1821 61 39  0  0  0 2019-10-29 02:34:49
 1  0      0 2083292  33108 936020    0    0     0     0  850 1931 58 42  0  0  0 2019-10-29 02:34:54
procs -----------memory---------- ---swap-- -----io---- -system-- ------cpu----- -----timestamp-----
 r  b   swpd   free   buff  cache   si   so    bi    bo   in   cs us sy id wa st                 UTC
 2  0      0 2082556  33116 936080    0    0     0     3  861 1975 58 42  0  0  0 2019-10-29 02:34:59
 1  0      0 2081160  33124 936140    0    0     0    59  805 1864 58 42  0  0  0 2019-10-29 02:35:04
 1  0      0 2083052  33132 936192    0    0     0     9  772 1690 59 41  0  0  0 2019-10-29 02:35:09
 1  0      0 2082100  33136 936248    0    0     0    13  808 1830 59 41  0  0  0 2019-10-29 02:35:14
 2  0      0 2080932  33144 936296    0    0     0     3  777 1729 59 41  0  0  0 2019-10-29 02:35:19
 1  0      0 2083052  33148 936348    0    0     0     3  804 1816 54 46  0  0  0 2019-10-29 02:35:24
 1  0      0 2082448  33156 936416    0    0     0    52  876 1988 57 43  0  0  0 2019-10-29 02:35:29
 1  0      0 2081984  33164 936472    0    0     0     5  852 1971 59 41  0  0  0 2019-10-29 02:35:34
 1  0      0 2081236  33168 936532    0    0     0     3  846 1938 61 39  0  0  0 2019-10-29 02:35:39
 1  0      0 2080404  33172 936584    0    0     0     3  807 1902 59 41  0  0  0 2019-10-29 02:35:44
 1  0      0 2082104  33180 936632    0    0     0     3  799 1713 61 39  0  0  0 2019-10-29 02:35:49
 1  0      0 2081464  33184 936692    0    0     0     3  842 1916 61 39  0  0  0 2019-10-29 02:35:54
 1  0      0 2080440  33192 936752    0    0     0    60  806 1823 58 42  0  0  0 2019-10-29 02:35:59
 1  0      0 2082524  33200 936804    0    0     0     7  830 1878 58 42  0  0  0 2019-10-29 02:36:04
 1  0      0 2081344  33204 936868    0    0     0     3  807 1915 58 42  0  0  0 2019-10-29 02:36:09
 1  0      0 2081192  33212 936916    0    0     0     8  893 2073 58 42  0  0  0 2019-10-29 02:36:14
 1  0      0 2080408  33216 936980    0    0     0     3  817 1881 56 44  0  0  0 2019-10-29 02:36:19
 1  0      0 2079968  33220 937040    0    0     0     3  858 2005 56 44  0  0  0 2019-10-29 02:36:24
 1  0      0 2081992  33228 937096    0    0     0    61  808 1783 56 44  0  0  0 2019-10-29 02:36:29
 2  0      0 2080968  33236 937156    0    0     0     5  805 1806 57 43  0  0  0 2019-10-29 02:36:34
 1  0      0 2079828  33244 937212    0    0     0     8  793 1805 58 42  0  0  0 2019-10-29 02:36:39
procs -----------memory---------- ---swap-- -----io---- -system-- ------cpu----- -----timestamp-----
 r  b   swpd   free   buff  cache   si   so    bi    bo   in   cs us sy id wa st                 UTC
 1  0      0 2081940  33252 937260    0    0     0    10  804 1823 58 42  0  0  0 2019-10-29 02:36:44
 1  0      0 2080788  33260 937308    0    0     0     3  796 1782 57 43  0  0  0 2019-10-29 02:36:49
 1  0      0 2079604  33268 937368    0    0     0     3  773 1802 56 44  0  0  0 2019-10-29 02:36:54
 1  0      0 2079192  33276 937436    0    0     0    53  889 1968 60 40  0  0  0 2019-10-29 02:36:59
 2  0      0 2081496  33284 937488    0    0     0     3  822 1818 60 40  0  0  0 2019-10-29 02:37:04
 1  0      0 2080280  33292 937536    0    0     0     3  795 1760 58 42  0  0  0 2019-10-29 02:37:09
 1  0      0 2082012  33300 937588    0    0     0     3  775 1760 58 42  0  0  0 2019-10-29 02:37:14
 1  0      0 2080608  33308 937644    0    0     0     8  810 1825 57 43  0  0  0 2019-10-29 02:37:19
 1  0      0 2079848  33316 937704    0    0     0     3  815 1904 58 42  0  0  0 2019-10-29 02:37:24
 3  0      0 2079088  33324 937772    0    0     0    60  847 1881 56 44  0  0  0 2019-10-29 02:37:29
 1  0      0 2080760  33332 937820    0    0     0    14  753 1653 61 39  0  0  0 2019-10-29 02:37:34
 1  0      0 2079464  33340 937868    0    0     0     3  770 1725 59 41  0  0  0 2019-10-29 02:37:39
 2  0      0 2081580  33344 937924    0    0     0     3  817 1883 57 43  0  0  0 2019-10-29 02:37:44
 1  0      0 2080368  33348 937980    0    0     0     3  804 1867 62 38  0  0  0 2019-10-29 02:37:49
 2  0      0 2777524  33356 764516    0    0     0    36  306  259 57 43  0  0  0 2019-10-29 02:37:54
 2  0      0 2725276  33364 764568    0    0     0    58  295  665 61 39  0  0  0 2019-10-29 02:37:59
 3  0      0 2705532  33364 764568    0    0     0     3  299  674 61 39  0  0  0 2019-10-29 02:38:04
 1  0      0 2650220  33372 764556    0    0     1    37  313  555 61 39  0  0  0 2019-10-29 02:38:09
 1  0      0 2652080  33372 764544    0    0     0     8  298  105 60 40  0  0  0 2019-10-29 02:38:14
 1  0      0 2652080  33376 764528    0    0     0     2  299  109 56 44  0  0  0 2019-10-29 02:38:19
 1  0      0 2652072  33376 764536    0    0     0     1  299  137 57 43  0  0  0 2019-10-29 02:38:24
procs -----------memory---------- ---swap-- -----io---- -system-- ------cpu----- -----timestamp-----
 r  b   swpd   free   buff  cache   si   so    bi    bo   in   cs us sy id wa st                 UTC
 3  0      0 2496716  33388 838796    0    0     0    49  690 4267 57 43  0  0  0 2019-10-29 02:38:29
 3  0      0 2254280  33400 1010236    0    0     0 24250  555 2887 56 44  0  0  0 2019-10-29 02:38:34
 3  0      0 2147548  33424 1035912    0    0     0   374  300  369 62 38  0  0  0 2019-10-29 02:38:39
 4  0      0 2087412  33432 1047512    0    0     0  6378  320  535 64 36  0  0  0 2019-10-29 02:38:44
 3  0      0 2082876  33440 1051988    0    0     0     3  301  364 64 36  0  0  0 2019-10-29 02:38:49
 3  0      0 2084876  33444 1057188    0    0     0     3  298  272 67 33  0  0  0 2019-10-29 02:38:54
 2  0      0 2088652  33452 1061072    0    0     0    19  300  258 66 34  0  0  0 2019-10-29 02:38:59
 1  0      0 2088392  33452 1061076    0    0     0 24254  380  236 59 41  0  0  0 2019-10-29 02:39:04
 1  0      0 2088576  33460 1061076    0    0     0     8  311  122 55 45  0  0  0 2019-10-29 02:39:09
 1  0      0 2088708  33464 1061072    0    0     0    22  299  108 55 45  0  0  0 2019-10-29 02:39:14
 1  0      0 2088708  33468 1061072    0    0     0     3  301  113 57 43  0  0  0 2019-10-29 02:39:19
 1  0      0 2088708  33468 1061072    0    0     0     0  298  106 55 45  0  0  0 2019-10-29 02:39:24
 1  0      0 2088616  33476 1061076    0    0     0  3136  310  112 56 44  0  0  0 2019-10-29 02:39:29
 1  0      0 2088732  33484 1061080    0    0     0    10  303  141 56 44  0  0  0 2019-10-29 02:39:34
 1  0      0 2088864  33484 1061084    0    0     0     0  301  121 57 43  0  0  0 2019-10-29 02:39:39
 1  0      0 2088904  33488 1061068    0    0     0     2  299  109 56 44  0  0  0 2019-10-29 02:39:44
 1  0      0 2088944  33492 1061068    0    0     0    11  301  112 56 44  0  0  0 2019-10-29 02:39:49
 1  0      0 2088952  33500 1061068    0    0     0     6  299  108 56 44  0  0  0 2019-10-29 02:39:54
 1  0      0 2089000  33500 1061076    0    0     0     6  300  110 54 46  0  0  0 2019-10-29 02:39:59
 2  0      0 2026716  33520 1061072    0    0     0     2  362  587 61 39  0  0  0 2019-10-29 02:40:04
 1  0      0 2040644  33528 1061076    0    0     0    10  301  127 58 42  0  0  0 2019-10-29 02:40:09
procs -----------memory---------- ---swap-- -----io---- -system-- ------cpu----- -----timestamp-----
 r  b   swpd   free   buff  cache   si   so    bi    bo   in   cs us sy id wa st                 UTC
 1  0      0 2040652  33536 1061076    0    0     0     2  299  110 57 43  0  0  0 2019-10-29 02:40:14
 1  0      0 2040716  33536 1061072    0    0     0     0  303  116 57 43  0  0  0 2019-10-29 02:40:19
 1  0      0 2041004  33544 1061072    0    0     0     2  312  118 57 43  0  0  0 2019-10-29 02:40:24
 1  0      0 2041224  33548 1061084    0    0     0    18  322  134 55 45  0  0  0 2019-10-29 02:40:29
 1  0      0 2041296  33548 1061084    0    0     0     6  303  111 56 44  0  0  0 2019-10-29 02:40:34
 1  0      0 2041164  33552 1061096    0    0     0     4  304  147 53 47  0  0  0 2019-10-29 02:40:39
 1  0      0 2041080  33560 1061080    0    0     0     9  302  133 58 42  0  0  0 2019-10-29 02:40:44
 1  0      0 2040956  33568 1061084    0    0     0     2  305  122 54 46  0  0  0 2019-10-29 02:40:49
 1  0      0 2040996  33568 1061084    0    0     0     0  299  108 55 45  0  0  0 2019-10-29 02:40:54
 1  0      0 2040996  33572 1061076    0    0     0     2  301  114 56 44  0  0  0 2019-10-29 02:40:59
 1  0      0 2041012  33576 1061080    0    0     0    18  302  114 53 47  0  0  0 2019-10-29 02:41:04
 1  0      0 2041036  33576 1061080    0    0     0     0  301  112 56 44  0  0  0 2019-10-29 02:41:09
 1  0      0 2041036  33580 1061076    0    0     0     2  300  110 59 41  0  0  0 2019-10-29 02:41:14
 1  0      0 2041036  33584 1061076    0    0     0     2  302  113 55 45  0  0  0 2019-10-29 02:41:19
 2  0      0 2041068  33584 1061076    0    0     0     0  299  108 56 44  0  0  0 2019-10-29 02:41:24
 4  0      0 2042504  33596 1061084    0    0     0     2  326  247 56 44  0  0  0 2019-10-29 02:41:29
 1  0      0 2013744  33640 1061108    0    0     0    23  343  462 57 43  0  0  0 2019-10-29 02:41:34
 2  0      0 2010828  33668 1061108    0    0     0    11  333  362 60 40  0  0  0 2019-10-29 02:41:39
 1  0      0 2008848  33676 1061120    0    0     0    14  311  264 56 44  0  0  0 2019-10-29 02:41:44
 1  0      0 2005672  33700 1061132    0    0     0     8  381  541 57 43  0  0  0 2019-10-29 02:41:49
 1  0      0 2002232  33732 1061152    0    0     0    14  460  702 60 40  0  0  0 2019-10-29 02:41:54
procs -----------memory---------- ---swap-- -----io---- -system-- ------cpu----- -----timestamp-----
 r  b   swpd   free   buff  cache   si   so    bi    bo   in   cs us sy id wa st                 UTC
 1  0      0 1991964  33748 1061168    0    0     0    14  474  782 61 39  0  0  0 2019-10-29 02:41:59
 1  0      0 1994748  33756 1061180    0    0     0    19  500  893 59 41  0  0  0 2019-10-29 02:42:04
 3  0      0 1993276  33776 1061200    0    0     0    13  524  961 61 39  0  0  0 2019-10-29 02:42:09
 1  0      0 1994260  33804 1061224    0    0     0    41  507  876 57 43  0  0  0 2019-10-29 02:42:14
 1  0      0 1992240  33836 1061248    0    0     0    15  529  987 63 37  0  0  0 2019-10-29 02:42:19
 3  0      0 1990828  33856 1061276    0    0     0    10  589 1146 58 42  0  0  0 2019-10-29 02:42:24
 1  0      0 1983488  33868 1061296    0    0     0    10  572 1112 62 38  0  0  0 2019-10-29 02:42:29
 2  0      0 1985056  33876 1061324    0    0     0    30  584 1133 63 37  0  0  0 2019-10-29 02:42:34
 1  0      0 1984268  33884 1061344    0    0     0     3  605 1225 62 38  0  0  0 2019-10-29 02:42:39
 2  0      0 1983512  33892 1061372    0    0     0    28  609 1227 59 41  0  0  0 2019-10-29 02:42:44
 2  0      0 1982904  33900 1061396    0    0     0     4  575 1111 59 41  0  0  0 2019-10-29 02:42:49
 1  0      0 1981280  33908 1061440    0    0     0     8  636 1312 62 38  0  0  0 2019-10-29 02:42:54
 1  0      0 1980724  33916 1061460    0    0     0    39  619 1272 58 42  0  0  0 2019-10-29 02:42:59
 1  0      0 1970092  33920 1061492    0    0     0     3  627 1247 57 43  0  0  0 2019-10-29 02:43:04
 1  0      0 1969320  33920 1061532    0    0     0     0  631 1318 59 41  0  0  0 2019-10-29 02:43:09
 2  0      0 1969200  33924 1061544    0    0     0    25  610 1227 62 38  0  0  0 2019-10-29 02:43:14
 1  0      0 1968488  33932 1061580    0    0     0     5  603 1179 60 40  0  0  0 2019-10-29 02:43:19
 1  0      0 1968256  33940 1061612    0    0     0     3  640 1324 56 44  0  0  0 2019-10-29 02:43:24
 1  0      0 1968228  33944 1061632    0    0     0     3  645 1315 61 39  0  0  0 2019-10-29 02:43:29
 1  0      0 1967568  33952 1061664    0    0     0     3  615 1183 61 39  0  0  0 2019-10-29 02:43:34
 1  0      0 1967488  33960 1061700    0    0     0     3  672 1403 57 43  0  0  0 2019-10-29 02:43:39
procs -----------memory---------- ---swap-- -----io---- -system-- ------cpu----- -----timestamp-----
 r  b   swpd   free   buff  cache   si   so    bi    bo   in   cs us sy id wa st                 UTC
 2  0      0 1967780  33968 1061736    0    0     0     3  672 1344 61 39  0  0  0 2019-10-29 02:43:44
 2  0      0 1968232  33976 1061780    0    0     0    43  679 1438 57 43  0  0  0 2019-10-29 02:43:49
 2  0      0 1968872  33984 1061816    0    0     0     7  682 1402 60 40  0  0  0 2019-10-29 02:43:54
 2  0      0 1965376  33988 1061856    0    0     0     3  696 1549 61 39  0  0  0 2019-10-29 02:43:59
 2  0      0 1965956  33996 1061896    0    0     0     8  705 1482 60 40  0  0  0 2019-10-29 02:44:04
 1  0      0 1966456  34004 1061928    0    0     0     3  669 1376 59 41  0  0  0 2019-10-29 02:44:09
 2  0      0 1967168  34012 1061964    0    0     0     3  721 1434 61 39  0  0  0 2019-10-29 02:44:14
 2  0      0 1967184  34020 1062012    0    0     0    45  650 1335 57 43  0  0  0 2019-10-29 02:44:19
 2  0      0 1967888  34028 1062052    0    0     0    10  685 1422 60 40  0  0  0 2019-10-29 02:44:24
 1  0      0 1961376  34036 1062080    0    0     0     4  673 1413 59 41  0  0  0 2019-10-29 02:44:29
 1  0      0 1958812  34044 1062156    0    0     0     5  751 1565 61 39  0  0  0 2019-10-29 02:44:34
