procs -----------memory---------- ---swap-- -----io---- -system-- ------cpu----- -----timestamp-----
 r  b   swpd   free   buff  cache   si   so    bi    bo   in   cs us sy id wa st                 UTC
 3  0      0 3354312  27316 205828    0    0    22   311  608 1527 57 40  3  0  0 2019-10-29 01:30:22
 3  0      0 3361756  27316 205844    0    0     0     2  278  306 57 43  0  0  0 2019-10-29 01:30:27
 3  0      0 3361780  27324 205844    0    0     0    10  277  298 55 45  0  0  0 2019-10-29 01:30:32
 4  0      0 3363648  27332 205836    0    0     0     2  276  296 57 43  0  0  0 2019-10-29 01:30:37
 3  0      0 3363656  27340 205840    0    0     0    19  275  294 57 43  0  0  0 2019-10-29 01:30:42
 3  0      0 3363664  27340 205840    0    0     0     0  275  294 57 43  0  0  0 2019-10-29 01:30:47
 3  0      0 3363672  27348 205836    0    0     0     4  275  294 55 45  0  0  0 2019-10-29 01:30:52
 3  0      0 3363672  27356 205840    0    0     0    16  277  297 54 46  0  0  0 2019-10-29 01:30:57
 3  0      0 3363672  27364 205840    0    0     0     4  275  295 55 45  0  0  0 2019-10-29 01:31:02
 3  0      0 3363672  27364 205840    0    0     0     6  275  293 57 43  0  0  0 2019-10-29 01:31:07
 3  0      0 3363680  27372 205832    0    0     0     2  276  298 58 42  0  0  0 2019-10-29 01:31:12
 3  0      0 3363920  27380 205832    0    0     0     2  278  320 56 44  0  0  0 2019-10-29 01:31:17
 3  0      0 3363928  27388 205828    0    0     0     7  275  294 55 45  0  0  0 2019-10-29 01:31:22
 3  0      0 3363944  27396 205828    0    0     0     2  275  297 56 44  0  0  0 2019-10-29 01:31:27
 3  0      0 3363960  27396 205828    0    0     0     0  277  296 57 43  0  0  0 2019-10-29 01:31:32
 3  0      0 3363836  27404 205836    0    0     0     6  278  302 57 43  0  0  0 2019-10-29 01:31:37
 3  0      0 3363752  27412 205836    0    0     0    10  276  297 56 44  0  0  0 2019-10-29 01:31:42
 3  0      0 3363760  27420 205840    0    0     0     5  275  297 55 45  0  0  0 2019-10-29 01:31:47
 3  0      0 3363884  27420 205836    0    0     0     0  274  292 54 46  0  0  0 2019-10-29 01:31:52
 3  0      0 3363884  27428 205832    0    0     0     2  275  295 55 45  0  0  0 2019-10-29 01:31:57
 5  0      0 3363884  27436 205832    0    0     0     2  276  296 56 44  0  0  0 2019-10-29 01:32:02
procs -----------memory---------- ---swap-- -----io---- -system-- ------cpu----- -----timestamp-----
 r  b   swpd   free   buff  cache   si   so    bi    bo   in   cs us sy id wa st                 UTC
 3  0      0 3363884  27444 205832    0    0     0     2  275  297 56 44  0  0  0 2019-10-29 01:32:07
 3  0      0 3363884  27444 205836    0    0     0     2  275  295 56 44  0  0  0 2019-10-29 01:32:12
 3  0      0 3363884  27452 205836    0    0     0     3  276  298 55 45  0  0  0 2019-10-29 01:32:17
 3  0      0 3363884  27460 205836    0    0     0     6  276  295 56 44  0  0  0 2019-10-29 01:32:22
 3  0      0 3363852  27468 205832    0    0     0     7  277  322 52 48  0  0  0 2019-10-29 01:32:27
 3  0      0 3363860  27476 205832    0    0     0     2  277  297 55 45  0  0  0 2019-10-29 01:32:32
 3  0      0 3363868  27476 205832    0    0     0     0  274  293 57 43  0  0  0 2019-10-29 01:32:37
 3  0      0 3363752  27484 205836    0    0     0     5  275  294 55 45  0  0  0 2019-10-29 01:32:42
 3  0      0 3363876  27492 205836    0    0     0     2  278  302 57 43  0  0  0 2019-10-29 01:32:47
 3  0      0 3363916  27500 205836    0    0     0     8  275  295 58 42  0  0  0 2019-10-29 01:32:52
 4  0      0 3355404  27508 205984    0    0     0     7  276  377 57 43  0  0  0 2019-10-29 01:32:57
 5  0      0 3333044  27516 205984    0    0     0    17  293  507 56 44  0  0  0 2019-10-29 01:33:02
 4  0      0 3318660  27516 205984    0    0     0     0  295  440 58 42  0  0  0 2019-10-29 01:33:07
 4  0      0 3309608  27524 205988    0    0     0     6  297  455 54 46  0  0  0 2019-10-29 01:33:12
 4  0      0 3303408  27532 205988    0    0     0     3  296  444 59 41  0  0  0 2019-10-29 01:33:17
 6  0      0 3299168  27540 206016    0    0     0     2  295  562 58 42  0  0  0 2019-10-29 01:33:22
 4  0      0 3292100  27548 206012    0    0     0    22  296  398 60 40  0  0  0 2019-10-29 01:33:27
 4  0      0 3271152  27548 206004    0    0     0    10  300  635 56 44  0  0  0 2019-10-29 01:33:32
 4  0      0 3249428  27556 206004    0    0     0     6  299  514 60 40  0  0  0 2019-10-29 01:33:37
 6  0      0 3235912  27564 205996    0    0     0    14  299  435 57 43  0  0  0 2019-10-29 01:33:42
 3  0      0 3216336  27572 205996    0    0     0     6  301  397 56 44  0  0  0 2019-10-29 01:33:47
procs -----------memory---------- ---swap-- -----io---- -system-- ------cpu----- -----timestamp-----
 r  b   swpd   free   buff  cache   si   so    bi    bo   in   cs us sy id wa st                 UTC
 3  0      0 3216460  27580 205992    0    0     0     2  298  332 59 41  0  0  0 2019-10-29 01:33:52
 3  0      0 3216460  27588 205988    0    0     0     2  298  332 57 43  0  0  0 2019-10-29 01:33:57
 3  0      0 3216296  27588 206000    0    0     0    16  304  359 55 45  0  0  0 2019-10-29 01:34:02
 3  0      0 3217700  27596 205992    0    0     0     3  299  332 54 46  0  0  0 2019-10-29 01:34:07
 3  0      0 3217700  27604 205992    0    0     0    12  301  334 55 45  0  0  0 2019-10-29 01:34:12
 3  0      0 3217700  27612 205992    0    0     0     2  300  332 57 43  0  0  0 2019-10-29 01:34:17
 3  0      0 3217732  27612 205992    0    0     0     0  298  331 56 44  0  0  0 2019-10-29 01:34:22
 3  0      0 3217740  27620 205988    0    0     0     2  299  331 56 44  0  0  0 2019-10-29 01:34:27
 3  0      0 3217740  27628 205988    0    0     0     2  302  337 57 43  0  0  0 2019-10-29 01:34:32
 3  0      0 3217748  27636 205992    0    0     0     2  298  332 58 42  0  0  0 2019-10-29 01:34:37
 3  0      0 3217872  27636 205996    0    0     0     7  299  331 58 42  0  0  0 2019-10-29 01:34:42
 3  0      0 3217732  27644 206004    0    0     0     5  302  353 56 44  0  0  0 2019-10-29 01:34:47
 3  0      0 3217764  27652 206000    0    0     0     9  299  333 52 48  0  0  0 2019-10-29 01:34:52
 3  0      0 3217772  27660 205996    0    0     0     2  299  332 54 46  0  0  0 2019-10-29 01:34:57
 4  0      0 3217532  27668 205996    0    0     0     2  300  348 55 45  0  0  0 2019-10-29 01:35:02
 5  0      0 3151408  27676 261212    0    0     0    42  710 3295 60 40  0  0  0 2019-10-29 01:35:07
 4  0      0 3014208  27684 393660    0    0     0 24236  840 3729 53 47  0  0  0 2019-10-29 01:35:12
 5  0      0 2935524  27692 453604    0    0     0     5  302  466 56 44  0  0  0 2019-10-29 01:35:17
 5  0      0 2908408  27692 453644    0    0     0    19  302  452 56 44  0  0  0 2019-10-29 01:35:22
 5  0      0 2831992  27700 453644    0    0     0    14  349  480 59 41  0  0  0 2019-10-29 01:35:27
 5  0      0 2768784  27708 453636    0    0     0     6  299  364 58 42  0  0  0 2019-10-29 01:35:32
procs -----------memory---------- ---swap-- -----io---- -system-- ------cpu----- -----timestamp-----
 r  b   swpd   free   buff  cache   si   so    bi    bo   in   cs us sy id wa st                 UTC
 4  0      0 2765004  27716 453640    0    0     0     9  305  426 58 42  0  0  0 2019-10-29 01:35:37
 4  0      0 2771956  27724 453640    0    0     0    41  302  365 59 41  0  0  0 2019-10-29 01:35:42
 3  0      0 2771708  27732 453640    0    0     0 24232  390  399 57 43  0  0  0 2019-10-29 01:35:47
 3  0      0 2771608  27732 453640    0    0     0     0  300  351 56 44  0  0  0 2019-10-29 01:35:52
 3  0      0 2771616  27740 453644    0    0     0    26  300  332 55 45  0  0  0 2019-10-29 01:35:57
 3  0      0 2771624  27748 453640    0    0     0     3  301  335 56 44  0  0  0 2019-10-29 01:36:02
 3  0      0 2771632  27756 453636    0    0     0     2  298  331 54 46  0  0  0 2019-10-29 01:36:07
 3  0      0 2771680  27764 453640    0    0     0     3  302  335 56 44  0  0  0 2019-10-29 01:36:12
 3  0      0 2771688  27764 453640    0    0     0     6  299  332 56 44  0  0  0 2019-10-29 01:36:17
 5  0      0 2772852  27772 453644    0    0     0     2  322  445 57 43  0  0  0 2019-10-29 01:36:22
 4  0      0 2758444  27780 466040    0    0     0   376  322  547 60 40  0  0  0 2019-10-29 01:36:27
 5  0      0 2732040  27788 488176    0    0     0  6382  338  481 61 39  0  0  0 2019-10-29 01:36:32
 6  0      0 2708504  27796 488188    0    0     0    14  326  601 60 40  0  0  0 2019-10-29 01:36:37
 5  0      0 2692372  27804 488188    0    0     0    12  335  590 59 41  0  0  0 2019-10-29 01:36:42
 4  0      0 2688336  27812 488204    0    0     0    18  423  849 59 41  0  0  0 2019-10-29 01:36:47
 4  0      0 2688820  27820 488220    0    0     0    15  452  863 61 39  0  0  0 2019-10-29 01:36:52
 4  0      0 2687072  27828 488236    0    0     0    16  479  936 58 42  0  0  0 2019-10-29 01:36:57
 4  0      0 2649532  27836 488256    0    0     0    13  478  997 60 40  0  0  0 2019-10-29 01:37:02
 5  0      0 2644120  27844 488272    0    0     0    52  519 1120 62 38  0  0  0 2019-10-29 01:37:07
 4  0      0 2650428  27852 488300    0    0     0    15  524 1138 59 41  0  0  0 2019-10-29 01:37:12
 5  0      0 2649476  27860 488324    0    0     0    20  547 1155 62 38  0  0  0 2019-10-29 01:37:17
procs -----------memory---------- ---swap-- -----io---- -system-- ------cpu----- -----timestamp-----
 r  b   swpd   free   buff  cache   si   so    bi    bo   in   cs us sy id wa st                 UTC
 4  0      0 2648088  27868 488344    0    0     0    10  527 1148 60 40  0  0  0 2019-10-29 01:37:22
 5  0      0 2640256  27876 488356    0    0     0     9  557 1233 59 41  0  0  0 2019-10-29 01:37:27
 7  0      0 2638840  27884 488376    0    0     0    26  581 1317 59 41  0  0  0 2019-10-29 01:37:32
 5  0      0 2637788  27884 488408    0    0     0     0  563 1296 62 38  0  0  0 2019-10-29 01:37:37
 7  0      0 2637444  27892 488420    0    0     0    31  599 1364 61 39  0  0  0 2019-10-29 01:37:42
 5  0      0 2632328  27908 488456    0    0     0    26  648 1481 60 40  0  0  0 2019-10-29 01:37:47
 4  0      0 2631592  27916 488472    0    0     0    10  601 1335 61 39  0  0  0 2019-10-29 01:37:52
 4  0      0 2631096  27924 488492    0    0     0     3  627 1449 59 41  0  0  0 2019-10-29 01:37:57
 4  0      0 2630256  27932 488512    0    0     0    29  600 1419 58 42  0  0  0 2019-10-29 01:38:02
 5  0      0 2632432  27940 488536    0    0     0     5  620 1448 60 40  0  0  0 2019-10-29 01:38:07
 5  0      0 2631672  27948 488556    0    0     0     3  638 1499 60 40  0  0  0 2019-10-29 01:38:12
 4  0      0 2631456  27956 488576    0    0     0    36  621 1354 58 42  0  0  0 2019-10-29 01:38:17
 5  0      0 2635740  27964 488600    0    0     0     4  646 1506 56 44  0  0  0 2019-10-29 01:38:22
 5  0      0 2635644  27972 488620    0    0     0     3  615 1470 61 39  0  0  0 2019-10-29 01:38:27
 6  0      0 2635312  27980 488644    0    0     0    30  618 1476 60 40  0  0  0 2019-10-29 01:38:32
 6  0      0 2635568  27988 488668    0    0     0     5  646 1573 59 41  0  0  0 2019-10-29 01:38:37
 5  0      0 2635768  27996 488696    0    0     0     3  681 1605 60 40  0  0  0 2019-10-29 01:38:42
 5  0      0 2635144  28004 488720    0    0     0     9  644 1588 59 41  0  0  0 2019-10-29 01:38:47
 4  0      0 2632240  28012 488744    0    0     0     7  634 1585 58 42  0  0  0 2019-10-29 01:38:52
 5  0      0 2632340  28020 488772    0    0     0     4  650 1599 58 42  0  0  0 2019-10-29 01:38:57
 4  0      0 2624304  28028 488796    0    0     0     3  579 1324 59 41  0  0  0 2019-10-29 01:39:02
procs -----------memory---------- ---swap-- -----io---- -system-- ------cpu----- -----timestamp-----
 r  b   swpd   free   buff  cache   si   so    bi    bo   in   cs us sy id wa st                 UTC
 5  0      0 2624756  28036 488832    0    0     0    35  692 1673 59 41  0  0  0 2019-10-29 01:39:07
 5  0      0 2624700  28044 488856    0    0     0     3  625 1539 60 40  0  0  0 2019-10-29 01:39:12
 4  0      0 2624896  28052 488872    0    0     0     3  661 1650 61 39  0  0  0 2019-10-29 01:39:17
 4  0      0 2624740  28060 488912    0    0     0    39  634 1580 61 39  0  0  0 2019-10-29 01:39:22
 5  0      0 2625024  28068 488940    0    0     0     3  701 1737 57 43  0  0  0 2019-10-29 01:39:27
 5  0      0 2625040  28076 488960    0    0     0     3  617 1594 62 38  0  0  0 2019-10-29 01:39:32
 4  0      0 2625528  28084 488988    0    0     0     3  719 1788 60 40  0  0  0 2019-10-29 01:39:37
 4  0      0 2622500  28092 489012    0    0     0     3  613 1571 58 42  0  0  0 2019-10-29 01:39:42
 4  0      0 2623368  28100 489044    0    0     0     3  732 1849 62 38  0  0  0 2019-10-29 01:39:47
 7  0      0 2623760  28108 489084    0    0     0    45  694 1795 59 41  0  0  0 2019-10-29 01:39:52
 5  0      0 2624720  28116 489112    0    0     0    16  713 1860 62 38  0  0  0 2019-10-29 01:39:57
 5  0      0 2621940  28124 489148    0    0     0     3  674 1749 61 39  0  0  0 2019-10-29 01:40:02
 7  0      0 2622812  28132 489164    0    0     0     3  701 1796 60 40  0  0  0 2019-10-29 01:40:07
 4  0      0 2623488  28140 489196    0    0     0     3  700 1798 61 39  0  0  0 2019-10-29 01:40:12
 5  0      0 2624512  28140 489228    0    0     0     0  705 1871 62 38  0  0  0 2019-10-29 01:40:17
 5  0      0 2623952  28148 489256    0    0     0    46  621 1530 58 42  0  0  0 2019-10-29 01:40:22
 8  0      0 2621460  28156 489288    0    0     0     5  678 1821 58 42  0  0  0 2019-10-29 01:40:27
 5  0      0 2622332  28164 489320    0    0     0     8  744 1948 60 40  0  0  0 2019-10-29 01:40:32
 5  0      0 2623048  28172 489348    0    0     0     8  700 1803 58 42  0  0  0 2019-10-29 01:40:37
 3  0      0 2620948  28180 489388    0    0     0     3  736 1964 60 40  0  0  0 2019-10-29 01:40:42
 4  0      0 2622016  28188 489428    0    0     0     3  747 1930 59 41  0  0  0 2019-10-29 01:40:47
procs -----------memory---------- ---swap-- -----io---- -system-- ------cpu----- -----timestamp-----
 r  b   swpd   free   buff  cache   si   so    bi    bo   in   cs us sy id wa st                 UTC
 4  0      0 2623156  28196 489488    0    0     0    46  720 1919 57 43  0  0  0 2019-10-29 01:40:52
 4  0      0 2621108  28204 489528    0    0     0     5  713 1850 59 41  0  0  0 2019-10-29 01:40:57
 5  0      0 2622292  28212 489572    0    0     0     5  735 1875 57 43  0  0  0 2019-10-29 01:41:02
 4  0      0 2620248  28220 489612    0    0     0    15  725 1932 60 40  0  0  0 2019-10-29 01:41:07
 4  0      0 2620576  28228 489664    0    0     0     3  698 1791 58 42  0  0  0 2019-10-29 01:41:12
 3  0      0 2621352  28236 489712    0    0     0    44  671 1776 59 41  0  0  0 2019-10-29 01:41:17
 4  0      0 2622664  28244 489748    0    0     0     5  748 1970 57 43  0  0  0 2019-10-29 01:41:22
 5  0      0 2620520  28252 489788    0    0     0     3  703 1809 59 41  0  0  0 2019-10-29 01:41:27
 4  0      0 2621324  28260 489828    0    0     0     3  704 1773 60 40  0  0  0 2019-10-29 01:41:32
 4  0      0 2619380  28268 489872    0    0     0     3  788 2032 60 40  0  0  0 2019-10-29 01:41:37
 3  0      0 2620248  28276 489924    0    0     0     8  752 2023 59 41  0  0  0 2019-10-29 01:41:42
 3  0      0 2621728  28284 489976    0    0     0    50  770 2005 59 41  0  0  0 2019-10-29 01:41:47
 3  0      0 2620208  28292 490028    0    0     0    14  791 2061 58 42  0  0  0 2019-10-29 01:41:52
 6  0      0 2621560  28300 490076    0    0     0     3  745 1931 56 44  0  0  0 2019-10-29 01:41:57
 4  0      0 2619496  28308 490116    0    0     0     3  764 1913 57 43  0  0  0 2019-10-29 01:42:02
 5  0      0 2621000  28316 490160    0    0     0     3  792 2026 59 41  0  0  0 2019-10-29 01:42:07
 4  0      0 2618984  28324 490208    0    0     0     3  725 1894 60 40  0  0  0 2019-10-29 01:42:12
 4  0      0 2620364  28332 490264    0    0     0    50  784 2047 58 42  0  0  0 2019-10-29 01:42:17
 4  0      0 2618892  28340 490308    0    0     0     5  808 2097 56 44  0  0  0 2019-10-29 01:42:22
 4  0      0 2619960  28348 490368    0    0     0     8  747 1996 61 39  0  0  0 2019-10-29 01:42:27
 5  0      0 2618328  28356 490408    0    0     0     6  788 2033 59 41  0  0  0 2019-10-29 01:42:32
procs -----------memory---------- ---swap-- -----io---- -system-- ------cpu----- -----timestamp-----
 r  b   swpd   free   buff  cache   si   so    bi    bo   in   cs us sy id wa st                 UTC
 6  0      0 2619768  28364 490456    0    0     0     3  766 1976 61 39  0  0  0 2019-10-29 01:42:37
 5  0      0 2620860  28372 490496    0    0     0     3  719 1917 57 43  0  0  0 2019-10-29 01:42:42
 5  0      0 2618732  28380 490556    0    0     0     3  758 2043 59 41  0  0  0 2019-10-29 01:42:47
 6  0      0 2619876  28388 490596    0    0     0    58  695 1813 61 39  0  0  0 2019-10-29 01:42:52
 5  0      0 2618156  28396 490644    0    0     0     3  740 1943 59 41  0  0  0 2019-10-29 01:42:57
 4  0      0 2617904  28404 490688    0    0     0     6  766 2040 61 39  0  0  0 2019-10-29 01:43:02
 4  0      0 2615832  28412 490736    0    0     0    14  791 2115 60 40  0  0  0 2019-10-29 01:43:07
 4  0      0 2616936  28420 490788    0    0     0     3  746 1981 58 42  0  0  0 2019-10-29 01:43:12
 5  0      0 2615052  28428 490836    0    0     0    49  770 2049 61 39  0  0  0 2019-10-29 01:43:17
 4  0      0 2616496  28436 490888    0    0     0     3  782 2050 59 41  0  0  0 2019-10-29 01:43:22
 3  0      0 2614580  28444 490928    0    0     0     3  750 1958 60 40  0  0  0 2019-10-29 01:43:27
 4  0      0 2616084  28452 490980    0    0     0    34  765 2041 59 41  0  0  0 2019-10-29 01:43:32
 4  0      0 2617048  28460 491024    0    0     0     3  757 1991 60 40  0  0  0 2019-10-29 01:43:37
 3  0      0 2615424  28468 491068    0    0     0     3  749 2026 59 41  0  0  0 2019-10-29 01:43:42
 5  0      0 2617152  28476 491124    0    0     0    35  774 2111 58 42  0  0  0 2019-10-29 01:43:47
 4  0      0 2615584  28484 491176    0    0     0     3  770 2060 57 43  0  0  0 2019-10-29 01:43:52
 5  0      0 2616648  28492 491220    0    0     0     3  757 2088 59 41  0  0  0 2019-10-29 01:43:57
 4  0      0 2615060  28500 491272    0    0     0     8  772 2070 60 40  0  0  0 2019-10-29 01:44:02
 4  0      0 2616512  28508 491316    0    0     0     3  740 1965 56 44  0  0  0 2019-10-29 01:44:07
 3  0      0 2614856  28516 491364    0    0     0     3  742 1933 58 42  0  0  0 2019-10-29 01:44:12
 3  0      0 2616720  28524 491424    0    0     0    54  778 2129 57 43  0  0  0 2019-10-29 01:44:17
procs -----------memory---------- ---swap-- -----io---- -system-- ------cpu----- -----timestamp-----
 r  b   swpd   free   buff  cache   si   so    bi    bo   in   cs us sy id wa st                 UTC
 3  0      0 2615448  28532 491476    0    0     0    14  801 2130 58 42  0  0  0 2019-10-29 01:44:22
 5  0      0 2613660  28540 491528    0    0     0     3  741 2005 57 43  0  0  0 2019-10-29 01:44:27
 4  0      0 2615136  28548 491564    0    0     0     3  760 2054 59 41  0  0  0 2019-10-29 01:44:32
 4  0      0 2613764  28556 491616    0    0     0     3  793 2128 61 39  0  0  0 2019-10-29 01:44:37
 4  0      0 2615396  28564 491672    0    0     0     3  748 2103 57 43  0  0  0 2019-10-29 01:44:42
 4  0      0 2613704  28572 491724    0    0     0    56  748 2016 59 41  0  0  0 2019-10-29 01:44:47
 4  0      0 2615376  28580 491772    0    0     0     4  801 2179 58 42  0  0  0 2019-10-29 01:44:52
 6  0      0 2614160  28588 491832    0    0     0     9  807 2186 60 40  0  0  0 2019-10-29 01:44:57
 5  0      0 2613040  28596 491876    0    0     0     3  820 2151 58 42  0  0  0 2019-10-29 01:45:02
 5  0      0 2614164  28604 491940    0    0     0     8  759 2048 58 42  0  0  0 2019-10-29 01:45:07
 3  0      0 2615132  28612 491972    0    0     0     3  716 1860 60 40  0  0  0 2019-10-29 01:45:12
 4  0      0 2613540  28620 492028    0    0     0    54  742 2018 59 41  0  0  0 2019-10-29 01:45:17
 3  0      0 2614888  28628 492076    0    0     0     3  734 1966 56 44  0  0  0 2019-10-29 01:45:22
 5  0      0 2613712  28636 492116    0    0     0     7  795 2177 59 41  0  0  0 2019-10-29 01:45:27
 7  2      0 2615376  28640 492176    0    0     0    12  746 2083 58 42  0  0  0 2019-10-29 01:45:32
 4  0      0 2615432  28644 492232    0    0     0     1  782 2152 59 41  0  0  0 2019-10-29 01:45:37
 5  0      0 2614156  28652 492288    0    0     0    50  807 2190 60 40  0  0  0 2019-10-29 01:45:42
 5  0      0 2615596  28660 492340    0    0     0     6  725 1984 56 44  0  0  0 2019-10-29 01:45:47
 5  0      0 2614220  28668 492388    0    0     0     3  763 2124 57 43  0  0  0 2019-10-29 01:45:52
 3  0      0 2616584  28676 492436    0    0     0     3  832 2284 59 41  0  0  0 2019-10-29 01:45:57
 3  0      0 2615016  28684 492484    0    0     0     3  778 2147 56 44  0  0  0 2019-10-29 01:46:02
procs -----------memory---------- ---swap-- -----io---- -system-- ------cpu----- -----timestamp-----
 r  b   swpd   free   buff  cache   si   so    bi    bo   in   cs us sy id wa st                 UTC
 3  0      0 2613456  28692 492536    0    0     0     3  742 2014 57 43  0  0  0 2019-10-29 01:46:07
 4  0      0 2615056  28700 492588    0    0     0     3  746 2012 59 41  0  0  0 2019-10-29 01:46:12
 4  0      0 2613900  28708 492648    0    0     0    58  821 2269 58 42  0  0  0 2019-10-29 01:46:17
 3  0      0 2615700  28716 492704    0    0     0    10  764 2144 60 40  0  0  0 2019-10-29 01:46:22
 5  0      0 2614596  28724 492748    0    0     0     3  786 2182 61 39  0  0  0 2019-10-29 01:46:27
 4  0      0 2616308  28732 492796    0    0     0     3  778 2079 59 41  0  0  0 2019-10-29 01:46:32
 3  0      0 2615228  28740 492844    0    0     0     3  799 2150 58 42  0  0  0 2019-10-29 01:46:37
 5  0      0 2614244  28748 492908    0    0     0     3  793 2270 60 40  0  0  0 2019-10-29 01:46:42
 3  0      0 2615836  28756 492964    0    0     0    62  771 2160 61 39  0  0  0 2019-10-29 01:46:47
 4  0      0 2614592  28764 493024    0    0     0     6  784 2214 58 42  0  0  0 2019-10-29 01:46:52
 4  0      0 2613248  28772 493076    0    0     0     6  788 2097 60 40  0  0  0 2019-10-29 01:46:57
 4  0      0 2615136  28780 493128    0    0     0     6  764 2125 58 42  0  0  0 2019-10-29 01:47:02
 7  0      0 2613888  28788 493180    0    0     0    46  785 2157 60 40  0  0  0 2019-10-29 01:47:07
 4  0      0 2615552  28796 493232    0    0     0     5  805 2175 61 39  0  0  0 2019-10-29 01:47:12
 4  0      0 2614220  28804 493284    0    0     0     3  763 2163 56 44  0  0  0 2019-10-29 01:47:17
 3  0      0 2615596  28812 493328    0    0     0     3  733 1989 60 40  0  0  0 2019-10-29 01:47:22
 3  0      0 2614480  28820 493380    0    0     0     3  852 2354 60 40  0  0  0 2019-10-29 01:47:27
 3  0      0 2613344  28828 493436    0    0     0     8  797 2213 59 41  0  0  0 2019-10-29 01:47:32
 3  0      0 2612168  28836 493496    0    0     0    56  774 2135 58 42  0  0  0 2019-10-29 01:47:37
 4  0      0 2614192  28844 493548    0    0     0    14  789 2148 60 40  0  0  0 2019-10-29 01:47:42
 4  0      0 2613208  28852 493608    0    0     0     4  813 2255 60 40  0  0  0 2019-10-29 01:47:47
procs -----------memory---------- ---swap-- -----io---- -system-- ------cpu----- -----timestamp-----
 r  b   swpd   free   buff  cache   si   so    bi    bo   in   cs us sy id wa st                 UTC
 4  0      0 2612344  28860 493656    0    0     0     3  821 2288 58 42  0  0  0 2019-10-29 01:47:52
 5  0      0 2614488  28868 493704    0    0     0     3  803 2247 58 42  0  0  0 2019-10-29 01:47:57
 3  0      0 2613116  28876 493764    0    0     0     3  775 2138 57 43  0  0  0 2019-10-29 01:48:02
 4  0      0 2615044  28884 493820    0    0     0    57  786 2188 59 41  0  0  0 2019-10-29 01:48:07
 4  0      0 2613956  28892 493880    0    0     0     6  801 2201 58 42  0  0  0 2019-10-29 01:48:12
 4  0      0 2612708  28900 493932    0    0     0     7  765 2170 59 41  0  0  0 2019-10-29 01:48:17
 4  0      0 2614820  28908 493988    0    0     0     6  794 2221 58 42  0  0  0 2019-10-29 01:48:22
 3  0      0 2613792  28916 494040    0    0     0     3  834 2299 58 42  0  0  0 2019-10-29 01:48:27
 4  0      0 2612744  28924 494088    0    0     0     3  790 2186 58 42  0  0  0 2019-10-29 01:48:32
 3  0      0 2614248  28932 494156    0    0     0    62  765 2134 56 44  0  0  0 2019-10-29 01:48:37
 3  0      0 2613292  28940 494208    0    0     0     5  792 2227 58 42  0  0  0 2019-10-29 01:48:42
 4  0      0 2612372  28948 494260    0    0     0     5  805 2255 58 42  0  0  0 2019-10-29 01:48:47
 3  0      0 2614372  28956 494316    0    0     0    12  801 2186 59 41  0  0  0 2019-10-29 01:48:52
 4  0      0 2613036  28964 494368    0    0     0     5  745 2123 59 41  0  0  0 2019-10-29 01:48:57
 4  0      0 2612144  28972 494420    0    0     0     3  837 2304 59 41  0  0  0 2019-10-29 01:49:02
 4  0      0 2614000  28980 494476    0    0     0    61  775 2101 59 41  0  0  0 2019-10-29 01:49:07
 5  0      0 2612692  28988 494528    0    0     0     5  801 2173 59 41  0  0  0 2019-10-29 01:49:12
 7  0      0 2614420  28996 494580    0    0     0     3  746 2096 61 39  0  0  0 2019-10-29 01:49:17
 3  0      0 2613176  29004 494624    0    0     0     3  792 2217 56 44  0  0  0 2019-10-29 01:49:22
 4  0      0 2611832  29012 494688    0    0     0    43  801 2168 61 39  0  0  0 2019-10-29 01:49:27
 5  0      0 3211244  29024 335768    0    0     0    31  310  492 56 44  0  0  0 2019-10-29 01:49:32
procs -----------memory---------- ---swap-- -----io---- -system-- ------cpu----- -----timestamp-----
 r  b   swpd   free   buff  cache   si   so    bi    bo   in   cs us sy id wa st                 UTC
 5  0      0 3186596  29032 335820    0    0     0    16  292  498 57 43  0  0  0 2019-10-29 01:49:37
 5  0      0 3170516  29032 335800    0    0     0     0  295  428 60 40  0  0  0 2019-10-29 01:49:42
 4  0      0 3160960  29040 335796    0    0     0     2  299  521 59 41  0  0  0 2019-10-29 01:49:47
 5  0      0 3154280  29048 335792    0    0     0     8  297  415 59 41  0  0  0 2019-10-29 01:49:52
 4  0      0 3150436  29056 335828    0    0     0     2  300  551 60 40  0  0  0 2019-10-29 01:49:57
 4  0      0 3143988  29064 335820    0    0     0    11  297  448 59 41  0  0  0 2019-10-29 01:50:02
 4  0      0 3139748  29064 335808    0    0     0    42  299  593 58 42  0  0  0 2019-10-29 01:50:07
 5  0      0 3101788  29072 335796    0    0     0     8  304  541 58 42  0  0  0 2019-10-29 01:50:12
 5  0      0 3089024  29080 335792    0    0     0     7  301  363 59 41  0  0  0 2019-10-29 01:50:17
 4  0      0 3075980  29088 335796    0    0     0     6  304  455 59 41  0  0  0 2019-10-29 01:50:22
 4  0      0 3066680  29096 335796    0    0     0     2  298  331 56 44  0  0  0 2019-10-29 01:50:27
 4  0      0 3057380  29096 335788    0    0     0     3  301  345 59 41  0  0  0 2019-10-29 01:50:32
 3  0      0 3053784  29104 335792    0    0     0     6  299  331 57 43  0  0  0 2019-10-29 01:50:37
 3  0      0 3074988  29112 335792    0    0     0    13  299  331 55 45  0  0  0 2019-10-29 01:50:42
 3  0      0 3075020  29120 335788    0    0     0     2  299  332 55 45  0  0  0 2019-10-29 01:50:47
 3  0      0 3074856  29128 335796    0    0     0     3  304  362 55 45  0  0  0 2019-10-29 01:50:52
 4  0      0 3074988  29128 335796    0    0     0     0  299  329 58 42  0  0  0 2019-10-29 01:50:57
 3  0      0 3075028  29136 335788    0    0     0    10  300  331 56 44  0  0  0 2019-10-29 01:51:02
 3  0      0 3075036  29144 335788    0    0     0     6  298  330 59 41  0  0  0 2019-10-29 01:51:07
 3  0      0 3075052  29152 335788    0    0     0     8  301  337 57 43  0  0  0 2019-10-29 01:51:12
 3  0      0 3075060  29160 335792    0    0     0     4  300  330 56 44  0  0  0 2019-10-29 01:51:17
procs -----------memory---------- ---swap-- -----io---- -system-- ------cpu----- -----timestamp-----
 r  b   swpd   free   buff  cache   si   so    bi    bo   in   cs us sy id wa st                 UTC
 3  0      0 3075192  29168 335788    0    0     0     2  299  334 57 43  0  0  0 2019-10-29 01:51:22
 3  0      0 3075200  29168 335788    0    0     0     0  298  331 56 44  0  0  0 2019-10-29 01:51:27
 3  0      0 3075200  29176 335792    0    0     0     5  302  337 55 45  0  0  0 2019-10-29 01:51:32
 3  0      0 3075200  29184 335792    0    0     0     6  299  331 57 43  0  0  0 2019-10-29 01:51:37
 3  0      0 3075232  29192 335796    0    0     0     2  300  334 56 44  0  0  0 2019-10-29 01:51:42
 4  0      0 3048460  29200 353628    0    0     0    42  442 1439 58 42  0  0  0 2019-10-29 01:51:47
 4  0      0 2931312  29208 470812    0    0     0 24235  965 5584 59 41  0  0  0 2019-10-29 01:51:52
 4  0      0 2808668  29216 583396    0    0     0    10  361  425 55 45  0  0  0 2019-10-29 01:51:57
 6  0      0 2779156  29224 583440    0    0     0    28  308  528 58 42  0  0  0 2019-10-29 01:52:02
 4  0      0 2744196  29224 583444    0    0     0     3  343  591 57 43  0  0  0 2019-10-29 01:52:07
 4  0      0 2657784  29232 583424    0    0     0    26  298  348 59 41  0  0  0 2019-10-29 01:52:12
 4  0      0 2656152  29240 583428    0    0     0    10  307  435 58 42  0  0  0 2019-10-29 01:52:17
 4  0      0 2650572  29248 583432    0    0     0    42  303  346 56 44  0  0  0 2019-10-29 01:52:22
 5  0      0 2622892  29256 583436    0    0     0 24232  398  509 60 40  0  0  0 2019-10-29 01:52:27
 5  0      0 2571812  29264 583616    0    0     0     9  332  371 61 39  0  0  0 2019-10-29 01:52:32
 5  0      0 2548500  29272 583616    0    0     0     6  299  372 61 39  0  0  0 2019-10-29 01:52:37
 5  0      0 2500688  29280 613236    0    0     0   378  301  398 57 43  0  0  0 2019-10-29 01:52:42
 6  0      0 2489468  29288 618364    0    0     0  6381  323  521 60 40  0  0  0 2019-10-29 01:52:47
 6  0      0 2472524  29296 619472    0    0     0     3  301  407 56 44  0  0  0 2019-10-29 01:52:52
 5  0      0 2477872  29304 620848    0    0     0     7  300  391 61 39  0  0  0 2019-10-29 01:52:57
 3  0      0 2477416  29312 620864    0    0     0    20  303  347 55 45  0  0  0 2019-10-29 01:53:02
procs -----------memory---------- ---swap-- -----io---- -system-- ------cpu----- -----timestamp-----
 r  b   swpd   free   buff  cache   si   so    bi    bo   in   cs us sy id wa st                 UTC
 4  0      0 2477540  29312 620872    0    0     0     0  299  328 54 46  0  0  0 2019-10-29 01:53:07
 3  0      0 2477408  29320 620872    0    0     0     6  306  366 58 42  0  0  0 2019-10-29 01:53:12
 5  0      0 2477436  29328 620884    0    0     0     7  357  593 58 42  0  0  0 2019-10-29 01:53:17
 5  0      0 2475440  29336 620904    0    0     0    29  331  552 59 41  0  0  0 2019-10-29 01:53:22
 4  0      0 2475264  29344 620904    0    0     0    15  304  414 58 42  0  0  0 2019-10-29 01:53:27
 3  0      0 2472204  29352 620912    0    0     0   547  332  569 59 41  0  0  0 2019-10-29 01:53:32
 5  0      0 2470568  29360 620920    0    0     0    10  338  520 54 46  0  0  0 2019-10-29 01:53:37
 5  0      0 2468152  29368 620940    0    0     0    16  456  842 61 39  0  0  0 2019-10-29 01:53:42
 5  0      0 2466828  29376 620948    0    0     0    12  506  995 60 40  0  0  0 2019-10-29 01:53:47
 5  0      0 2449916  29384 620960    0    0     0     8  507 1016 60 40  0  0  0 2019-10-29 01:53:52
 4  0      0 2449004  29392 620980    0    0     0    47  531 1098 58 42  0  0  0 2019-10-29 01:53:57
 5  0      0 2464388  29400 621004    0    0     0    23  542 1120 58 42  0  0  0 2019-10-29 01:54:02
 5  0      0 2463060  29408 621032    0    0     0    17  535 1166 59 41  0  0  0 2019-10-29 01:54:07
 4  0      0 2459808  29416 621052    0    0     0    15  569 1211 61 39  0  0  0 2019-10-29 01:54:12
 5  0      0 2450264  29424 621072    0    0     0     9  542 1161 61 39  0  0  0 2019-10-29 01:54:17
 4  0      0 2447192  29432 621104    0    0     0    58  569 1298 59 41  0  0  0 2019-10-29 01:54:22
 5  0      0 2446136  29440 621120    0    0     0     3  599 1282 61 39  0  0  0 2019-10-29 01:54:27
 4  0      0 2445728  29448 621124    0    0     0     3  605 1368 60 40  0  0  0 2019-10-29 01:54:32
 4  0      0 2445008  29456 621140    0    0     0     3  599 1324 61 39  0  0  0 2019-10-29 01:54:37
 5  0      0 2444324  29464 621160    0    0     0     3  614 1424 58 42  0  0  0 2019-10-29 01:54:42
 5  0      0 2446796  29472 621180    0    0     0     3  605 1387 60 40  0  0  0 2019-10-29 01:54:47
procs -----------memory---------- ---swap-- -----io---- -system-- ------cpu----- -----timestamp-----
 r  b   swpd   free   buff  cache   si   so    bi    bo   in   cs us sy id wa st                 UTC
 5  0      0 2445668  29480 621212    0    0     0    37  616 1403 59 41  0  0  0 2019-10-29 01:54:52
 4  0      0 2444788  29492 621232    0    0     0    17  615 1434 60 40  0  0  0 2019-10-29 01:54:57
 5  0      0 2444484  29500 621252    0    0     0     3  648 1493 59 41  0  0  0 2019-10-29 01:55:02
 4  0      0 2444092  29508 621268    0    0     0     3  601 1372 60 40  0  0  0 2019-10-29 01:55:07
 5  0      0 2443904  29516 621288    0    0     0     3  644 1476 59 41  0  0  0 2019-10-29 01:55:12
 5  0      0 2443428  29524 621300    0    0     0     3  610 1407 61 39  0  0  0 2019-10-29 01:55:17
 4  0      0 2442960  29524 621340    0    0     0    33  646 1514 60 40  0  0  0 2019-10-29 01:55:22
 5  0      0 2442748  29532 621364    0    0     0     6  661 1547 61 39  0  0  0 2019-10-29 01:55:27
 4  0      0 2442412  29540 621400    0    0     0     8  676 1643 58 42  0  0  0 2019-10-29 01:55:32
 4  0      0 2442644  29548 621416    0    0     0     8  673 1660 60 40  0  0  0 2019-10-29 01:55:37
 5  0      0 2443124  29556 621444    0    0     0     3  689 1692 59 41  0  0  0 2019-10-29 01:55:42
 5  0      0 2443496  29564 621464    0    0     0     3  715 1702 60 40  0  0  0 2019-10-29 01:55:47
 4  0      0 2437032  29572 621496    0    0     0    40  663 1624 61 39  0  0  0 2019-10-29 01:55:52
 5  0      0 2434036  29580 621520    0    0     0     7  697 1701 60 40  0  0  0 2019-10-29 01:55:57
 4  0      0 2434456  29588 621552    0    0     0     5  690 1806 58 42  0  0  0 2019-10-29 01:56:02
 4  0      0 2435356  29596 621580    0    0     0    12  771 1928 62 38  0  0  0 2019-10-29 01:56:07
 4  0      0 2435784  29604 621608    0    0     0     3  681 1767 61 39  0  0  0 2019-10-29 01:56:12
 4  0      0 2435896  29612 621640    0    0     0    42  715 1706 59 41  0  0  0 2019-10-29 01:56:17
 3  0      0 2433336  29620 621680    0    0     0     6  681 1693 59 41  0  0  0 2019-10-29 01:56:22
 5  0      0 2433824  29628 621720    0    0     0     3  729 1827 59 41  0  0  0 2019-10-29 01:56:27
 7  0      0 2434020  29636 621752    0    0     0    29  683 1614 57 43  0  0  0 2019-10-29 01:56:32
procs -----------memory---------- ---swap-- -----io---- -system-- ------cpu----- -----timestamp-----
 r  b   swpd   free   buff  cache   si   so    bi    bo   in   cs us sy id wa st                 UTC
 4  0      0 2434052  29644 621792    0    0     0     6  663 1686 61 39  0  0  0 2019-10-29 01:56:37
 5  0      0 2434316  29652 621840    0    0     0     8  717 1857 61 39  0  0  0 2019-10-29 01:56:42
 5  0      0 2432092  29660 621864    0    0     0     3  737 1859 58 42  0  0  0 2019-10-29 01:56:47
 5  0      0 2432580  29668 621916    0    0     0     3  694 1802 58 42  0  0  0 2019-10-29 01:56:52
 4  0      0 2433260  29676 621944    0    0     0     3  668 1747 60 40  0  0  0 2019-10-29 01:56:57
 5  0      0 2434328  29684 621988    0    0     0     3  748 1973 58 42  0  0  0 2019-10-29 01:57:02
 5  0      0 2431972  29692 622040    0    0     0    50  700 1831 59 41  0  0  0 2019-10-29 01:57:07
 4  0      0 2431660  29700 622072    0    0     0    11  629 1533 59 41  0  0  0 2019-10-29 01:57:12
 5  0      0 2432592  29708 622112    0    0     0     3  728 1883 60 40  0  0  0 2019-10-29 01:57:17
 4  0      0 2433556  29716 622156    0    0     0     3  725 1941 58 42  0  0  0 2019-10-29 01:57:22
 7  0      0 2430784  29724 622200    0    0     0     3  687 1826 59 41  0  0  0 2019-10-29 01:57:27
 5  0      0 2431808  29732 622244    0    0     0     3  718 1856 60 40  0  0  0 2019-10-29 01:57:32
 4  0      0 2433036  29740 622296    0    0     0    48  760 1926 60 40  0  0  0 2019-10-29 01:57:37
 4  0      0 2430860  29748 622340    0    0     0     4  700 1873 57 43  0  0  0 2019-10-29 01:57:42
 7  0      0 2431604  29756 622396    0    0     0    10  741 1890 59 41  0  0  0 2019-10-29 01:57:47
 6  0      0 2433080  29764 622436    0    0     0     8  775 2019 63 37  0  0  0 2019-10-29 01:57:52
 4  0      0 2430976  29772 622472    0    0     0     3  702 1874 59 41  0  0  0 2019-10-29 01:57:57
 4  0      0 2432108  29780 622524    0    0     0     3  757 1952 58 42  0  0  0 2019-10-29 01:58:02
 4  0      0 2430356  29788 622580    0    0     0    51  743 2003 59 41  0  0  0 2019-10-29 01:58:07
 5  0      0 2431772  29796 622620    0    0     0     3  761 1969 60 40  0  0  0 2019-10-29 01:58:12
 5  0      0 2430044  29804 622664    0    0     0     7  778 2036 60 40  0  0  0 2019-10-29 01:58:17
procs -----------memory---------- ---swap-- -----io---- -system-- ------cpu----- -----timestamp-----
 r  b   swpd   free   buff  cache   si   so    bi    bo   in   cs us sy id wa st                 UTC
 4  0      0 2431140  29812 622704    0    0     0    15  752 1993 61 39  0  0  0 2019-10-29 01:58:22
 5  0      0 2432360  29820 622752    0    0     0     3  739 1966 58 42  0  0  0 2019-10-29 01:58:27
 5  0      0 2430952  29828 622796    0    0     0     3  802 2119 59 41  0  0  0 2019-10-29 01:58:32
 4  0      0 2432360  29836 622856    0    0     0    54  742 2004 57 43  0  0  0 2019-10-29 01:58:37
 5  0      0 2430604  29844 622908    0    0     0     3  763 2069 56 44  0  0  0 2019-10-29 01:58:42
 5  0      0 2432240  29852 622956    0    0     0     3  797 2131 60 40  0  0  0 2019-10-29 01:58:47
 5  0      0 2430512  29860 622996    0    0     0     5  735 2014 60 40  0  0  0 2019-10-29 01:58:52
 4  0      0 2431700  29868 623056    0    0     0     6  761 2067 62 38  0  0  0 2019-10-29 01:58:57
 4  0      0 2430428  29876 623108    0    0     0     8  799 2168 59 41  0  0  0 2019-10-29 01:59:02
 5  0      0 2429100  29884 623156    0    0     0    54  818 2154 57 43  0  0  0 2019-10-29 01:59:07
 6  0      0 2430556  29892 623216    0    0     0     6  778 2125 57 43  0  0  0 2019-10-29 01:59:12
 5  0      0 2429340  29900 623268    0    0     0     3  798 2156 59 41  0  0  0 2019-10-29 01:59:17
 4  0      0 2430756  29908 623300    0    0     0     3  761 2007 60 40  0  0  0 2019-10-29 01:59:22
 3  0      0 2429220  29916 623352    0    0     0    47  767 2046 57 43  0  0  0 2019-10-29 01:59:27
 5  0      0 2430664  29924 623404    0    0     0     6  766 2088 61 39  0  0  0 2019-10-29 01:59:32
 5  0      0 2428552  29932 623452    0    0     0     3  724 1897 60 40  0  0  0 2019-10-29 01:59:37
 3  0      0 2430376  29940 623496    0    0     0     3  783 2123 56 44  0  0  0 2019-10-29 01:59:42
 4  0      0 2429068  29948 623544    0    0     0     3  803 2214 55 45  0  0  0 2019-10-29 01:59:47
 5  0      0 2431084  29956 623604    0    0     0     3  804 2126 59 41  0  0  0 2019-10-29 01:59:52
 4  0      0 2429424  29964 623660    0    0     0    53  785 2109 58 42  0  0  0 2019-10-29 01:59:57
 4  0      0 2430836  29972 623712    0    0     0    12  754 2051 60 40  0  0  0 2019-10-29 02:00:02
procs -----------memory---------- ---swap-- -----io---- -system-- ------cpu----- -----timestamp-----
 r  b   swpd   free   buff  cache   si   so    bi    bo   in   cs us sy id wa st                 UTC
 3  0      0 2428664  29980 623764    0    0     0     8  736 1975 59 41  0  0  0 2019-10-29 02:00:07
 4  0      0 2430240  29988 623796    0    0     0     3  757 2055 60 40  0  0  0 2019-10-29 02:00:12
 3  0      0 2428456  29996 623844    0    0     0     3  737 1954 59 41  0  0  0 2019-10-29 02:00:17
 3  0      0 2430192  30004 623892    0    0     0     3  762 2091 58 42  0  0  0 2019-10-29 02:00:22
 3  0      0 2428608  30012 623956    0    0     0     3  792 2124 59 41  0  0  0 2019-10-29 02:00:27
 3  0      0 2430344  30020 624008    0    0     0    55  765 2115 59 41  0  0  0 2019-10-29 02:00:32
 4  0      0 2429032  30028 624056    0    0     0     4  783 2143 61 39  0  0  0 2019-10-29 02:00:37
 4  0      0 2427628  30036 624108    0    0     0    14  792 2153 58 42  0  0  0 2019-10-29 02:00:42
 4  0      0 2428688  30044 624152    0    0     0     3  708 1904 60 40  0  0  0 2019-10-29 02:00:47
 4  0      0 2430096  30052 624200    0    0     0     3  741 1958 57 43  0  0  0 2019-10-29 02:00:52
 3  0      0 2428244  30060 624252    0    0     0    56  754 1973 58 42  0  0  0 2019-10-29 02:00:57
 4  0      0 2429652  30068 624296    0    0     0     3  735 2008 60 40  0  0  0 2019-10-29 02:01:02
 4  0      0 2428024  30076 624352    0    0     0     3  770 2068 60 40  0  0  0 2019-10-29 02:01:07
 3  0      0 2429816  30084 624392    0    0     0     3  788 2135 59 41  0  0  0 2019-10-29 02:01:12
 5  0      0 2427712  30092 624460    0    0     0    49  781 2076 60 40  0  0  0 2019-10-29 02:01:17
 4  0      0 2429576  30100 624508    0    0     0     3  798 2142 57 43  0  0  0 2019-10-29 02:01:22
 4  0      0 2428024  30108 624544    0    0     0     3  789 2046 59 41  0  0  0 2019-10-29 02:01:27
 5  0      0 2429568  30116 624584    0    0     0     3  769 2048 58 42  0  0  0 2019-10-29 02:01:32
 3  0      0 2428068  30124 624648    0    0     0     3  792 2156 60 40  0  0  0 2019-10-29 02:01:37
 4  0      0 2426732  30124 624704    0    0     0     0  798 2094 59 41  0  0  0 2019-10-29 02:01:42
 5  0      0 2428560  30132 624752    0    0     0    54  831 2206 60 40  0  0  0 2019-10-29 02:01:47
procs -----------memory---------- ---swap-- -----io---- -system-- ------cpu----- -----timestamp-----
 r  b   swpd   free   buff  cache   si   so    bi    bo   in   cs us sy id wa st                 UTC
 4  0      0 2426448  30140 624800    0    0     0    15  719 1900 60 40  0  0  0 2019-10-29 02:01:52
 4  0      0 2428272  30148 624844    0    0     0     3  773 2156 59 41  0  0  0 2019-10-29 02:01:57
 4  0      0 2427184  30156 624896    0    0     0     3  813 2257 59 41  0  0  0 2019-10-29 02:02:02
 4  0      0 2428852  30164 624956    0    0     0     3  788 2151 60 40  0  0  0 2019-10-29 02:02:07
 4  0      0 2427796  30172 625004    0    0     0     3  799 2214 58 42  0  0  0 2019-10-29 02:02:12
 4  0      0 2426740  30180 625076    0    0     0    55  807 2236 57 43  0  0  0 2019-10-29 02:02:17
 4  0      0 2428760  30188 625128    0    0     0     7  812 2215 59 41  0  0  0 2019-10-29 02:02:22
 4  0      0 2427140  30196 625196    0    0     0    10  798 2154 57 43  0  0  0 2019-10-29 02:02:27
 4  0      0 2425836  30204 625232    0    0     0     8  767 2076 58 42  0  0  0 2019-10-29 02:02:32
 3  0      0 2427796  30212 625284    0    0     0     3  785 2183 58 42  0  0  0 2019-10-29 02:02:37
 4  0      0 2426844  30220 625328    0    0     0     3  811 2280 57 43  0  0  0 2019-10-29 02:02:42
 4  0      0 2428644  30228 625392    0    0     0    57  774 2139 62 38  0  0  0 2019-10-29 02:02:47
 4  0      0 2427340  30236 625456    0    0     0     6  814 2225 57 43  0  0  0 2019-10-29 02:02:52
 5  0      0 2426256  30244 625500    0    0     0     4  835 2276 59 41  0  0  0 2019-10-29 02:02:57
 6  0      0 2428336  30252 625552    0    0     0    11  831 2230 57 43  0  0  0 2019-10-29 02:03:02
 4  0      0 2427280  30260 625608    0    0     0     3  814 2240 57 43  0  0  0 2019-10-29 02:03:07
 3  0      0 2426192  30268 625660    0    0     0     3  813 2228 59 41  0  0  0 2019-10-29 02:03:12
 4  0      0 2428272  30276 625716    0    0     0    57  820 2243 59 41  0  0  0 2019-10-29 02:03:17
 5  0      0 2427184  30284 625776    0    0     0     6  825 2206 56 44  0  0  0 2019-10-29 02:03:22
 4  0      0 2425880  30292 625824    0    0     0     3  772 2169 58 42  0  0  0 2019-10-29 02:03:27
 5  0      0 2428012  30300 625880    0    0     0     4  869 2366 59 41  0  0  0 2019-10-29 02:03:32
procs -----------memory---------- ---swap-- -----io---- -system-- ------cpu----- -----timestamp-----
 r  b   swpd   free   buff  cache   si   so    bi    bo   in   cs us sy id wa st                 UTC
 3  0      0 2426448  30308 625944    0    0     0    46  804 2169 57 43  0  0  0 2019-10-29 02:03:37
 3  0      0 2425624  30316 625992    0    0     0    11  825 2329 58 42  0  0  0 2019-10-29 02:03:42
 5  0      0 2427488  30324 626048    0    0     0     3  769 2131 57 43  0  0  0 2019-10-29 02:03:47
 3  0      0 2426480  30332 626092    0    0     0     3  805 2277 56 44  0  0  0 2019-10-29 02:03:52
 5  0      0 2425464  30340 626156    0    0     0     3  796 2210 61 39  0  0  0 2019-10-29 02:03:57
 4  0      0 2426556  30348 626208    0    0     0     3  763 2073 60 40  0  0  0 2019-10-29 02:04:02
 3  0      0 2425572  30356 626264    0    0     0     3  820 2239 59 41  0  0  0 2019-10-29 02:04:07
 5  0      0 2424516  30364 626320    0    0     0    63  815 2238 59 41  0  0  0 2019-10-29 02:04:12
 4  0      0 2426724  30372 626376    0    0     0    15  841 2224 58 42  0  0  0 2019-10-29 02:04:17
 4  0      0 2425828  30380 626428    0    0     0     3  851 2294 59 41  0  0  0 2019-10-29 02:04:22
 3  0      0 2424552  30388 626476    0    0     0     3  795 2187 58 42  0  0  0 2019-10-29 02:04:27
 4  0      0 2426704  30396 626532    0    0     0     3  850 2234 56 44  0  0  0 2019-10-29 02:04:32
 3  0      0 2425488  30404 626584    0    0     0     3  808 2195 58 42  0  0  0 2019-10-29 02:04:37
 5  0      0 2424468  30412 626644    0    0     0    60  843 2290 59 41  0  0  0 2019-10-29 02:04:42
 4  0      0 2426172  30420 626720    0    0     0     9  825 2344 60 40  0  0  0 2019-10-29 02:04:47
 4  0      0 2425220  30428 626756    0    0     0    11  818 2237 58 42  0  0  0 2019-10-29 02:04:52
 4  0      0 2424492  30436 626808    0    0     0     3  862 2357 61 39  0  0  0 2019-10-29 02:04:57
 4  0      0 2426548  30444 626868    0    0     0     3  816 2231 59 41  0  0  0 2019-10-29 02:05:02
 4  0      0 2425180  30452 626924    0    0     0    54  779 2114 57 43  0  0  0 2019-10-29 02:05:07
 4  0      0 2424028  30460 626980    0    0     0     3  801 2185 60 40  0  0  0 2019-10-29 02:05:12
 4  0      0 2425704  30468 627032    0    0     0     3  826 2256 60 40  0  0  0 2019-10-29 02:05:17
procs -----------memory---------- ---swap-- -----io---- -system-- ------cpu----- -----timestamp-----
 r  b   swpd   free   buff  cache   si   so    bi    bo   in   cs us sy id wa st                 UTC
 4  0      0 2424840  30476 627084    0    0     0     3  856 2296 58 42  0  0  0 2019-10-29 02:05:22
 4  0      0 2423656  30484 627144    0    0     0    48  790 2227 57 43  0  0  0 2019-10-29 02:05:27
 4  0      0 2425992  30492 627200    0    0     0     3  867 2248 59 41  0  0  0 2019-10-29 02:05:32
 4  0      0 2424968  30500 627248    0    0     0     3  809 2222 55 45  0  0  0 2019-10-29 02:05:37
 5  0      0 2423820  30508 627300    0    0     0     3  825 2264 57 43  0  0  0 2019-10-29 02:05:42
 4  0      0 2425836  30516 627356    0    0     0     3  809 2219 57 43  0  0  0 2019-10-29 02:05:47
 3  0      0 2424052  30524 627432    0    0     0     3  794 2214 56 44  0  0  0 2019-10-29 02:05:52
 4  0      0 2423068  30532 627488    0    0     0    69  827 2223 59 41  0  0  0 2019-10-29 02:05:57
 4  0      0 2425348  30540 627532    0    0     0     7  854 2327 60 40  0  0  0 2019-10-29 02:06:02
 3  0      0 3082464  30552 465692    0    0     0    38  328  597 54 46  0  0  0 2019-10-29 02:06:07
 5  0      0 3058280  30568 465780    0    0     0    34  290  494 56 44  0  0  0 2019-10-29 02:06:12
 5  0      0 3040332  30576 465752    0    0     0     2  297  424 60 40  0  0  0 2019-10-29 02:06:17
 4  0      0 3030412  30584 465752    0    0     0     2  296  497 59 41  0  0  0 2019-10-29 02:06:22
 5  0      0 3024212  30592 465764    0    0     0    21  298  424 56 44  0  0  0 2019-10-29 02:06:27
 4  0      0 3019724  30600 465800    0    0     0    49  300  556 59 41  0  0  0 2019-10-29 02:06:32
 4  0      0 3012780  30608 465792    0    0     0    15  297  462 59 41  0  0  0 2019-10-29 02:06:37
 4  0      0 2990808  30608 465772    0    0     0     7  298  585 56 44  0  0  0 2019-10-29 02:06:42
 5  0      0 2969216  30616 465772    0    0     0     5  305  529 59 41  0  0  0 2019-10-29 02:06:47
 5  0      0 2957436  30624 465760    0    0     0    22  303  398 59 41  0  0  0 2019-10-29 02:06:52
 3  0      0 2953608  30632 465760    0    0     0     5  300  421 57 43  0  0  0 2019-10-29 02:06:57
 4  0      0 2953196  30640 465764    0    0     0     2  301  354 57 43  0  0  0 2019-10-29 02:07:02
procs -----------memory---------- ---swap-- -----io---- -system-- ------cpu----- -----timestamp-----
 r  b   swpd   free   buff  cache   si   so    bi    bo   in   cs us sy id wa st                 UTC
 3  0      0 2953204  30648 465756    0    0     0     7  299  331 58 42  0  0  0 2019-10-29 02:07:07
 3  0      0 2953212  30648 465756    0    0     0     0  298  331 55 45  0  0  0 2019-10-29 02:07:12
 3  0      0 2953252  30656 465756    0    0     0     2  300  347 58 42  0  0  0 2019-10-29 02:07:17
 3  0      0 2953260  30664 465756    0    0     0     2  299  332 58 42  0  0  0 2019-10-29 02:07:22
 3  0      0 2953268  30672 465764    0    0     0    14  299  335 56 44  0  0  0 2019-10-29 02:07:27
 3  0      0 2953268  30672 465764    0    0     0    10  300  331 56 44  0  0  0 2019-10-29 02:07:32
 3  0      0 2953268  30680 465764    0    0     0     2  301  339 56 44  0  0  0 2019-10-29 02:07:37
 3  0      0 2953432  30688 465760    0    0     0     2  298  332 57 43  0  0  0 2019-10-29 02:07:42
 3  0      0 2953432  30696 465752    0    0     0     2  301  337 57 43  0  0  0 2019-10-29 02:07:47
 3  0      0 2953440  30696 465748    0    0     0     0  297  328 56 44  0  0  0 2019-10-29 02:07:52
 3  0      0 2953448  30704 465752    0    0     0     8  300  335 57 43  0  0  0 2019-10-29 02:07:57
 3  0      0 2953448  30712 465752    0    0     0     3  299  331 57 43  0  0  0 2019-10-29 02:08:02
 3  0      0 2953448  30720 465752    0    0     0     4  300  333 58 42  0  0  0 2019-10-29 02:08:07
 3  0      0 2953284  30728 465760    0    0     0     3  301  354 57 43  0  0  0 2019-10-29 02:08:12
 4  0      0 2953076  30736 465760    0    0     0     7  301  355 59 41  0  0  0 2019-10-29 02:08:17
 5  0      0 2878408  30744 528272    0    0     0    43  761 3698 59 41  0  0  0 2019-10-29 02:08:22
 4  0      0 2716284  30752 693760    0    0     0 24237  784 3354 53 47  0  0  0 2019-10-29 02:08:27
 5  0      0 2677032  30760 713312    0    0     0    25  306  493 57 43  0  0  0 2019-10-29 02:08:32
 7  0      0 2641932  30760 713304    0    0     0     1  346  520 56 44  0  0  0 2019-10-29 02:08:37
 5  0      0 2575248  30768 713296    0    0     0    25  305  425 58 42  0  0  0 2019-10-29 02:08:42
 5  0      0 2512628  30776 713292    0    0     0     5  298  365 61 39  0  0  0 2019-10-29 02:08:47
procs -----------memory---------- ---swap-- -----io---- -system-- ------cpu----- -----timestamp-----
 r  b   swpd   free   buff  cache   si   so    bi    bo   in   cs us sy id wa st                 UTC
 4  0      0 2522644  30784 713308    0    0     0    45  310  420 59 41  0  0  0 2019-10-29 02:08:52
 4  0      0 2510708  30792 713300    0    0     0    15  327  458 57 43  0  0  0 2019-10-29 02:08:57
 4  0      0 2481296  30792 713480    0    0     0 24222  390  450 61 39  0  0  0 2019-10-29 02:09:02
 6  0      0 2447544  30800 713488    0    0     0     6  294  406 59 41  0  0  0 2019-10-29 02:09:07
 5  0      0 2404380  30808 747988    0    0     0  6730  303  395 61 39  0  0  0 2019-10-29 02:09:12
 5  0      0 2381644  30816 748508    0    0     0    40  282  464 59 41  0  0  0 2019-10-29 02:09:17
 5  0      0 2365532  30824 749744    0    0     0     9  282  400 57 43  0  0  0 2019-10-29 02:09:22
 5  0      0 2370116  30832 750768    0    0     0    10  309  491 58 42  0  0  0 2019-10-29 02:09:27
 5  0      0 2368536  30840 750788    0    0     0    21  340  652 57 43  0  0  0 2019-10-29 02:09:32
 3  0      0 2351356  30848 750796    0    0     0    16  288  382 57 43  0  0  0 2019-10-29 02:09:37
 6  0      0 2351020  30856 750792    0    0     0     9  295  423 59 41  0  0  0 2019-10-29 02:09:42
 5  0      0 2348720  30856 750808    0    0     0     3  310  492 60 40  0  0  0 2019-10-29 02:09:47
 5  0      0 2344972  30864 750816    0    0     0    46  362  712 59 41  0  0  0 2019-10-29 02:09:52
 3  0      0 2340880  30872 750836    0    0     0   558  458  943 58 42  0  0  0 2019-10-29 02:09:57
 4  0      0 2341432  30880 750852    0    0     0    16  422  853 59 41  0  0  0 2019-10-29 02:10:02
 4  0      0 2324052  30888 750868    0    0     0    10  483  965 59 41  0  0  0 2019-10-29 02:10:07
 3  0      0 2320092  30896 750864    0    0     0     8  375  645 57 43  0  0  0 2019-10-29 02:10:12
 4  0      0 2320564  30904 750880    0    0     0    11  441  811 57 43  0  0  0 2019-10-29 02:10:17
 4  0      0 2318668  30912 750900    0    0     0    12  518 1112 61 39  0  0  0 2019-10-29 02:10:22
 4  0      0 2320376  30920 750924    0    0     0    59  529 1166 60 40  0  0  0 2019-10-29 02:10:27
 5  0      0 2333036  30928 750956    0    0     0    17  539 1202 62 38  0  0  0 2019-10-29 02:10:32
procs -----------memory---------- ---swap-- -----io---- -system-- ------cpu----- -----timestamp-----
 r  b   swpd   free   buff  cache   si   so    bi    bo   in   cs us sy id wa st                 UTC
 4  0      0 2321412  30936 750960    0    0     0     9  494 1046 60 40  0  0  0 2019-10-29 02:10:37
 4  0      0 2320652  30944 750976    0    0     0     8  534 1184 60 40  0  0  0 2019-10-29 02:10:42
 4  0      0 2324236  30952 750988    0    0     0     3  578 1308 60 40  0  0  0 2019-10-29 02:10:47
 4  0      0 2323644  30960 751004    0    0     0     3  586 1294 59 41  0  0  0 2019-10-29 02:10:52
 7  0      0 2322980  30968 751028    0    0     0     4  602 1391 59 41  0  0  0 2019-10-29 02:10:57
 4  0      0 2322188  30976 751052    0    0     0    34  593 1327 58 42  0  0  0 2019-10-29 02:11:02
 5  0      0 2324788  30984 751072    0    0     0    19  626 1416 61 39  0  0  0 2019-10-29 02:11:07
 5  0      0 2323808  30992 751084    0    0     0     3  559 1327 61 39  0  0  0 2019-10-29 02:11:12
 5  0      0 2322440  31000 751108    0    0     0     3  582 1329 60 40  0  0  0 2019-10-29 02:11:17
 4  0      0 2321716  31008 751132    0    0     0    33  597 1438 59 41  0  0  0 2019-10-29 02:11:22
 5  0      0 2321404  31016 751156    0    0     0     3  609 1451 60 40  0  0  0 2019-10-29 02:11:27
 3  0      0 2317332  31024 751168    0    0     0     3  589 1343 58 42  0  0  0 2019-10-29 02:11:32
 4  0      0 2316720  31032 751188    0    0     0     3  625 1493 59 41  0  0  0 2019-10-29 02:11:37
 5  0      0 2316336  31040 751212    0    0     0     8  603 1437 58 42  0  0  0 2019-10-29 02:11:42
 5  0      0 2315540  31048 751232    0    0     0     3  622 1381 61 39  0  0  0 2019-10-29 02:11:47
 3  0      0 2310060  31056 751264    0    0     0    38  621 1478 58 42  0  0  0 2019-10-29 02:11:52
 5  0      0 2310136  31064 751288    0    0     0    13  655 1593 58 42  0  0  0 2019-10-29 02:11:57
 3  0      0 2309672  31072 751304    0    0     0     3  621 1445 58 42  0  0  0 2019-10-29 02:12:02
 5  0      0 2309736  31080 751328    0    0     0     3  626 1432 57 43  0  0  0 2019-10-29 02:12:07
 5  0      0 2309708  31088 751352    0    0     0     3  640 1537 59 41  0  0  0 2019-10-29 02:12:12
 3  0      0 2309244  31096 751376    0    0     0     3  637 1528 59 41  0  0  0 2019-10-29 02:12:17
procs -----------memory---------- ---swap-- -----io---- -system-- ------cpu----- -----timestamp-----
 r  b   swpd   free   buff  cache   si   so    bi    bo   in   cs us sy id wa st                 UTC
 4  0      0 2309660  31104 751412    0    0     0    41  671 1688 59 41  0  0  0 2019-10-29 02:12:22
 4  0      0 2310084  31112 751440    0    0     0     3  710 1766 57 43  0  0  0 2019-10-29 02:12:27
 4  0      0 2310020  31120 751464    0    0     0     7  613 1494 62 38  0  0  0 2019-10-29 02:12:32
 4  0      0 2310476  31120 751508    0    0     0     0  692 1667 59 41  0  0  0 2019-10-29 02:12:37
 3  0      0 2310420  31128 751544    0    0     0     3  642 1574 58 42  0  0  0 2019-10-29 02:12:42
 3  0      0 2308112  31136 751580    0    0     0     3  733 1869 57 43  0  0  0 2019-10-29 02:12:47
 4  0      0 2308448  31144 751644    0    0     0    42  713 1836 60 40  0  0  0 2019-10-29 02:12:52
 4  0      0 2309064  31152 751676    0    0     0     9  659 1783 61 39  0  0  0 2019-10-29 02:12:57
 5  0      0 2310032  31160 751712    0    0     0     5  723 1838 60 40  0  0  0 2019-10-29 02:13:02
 5  0      0 2307148  31168 751756    0    0     0    15  647 1718 58 42  0  0  0 2019-10-29 02:13:07
 3  0      0 2308044  31176 751800    0    0     0     6  720 1823 58 42  0  0  0 2019-10-29 02:13:12
 5  0      0 2309036  31184 751840    0    0     0    44  710 1816 58 42  0  0  0 2019-10-29 02:13:17
 4  0      0 2306864  31192 751880    0    0     0     5  730 1883 59 41  0  0  0 2019-10-29 02:13:22
 3  0      0 2307480  31200 751920    0    0     0     3  710 1810 59 41  0  0  0 2019-10-29 02:13:27
 5  0      0 2308188  31208 751960    0    0     0     3  693 1860 60 40  0  0  0 2019-10-29 02:13:32
 5  0      0 2307560  31216 752004    0    0     0     3  662 1528 61 39  0  0  0 2019-10-29 02:13:37
 5  0      0 2308528  31224 752040    0    0     0     3  711 1842 59 41  0  0  0 2019-10-29 02:13:42
 4  0      0 2306396  31232 752088    0    0     0    46  737 1906 59 41  0  0  0 2019-10-29 02:13:47
 6  0      0 2307452  31240 752132    0    0     0     9  735 1938 59 41  0  0  0 2019-10-29 02:13:52
 4  0      0 2308064  31248 752176    0    0     0     3  734 1893 60 40  0  0  0 2019-10-29 02:13:57
 4  0      0 2305932  31256 752208    0    0     0     8  724 1854 58 42  0  0  0 2019-10-29 02:14:02
procs -----------memory---------- ---swap-- -----io---- -system-- ------cpu----- -----timestamp-----
 r  b   swpd   free   buff  cache   si   so    bi    bo   in   cs us sy id wa st                 UTC
 3  0      0 2306964  31264 752252    0    0     0     3  718 1837 58 42  0  0  0 2019-10-29 02:14:07
 4  0      0 2308068  31272 752296    0    0     0     3  700 1854 61 39  0  0  0 2019-10-29 02:14:12
 6  0      0 2305932  31280 752344    0    0     0     3  688 1822 59 41  0  0  0 2019-10-29 02:14:17
 4  0      0 2306924  31288 752400    0    0     0    50  706 1830 59 41  0  0  0 2019-10-29 02:14:22
 3  0      0 2305200  31296 752444    0    0     0     4  769 2014 58 42  0  0  0 2019-10-29 02:14:27
 3  0      0 2306000  31304 752484    0    0     0    14  669 1781 61 39  0  0  0 2019-10-29 02:14:32
 5  0      0 2307568  31312 752532    0    0     0     3  779 2038 60 40  0  0  0 2019-10-29 02:14:37
 5  0      0 2305876  31320 752576    0    0     0     3  781 2020 61 39  0  0  0 2019-10-29 02:14:42
 4  0      0 2306680  31328 752624    0    0     0    49  691 1877 61 39  0  0  0 2019-10-29 02:14:47
 5  0      0 2304452  31336 752672    0    0     0     3  735 1893 61 39  0  0  0 2019-10-29 02:14:52
 4  0      0 2306180  31344 752712    0    0     0     3  783 2100 60 40  0  0  0 2019-10-29 02:14:57
 5  0      0 2307268  31352 752756    0    0     0     3  704 1858 59 41  0  0  0 2019-10-29 02:15:02
 5  0      0 2305316  31360 752812    0    0     0     3  745 1982 58 42  0  0  0 2019-10-29 02:15:07
 5  0      0 2306416  31368 752856    0    0     0     8  717 1912 60 40  0  0  0 2019-10-29 02:15:12
 4  0      0 2304600  31376 752908    0    0     0    51  738 1979 56 44  0  0  0 2019-10-29 02:15:17
 3  0      0 2306240  31384 752956    0    0     0    11  771 2064 59 41  0  0  0 2019-10-29 02:15:22
 4  0      0 2304592  31392 753000    0    0     0     3  740 1993 59 41  0  0  0 2019-10-29 02:15:27
 3  0      0 2306128  31400 753044    0    0     0     3  760 2039 59 41  0  0  0 2019-10-29 02:15:32
 5  0      0 2304692  31408 753096    0    0     0     3  792 2142 58 42  0  0  0 2019-10-29 02:15:37
 4  0      0 2306260  31416 753148    0    0     0     3  790 2042 59 41  0  0  0 2019-10-29 02:15:42
 4  0      0 2304500  31424 753204    0    0     0    54  728 1963 60 40  0  0  0 2019-10-29 02:15:47
procs -----------memory---------- ---swap-- -----io---- -system-- ------cpu----- -----timestamp-----
 r  b   swpd   free   buff  cache   si   so    bi    bo   in   cs us sy id wa st                 UTC
 5  0      0 2306168  31432 753256    0    0     0     3  800 2137 61 39  0  0  0 2019-10-29 02:15:52
 5  0      0 2304788  31440 753308    0    0     0    10  809 2152 62 38  0  0  0 2019-10-29 02:15:57
 5  0      0 2305268  31448 753352    0    0     0     3  650 1812 58 42  0  0  0 2019-10-29 02:16:02
 3  0      0 2303548  31456 753404    0    0     0     3  775 1989 61 39  0  0  0 2019-10-29 02:16:07
 4  0      0 2305532  31464 753444    0    0     0     3  812 2184 59 41  0  0  0 2019-10-29 02:16:12
 4  0      0 2303584  31472 753512    0    0     0    55  729 2079 59 41  0  0  0 2019-10-29 02:16:17
 4  0      0 2305384  31480 753568    0    0     0     8  785 2132 57 43  0  0  0 2019-10-29 02:16:22
 5  0      0 2303864  31488 753604    0    0     0    12  767 2020 59 41  0  0  0 2019-10-29 02:16:27
 4  0      0 2305152  31496 753652    0    0     0     6  706 1949 59 41  0  0  0 2019-10-29 02:16:32
 5  0      0 2303816  31504 753704    0    0     0     6  770 2117 57 43  0  0  0 2019-10-29 02:16:37
 4  0      0 2301664  31512 753752    0    0     0     3  772 2033 61 39  0  0  0 2019-10-29 02:16:42
 6  0      0 2299412  31520 753800    0    0     0    54  717 1997 60 40  0  0  0 2019-10-29 02:16:47
 5  0      0 2299776  31528 753852    0    0     0     5  782 2073 60 40  0  0  0 2019-10-29 02:16:52
 5  0      0 2298308  31536 753900    0    0     0     3  804 2091 63 37  0  0  0 2019-10-29 02:16:57
 5  0      0 2296428  31544 753964    0    0     0     9  808 2171 59 41  0  0  0 2019-10-29 02:17:02
 3  0      0 2299212  31552 754008    0    0     0    10  789 2047 61 39  0  0  0 2019-10-29 02:17:07
 4  0      0 2300660  31560 754048    0    0     0     3  761 1986 55 45  0  0  0 2019-10-29 02:17:12
 6  0      0 2298808  31568 754108    0    0     0    54  748 1895 58 42  0  0  0 2019-10-29 02:17:17
 3  0      0 2300128  31576 754148    0    0     0     5  741 1939 56 44  0  0  0 2019-10-29 02:17:22
 4  0      0 2298276  31584 754196    0    0     0     8  740 2010 59 41  0  0  0 2019-10-29 02:17:27
 5  0      0 2300044  31592 754248    0    0     0     6  771 2081 61 39  0  0  0 2019-10-29 02:17:32
procs -----------memory---------- ---swap-- -----io---- -system-- ------cpu----- -----timestamp-----
 r  b   swpd   free   buff  cache   si   so    bi    bo   in   cs us sy id wa st                 UTC
 4  0      0 2298868  31600 754304    0    0     0    17  789 2201 57 43  0  0  0 2019-10-29 02:17:37
 5  0      0 2298044  31608 754360    0    0     0     7  820 2369 58 42  0  0  0 2019-10-29 02:17:42
 4  0      0 2300548  31616 754416    0    0     0    55  855 2402 58 42  0  0  0 2019-10-29 02:17:47
 3  0      0 2299876  31624 754476    0    0     0     5  859 2438 61 39  0  0  0 2019-10-29 02:17:52
 5  0      0 2299116  31632 754536    0    0     0     3  872 2504 61 39  0  0  0 2019-10-29 02:17:57
 5  0      0 2298284  31640 754588    0    0     0     3  825 2365 60 40  0  0  0 2019-10-29 02:18:02
 5  0      0 2297392  31648 754652    0    0     0     3  817 2350 60 40  0  0  0 2019-10-29 02:18:07
 4  0      0 2299668  31656 754716    0    0     0    51  850 2388 59 41  0  0  0 2019-10-29 02:18:12
 4  0      0 2298104  31664 754764    0    0     0     3  799 2152 61 39  0  0  0 2019-10-29 02:18:17
 4  0      0 2299960  31672 754808    0    0     0     3  772 2145 60 40  0  0  0 2019-10-29 02:18:22
 4  0      0 2298392  31680 754868    0    0     0     3  771 2115 58 42  0  0  0 2019-10-29 02:18:27
 4  0      0 2297088  31688 754912    0    0     0     3  767 2104 58 42  0  0  0 2019-10-29 02:18:32
 4  0      0 2299204  31696 754972    0    0     0     8  848 2418 58 42  0  0  0 2019-10-29 02:18:37
 4  0      0 2298380  31704 755040    0    0     0    58  810 2360 56 44  0  0  0 2019-10-29 02:18:42
 4  0      0 2297980  31712 755100    0    0     0    11  874 2441 58 42  0  0  0 2019-10-29 02:18:47
 4  0      0 2297156  31720 755152    0    0     0     3  809 2329 59 41  0  0  0 2019-10-29 02:18:52
 5  0      0 2296396  31728 755212    0    0     0     3  847 2354 58 42  0  0  0 2019-10-29 02:18:57
 3  0      0 2298668  31736 755264    0    0     0     3  846 2290 59 41  0  0  0 2019-10-29 02:19:02
 4  0      0 2298092  31744 755320    0    0     0     3  867 2445 59 41  0  0  0 2019-10-29 02:19:07
 5  0      0 2297140  31752 755384    0    0     0    62  847 2371 57 43  0  0  0 2019-10-29 02:19:12
 4  0      0 2296052  31760 755440    0    0     0     3  811 2243 59 41  0  0  0 2019-10-29 02:19:17
procs -----------memory---------- ---swap-- -----io---- -system-- ------cpu----- -----timestamp-----
 r  b   swpd   free   buff  cache   si   so    bi    bo   in   cs us sy id wa st                 UTC
 5  0      0 2297880  31764 755508    0    0     1     5  797 2177 57 43  0  0  0 2019-10-29 02:19:22
 7  0      0 2296792  31772 755564    0    0     0     8  787 2226 61 39  0  0  0 2019-10-29 02:19:27
 4  0      0 2296536  31780 755624    0    0     0     3  902 2554 58 42  0  0  0 2019-10-29 02:19:32
 4  0      0 2295548  31788 755676    0    0     0     3  829 2394 56 44  0  0  0 2019-10-29 02:19:37
 4  0      0 2298204  31796 755752    0    0     0    60  849 2529 58 42  0  0  0 2019-10-29 02:19:42
 4  0      0 2297576  31804 755816    0    0     0     5  850 2444 58 42  0  0  0 2019-10-29 02:19:47
 4  0      0 2297008  31812 755860    0    0     0     9  848 2417 59 41  0  0  0 2019-10-29 02:19:52
 3  0      0 2296056  31820 755912    0    0     0    14  784 2232 57 43  0  0  0 2019-10-29 02:19:57
 5  0      0 2298464  31828 755976    0    0     0     3  821 2347 58 42  0  0  0 2019-10-29 02:20:02
 3  0      0 2297224  31836 756032    0    0     0    54  773 2151 60 40  0  0  0 2019-10-29 02:20:07
 4  0      0 2296104  31844 756084    0    0     0     5  787 2193 56 44  0  0  0 2019-10-29 02:20:12
 4  0      0 2297612  31852 756140    0    0     0     3  785 2165 62 38  0  0  0 2019-10-29 02:20:17
 4  0      0 2296784  31860 756184    0    0     0     3  846 2431 59 41  0  0  0 2019-10-29 02:20:22
 4  0      0 2296112  31868 756252    0    0     0    44  842 2386 58 42  0  0  0 2019-10-29 02:20:27
 5  0      0 2295700  31876 756320    0    0     0     5  890 2519 59 41  0  0  0 2019-10-29 02:20:32
 3  0      0 2295348  31884 756384    0    0     0     3  885 2491 58 42  0  0  0 2019-10-29 02:20:37
 4  0      0 2298036  31892 756440    0    0     0     3  878 2497 59 41  0  0  0 2019-10-29 02:20:42
 4  0      0 2297272  31900 756504    0    0     0     3  819 2433 58 42  0  0  0 2019-10-29 02:20:47
 6  0      0 2296312  31908 756560    0    0     0     3  884 2475 55 45  0  0  0 2019-10-29 02:20:52
 4  0      0 2295304  31928 756636    0    0     2    67  792 2253 57 43  0  0  0 2019-10-29 02:20:57
 5  0      0 2294544  31936 756700    0    0     0    20  821 2351 59 41  0  0  0 2019-10-29 02:21:02
procs -----------memory---------- ---swap-- -----io---- -system-- ------cpu----- -----timestamp-----
 r  b   swpd   free   buff  cache   si   so    bi    bo   in   cs us sy id wa st                 UTC
 4  0      0 2294368  31944 756760    0    0     0     6  894 2584 57 43  0  0  0 2019-10-29 02:21:07
 4  0      0 2297000  31952 756808    0    0     0     3  851 2451 57 43  0  0  0 2019-10-29 02:21:12
 4  0      0 2296584  31960 756872    0    0     0     3  860 2443 58 42  0  0  0 2019-10-29 02:21:17
 4  0      0 2296136  31968 756936    0    0     0     3  854 2512 59 41  0  0  0 2019-10-29 02:21:22
 4  0      0 2295880  31976 756992    0    0     0     3  887 2508 57 43  0  0  0 2019-10-29 02:21:27
 4  0      0 2295088  31984 757064    0    0     0    66  845 2421 60 40  0  0  0 2019-10-29 02:21:32
 4  0      0 2294800  31992 757124    0    0     0     4  872 2478 61 39  0  0  0 2019-10-29 02:21:37
 4  0      0 2294324  32000 757180    0    0     0    10  885 2473 59 41  0  0  0 2019-10-29 02:21:42
 4  0      0 2296532  32008 757240    0    0     0     3  811 2312 57 43  0  0  0 2019-10-29 02:21:47
 5  0      0 2295960  32016 757300    0    0     0     3  838 2436 56 44  0  0  0 2019-10-29 02:21:52
 4  0      0 2295448  32024 757360    0    0     0     3  862 2452 58 42  0  0  0 2019-10-29 02:21:57
 4  0      0 2294620  32032 757440    0    0     0    65  878 2508 60 40  0  0  0 2019-10-29 02:22:02
 6  0      0 2293600  32040 757496    0    0     0     8  819 2285 59 41  0  0  0 2019-10-29 02:22:07
 4  0      0 2943416  32052 595688    0    0     0    29  323  567 54 46  0  0  0 2019-10-29 02:22:12
 4  0      0 2921948  32064 595676    0    0     0    44  294  514 58 42  0  0  0 2019-10-29 02:22:17
 4  0      0 2906696  32072 595664    0    0     0     2  297  439 60 40  0  0  0 2019-10-29 02:22:22
 4  0      0 2897272  32080 595660    0    0     0     3  297  490 56 44  0  0  0 2019-10-29 02:22:27
 4  0      0 2890452  32088 595660    0    0     0    26  299  430 58 42  0  0  0 2019-10-29 02:22:32
 5  0      0 2886708  32088 595696    0    0     0     0  297  550 57 43  0  0  0 2019-10-29 02:22:37
 4  0      0 2879640  32096 595680    0    0     0    34  298  434 59 41  0  0  0 2019-10-29 02:22:42
 4  0      0 2858940  32104 595668    0    0     0     6  300  609 59 41  0  0  0 2019-10-29 02:22:47
procs -----------memory---------- ---swap-- -----io---- -system-- ------cpu----- -----timestamp-----
 r  b   swpd   free   buff  cache   si   so    bi    bo   in   cs us sy id wa st                 UTC
 4  0      0 2837192  32112 595652    0    0     0     3  302  514 56 44  0  0  0 2019-10-29 02:22:52
 5  0      0 2823212  32120 595652    0    0     0     8  303  439 57 43  0  0  0 2019-10-29 02:22:57
 3  0      0 2820096  32120 595652    0    0     0     0  301  385 56 44  0  0  0 2019-10-29 02:23:02
 3  0      0 2820096  32128 595648    0    0     0     3  298  332 57 43  0  0  0 2019-10-29 02:23:07
 3  0      0 2819716  32136 595660    0    0     0    10  303  371 53 47  0  0  0 2019-10-29 02:23:12
 3  0      0 2819568  32144 595664    0    0     0    17  302  338 55 45  0  0  0 2019-10-29 02:23:17
 3  0      0 2819608  32152 595660    0    0     0     3  299  331 55 45  0  0  0 2019-10-29 02:23:22
 3  0      0 2819616  32152 595652    0    0     0     0  298  330 57 43  0  0  0 2019-10-29 02:23:27
 3  0      0 2819664  32160 595648    0    0     0     2  302  338 56 44  0  0  0 2019-10-29 02:23:32
 3  0      0 2819664  32168 595640    0    0     0     2  299  335 56 44  0  0  0 2019-10-29 02:23:37
 3  0      0 2819672  32176 595644    0    0     0     8  299  335 54 46  0  0  0 2019-10-29 02:23:42
 3  0      0 2819672  32184 595648    0    0     0    11  299  332 55 45  0  0  0 2019-10-29 02:23:47
 3  0      0 2819680  32184 595648    0    0     0     1  299  332 56 44  0  0  0 2019-10-29 02:23:52
 3  0      0 2819788  32192 595644    0    0     0     2  299  332 55 45  0  0  0 2019-10-29 02:23:57
 3  0      0 2819812  32200 595640    0    0     0     2  300  332 56 44  0  0  0 2019-10-29 02:24:02
 3  0      0 2819812  32208 595640    0    0     0     2  298  331 56 44  0  0  0 2019-10-29 02:24:07
 3  0      0 2819844  32208 595644    0    0     0     6  300  334 57 43  0  0  0 2019-10-29 02:24:12
 4  0      0 2819216  32216 595648    0    0     0     5  299  353 56 44  0  0  0 2019-10-29 02:24:17
 4  0      0 2745548  32224 658440    0    0     0    44  772 3325 57 43  0  0  0 2019-10-29 02:24:22
 4  0      0 2646688  32264 760792    0    0     6 24230  798 3328 57 43  0  0  0 2019-10-29 02:24:27
 4  0      0 2545856  32272 843152    0    0     0    11  303  453 54 46  0  0  0 2019-10-29 02:24:32
procs -----------memory---------- ---swap-- -----io---- -system-- ------cpu----- -----timestamp-----
 r  b   swpd   free   buff  cache   si   so    bi    bo   in   cs us sy id wa st                 UTC
 5  0      0 2516724  32280 843188    0    0     0    26  302  435 58 42  0  0  0 2019-10-29 02:24:37
 5  0      0 2455816  32288 843180    0    0     0    14  345  487 55 45  0  0  0 2019-10-29 02:24:42
 5  0      0 2377820  32296 843176    0    0     0     7  297  360 59 41  0  0  0 2019-10-29 02:24:47
 4  0      0 2372452  32296 843184    0    0     0    46  310  447 61 39  0  0  0 2019-10-29 02:24:52
 4  0      0 2371344  32304 843188    0    0     0    11  302  354 58 42  0  0  0 2019-10-29 02:24:57
 4  0      0 2370724  32324 843212    0    0     2 24234  391  402 57 43  0  0  0 2019-10-29 02:25:02
 4  0      0 2369980  32332 843208    0    0     0     2  299  335 58 42  0  0  0 2019-10-29 02:25:07
 3  0      0 2365764  32332 843208    0    0     0     0  299  333 56 44  0  0  0 2019-10-29 02:25:12
 3  0      0 2381916  32340 843208    0    0     0     9  302  337 54 46  0  0  0 2019-10-29 02:25:17
 3  0      0 2381916  32348 843212    0    0     0     2  300  333 55 45  0  0  0 2019-10-29 02:25:22
 3  0      0 2381948  32356 843212    0    0     0    17  301  334 54 46  0  0  0 2019-10-29 02:25:27
 3  0      0 2381848  32364 843228    0    0     0     7  304  358 55 45  0  0  0 2019-10-29 02:25:32
 3  0      0 2381980  32364 843224    0    0     0     3  298  330 56 44  0  0  0 2019-10-29 02:25:37
 3  0      0 2381980  32372 843232    0    0     0     5  302  339 58 42  0  0  0 2019-10-29 02:25:42
 4  0      0 2369984  32380 844148    0    0     0    18  344  624 61 39  0  0  0 2019-10-29 02:25:47
 5  0      0 2319960  32388 877732    0    0     0  6728  326  400 59 41  0  0  0 2019-10-29 02:25:52
 6  0      0 2283584  32396 877748    0    0     0    19  322  574 60 40  0  0  0 2019-10-29 02:25:57
 6  0      0 2280168  32404 877760    0    0     0    38  333  569 60 40  0  0  0 2019-10-29 02:26:02
 6  0      0 2276424  32412 877764    0    0     0     9  389  755 61 39  0  0  0 2019-10-29 02:26:07
 4  0      0 2275776  32420 877788    0    0     0    18  412  849 60 40  0  0  0 2019-10-29 02:26:12
 5  0      0 2276848  32428 877800    0    0     0    24  502 1041 61 39  0  0  0 2019-10-29 02:26:17
procs -----------memory---------- ---swap-- -----io---- -system-- ------cpu----- -----timestamp-----
 r  b   swpd   free   buff  cache   si   so    bi    bo   in   cs us sy id wa st                 UTC
 5  0      0 2253988  32436 877820    0    0     0     9  506 1055 59 41  0  0  0 2019-10-29 02:26:22
 5  0      0 2256460  32444 877840    0    0     0    12  533 1236 61 39  0  0  0 2019-10-29 02:26:27
 5  0      0 2253964  32452 877872    0    0     0    14  560 1258 61 39  0  0  0 2019-10-29 02:26:32
 6  0      0 2252448  32460 877900    0    0     0    47  548 1176 60 40  0  0  0 2019-10-29 02:26:37
 4  0      0 2241072  32468 877928    0    0     0    18  574 1351 62 38  0  0  0 2019-10-29 02:26:42
 3  0      0 2242624  32476 877940    0    0     0    38  576 1318 60 40  0  0  0 2019-10-29 02:26:47
 5  0      0 2241748  32484 877968    0    0     0     3  613 1471 61 39  0  0  0 2019-10-29 02:26:52
 5  0      0 2241280  32492 877976    0    0     0     3  601 1383 60 40  0  0  0 2019-10-29 02:26:57
 6  0      0 2239320  32500 878004    0    0     0    50  583 1323 59 41  0  0  0 2019-10-29 02:27:02
 5  0      0 2238952  32508 878028    0    0     0     3  632 1490 60 40  0  0  0 2019-10-29 02:27:07
 4  0      0 2238824  32516 878036    0    0     0     3  626 1488 59 41  0  0  0 2019-10-29 02:27:12
 4  0      0 2238356  32524 878060    0    0     0     3  626 1511 60 40  0  0  0 2019-10-29 02:27:17
 6  0      0 2238212  32532 878084    0    0     0     3  695 1652 59 41  0  0  0 2019-10-29 02:27:22
 5  0      0 2238100  32540 878112    0    0     0     3  651 1522 58 42  0  0  0 2019-10-29 02:27:27
 5  0      0 2238200  32548 878144    0    0     0    39  660 1591 61 39  0  0  0 2019-10-29 02:27:32
 4  0      0 2238108  32556 878168    0    0     0     6  653 1558 58 42  0  0  0 2019-10-29 02:27:37
 5  0      0 2238080  32564 878192    0    0     0     3  645 1499 58 42  0  0  0 2019-10-29 02:27:42
 5  0      0 2237584  32572 878212    0    0     0     3  635 1535 59 41  0  0  0 2019-10-29 02:27:47
 4  0      0 2237784  32580 878248    0    0     0     8  674 1689 60 40  0  0  0 2019-10-29 02:27:52
 5  0      0 2235360  32588 878268    0    0     0     3  696 1792 61 39  0  0  0 2019-10-29 02:27:57
 5  0      0 2235696  32596 878316    0    0     0    46  702 1719 61 39  0  0  0 2019-10-29 02:28:02
procs -----------memory---------- ---swap-- -----io---- -system-- ------cpu----- -----timestamp-----
 r  b   swpd   free   buff  cache   si   so    bi    bo   in   cs us sy id wa st                 UTC
 4  0      0 2236344  32604 878348    0    0     0     5  726 1783 61 39  0  0  0 2019-10-29 02:28:07
 5  0      0 2230380  32612 878368    0    0     0     6  663 1639 61 39  0  0  0 2019-10-29 02:28:12
 5  0      0 2231120  32620 878384    0    0     0     6  744 1827 59 41  0  0  0 2019-10-29 02:28:17
 5  0      0 2228476  32628 878416    0    0     0     3  734 1959 57 43  0  0  0 2019-10-29 02:28:22
 5  0      0 2229220  32636 878448    0    0     0     3  755 1933 60 40  0  0  0 2019-10-29 02:28:27
 4  0      0 2229516  32636 878480    0    0     0     0  685 1704 59 41  0  0  0 2019-10-29 02:28:32
 5  0      0 2230352  32644 878520    0    0     0    44  705 1884 57 43  0  0  0 2019-10-29 02:28:37
 7  0      0 2227936  32652 878552    0    0     0    10  793 1992 59 41  0  0  0 2019-10-29 02:28:42
 5  0      0 2229120  32660 878584    0    0     0     5  742 1995 58 42  0  0  0 2019-10-29 02:28:47
 5  0      0 2226564  32668 878612    0    0     0     7  702 1814 62 38  0  0  0 2019-10-29 02:28:52
 4  0      0 2226704  32676 878660    0    0     0     3  696 1894 58 42  0  0  0 2019-10-29 02:28:57
 3  0      0 2227992  32684 878700    0    0     0     8  786 2039 59 41  0  0  0 2019-10-29 02:29:02
 3  0      0 2226344  32692 878740    0    0     0    49  820 2108 59 41  0  0  0 2019-10-29 02:29:07
 3  0      0 2227120  32700 878788    0    0     0     5  704 1804 58 42  0  0  0 2019-10-29 02:29:12
 5  0      0 2228024  32708 878836    0    0     0    12  745 1883 59 41  0  0  0 2019-10-29 02:29:17
 5  0      0 2225796  32716 878872    0    0     0     4  732 1895 63 37  0  0  0 2019-10-29 02:29:22
 4  0      0 2225932  32724 878904    0    0     0     5  677 1710 61 39  0  0  0 2019-10-29 02:29:27
 5  0      0 2227276  32732 878948    0    0     0     3  782 2007 61 39  0  0  0 2019-10-29 02:29:32
 4  0      0 2224644  32740 879000    0    0     0    47  775 2035 60 40  0  0  0 2019-10-29 02:29:37
 6  0      0 2226056  32748 879048    0    0     0     5  796 2084 60 40  0  0  0 2019-10-29 02:29:42
 4  0      0 2227404  32756 879100    0    0     0     3  797 2095 58 42  0  0  0 2019-10-29 02:29:47
procs -----------memory---------- ---swap-- -----io---- -system-- ------cpu----- -----timestamp-----
 r  b   swpd   free   buff  cache   si   so    bi    bo   in   cs us sy id wa st                 UTC
 4  0      0 2225708  32764 879144    0    0     0     6  785 2025 59 41  0  0  0 2019-10-29 02:29:52
 4  0      0 2227116  32772 879192    0    0     0     4  765 2041 58 42  0  0  0 2019-10-29 02:29:57
 4  0      0 2224752  32780 879240    0    0     0     6  709 1778 59 41  0  0  0 2019-10-29 02:30:02
 5  0      0 2225428  32788 879288    0    0     0    54  717 1891 59 41  0  0  0 2019-10-29 02:30:07
 4  0      0 2226876  32796 879332    0    0     0    10  763 2060 60 40  0  0  0 2019-10-29 02:30:12
 4  0      0 2225316  32804 879376    0    0     0     3  777 2096 59 41  0  0  0 2019-10-29 02:30:17
 6  0      0 2223884  32812 879416    0    0     0     3  770 2082 58 42  0  0  0 2019-10-29 02:30:22
 5  0      0 2225176  32820 879476    0    0     0    11  773 2068 60 40  0  0  0 2019-10-29 02:30:27
 5  0      0 2226784  32828 879528    0    0     0     5  786 2142 59 41  0  0  0 2019-10-29 02:30:32
 4  0      0 2225280  32836 879572    0    0     0    54  769 2116 58 42  0  0  0 2019-10-29 02:30:37
 4  0      0 2226724  32844 879624    0    0     0     5  768 2085 57 43  0  0  0 2019-10-29 02:30:42
 3  0      0 2224908  32852 879672    0    0     0     3  779 2073 59 41  0  0  0 2019-10-29 02:30:47
 4  0      0 2223500  32860 879716    0    0     0     3  792 2134 56 44  0  0  0 2019-10-29 02:30:52
 4  0      0 2224848  32868 879792    0    0     0    65  796 2230 59 41  0  0  0 2019-10-29 02:30:57
 4  0      0 2223608  32876 879836    0    0     0    11  820 2148 59 41  0  0  0 2019-10-29 02:31:02
 5  0      0 2225416  32884 879888    0    0     0     3  784 2176 58 42  0  0  0 2019-10-29 02:31:07
 4  0      0 2224080  32892 879928    0    0     0     3  804 2144 58 42  0  0  0 2019-10-29 02:31:12
 5  0      0 2222492  32900 880000    0    0     0    48  848 2342 58 42  0  0  0 2019-10-29 02:31:17
 6  0      0 2224416  32908 880052    0    0     0    10  798 2073 59 41  0  0  0 2019-10-29 02:31:22
 3  0      0 2223184  32916 880096    0    0     0     3  802 2151 60 40  0  0  0 2019-10-29 02:31:27
 5  0      0 2224920  32924 880140    0    0     0     3  783 2172 60 40  0  0  0 2019-10-29 02:31:32
procs -----------memory---------- ---swap-- -----io---- -system-- ------cpu----- -----timestamp-----
 r  b   swpd   free   buff  cache   si   so    bi    bo   in   cs us sy id wa st                 UTC
 4  0      0 2223328  32932 880188    0    0     0     3  760 2035 60 40  0  0  0 2019-10-29 02:31:37
 5  0      0 2224096  32940 880248    0    0     0     3  719 1906 63 37  0  0  0 2019-10-29 02:31:42
 5  0      0 2222924  32948 880292    0    0     0    54  817 2282 62 38  0  0  0 2019-10-29 02:31:47
 3  0      0 2224912  32956 880352    0    0     0    14  829 2268 59 41  0  0  0 2019-10-29 02:31:52
 3  0      0 2224112  32964 880408    0    0     0     6  859 2322 59 41  0  0  0 2019-10-29 02:31:57
 5  0      0 2222616  32972 880464    0    0     0     3  816 2289 58 42  0  0  0 2019-10-29 02:32:02
 6  0      0 2224224  32980 880504    0    0     0     3  812 2195 60 40  0  0  0 2019-10-29 02:32:07
 6  0      0 2222948  32988 880556    0    0     0     3  813 2204 61 39  0  0  0 2019-10-29 02:32:12
 4  0      0 2224360  32996 880608    0    0     0     3  760 2085 61 39  0  0  0 2019-10-29 02:32:17
 4  0      0 2222700  33004 880664    0    0     0    58  789 2107 58 42  0  0  0 2019-10-29 02:32:22
 5  0      0 2221504  33012 880732    0    0     0     4  875 2467 57 43  0  0  0 2019-10-29 02:32:27
 4  0      0 2220712  33020 880780    0    0     0    13  855 2311 57 43  0  0  0 2019-10-29 02:32:32
 5  0      0 2222928  33028 880828    0    0     0     3  828 2339 59 41  0  0  0 2019-10-29 02:32:37
 5  0      0 2221912  33036 880880    0    0     0     3  810 2268 56 44  0  0  0 2019-10-29 02:32:42
 5  0      0 2220612  33044 880944    0    0     0     3  799 2235 57 43  0  0  0 2019-10-29 02:32:47
 4  0      0 2222472  33052 881016    0    0     0    59  834 2260 59 41  0  0  0 2019-10-29 02:32:52
 4  0      0 2221712  33060 881060    0    0     0     3  846 2352 58 42  0  0  0 2019-10-29 02:32:57
 4  0      0 2220176  33068 881112    0    0     0    10  736 2043 57 43  0  0  0 2019-10-29 02:33:02
 5  0      0 2222192  33076 881164    0    0     0     8  828 2202 60 40  0  0  0 2019-10-29 02:33:07
 4  0      0 2221268  33084 881220    0    0     0     3  834 2369 60 40  0  0  0 2019-10-29 02:33:12
 5  0      0 2220660  33092 881268    0    0     0     3  873 2430 59 41  0  0  0 2019-10-29 02:33:17
procs -----------memory---------- ---swap-- -----io---- -system-- ------cpu----- -----timestamp-----
 r  b   swpd   free   buff  cache   si   so    bi    bo   in   cs us sy id wa st                 UTC
 5  0      0 2222712  33100 881336    0    0     0    61  826 2325 60 40  0  0  0 2019-10-29 02:33:22
 5  0      0 2221944  33108 881392    0    0     0     3  842 2355 57 43  0  0  0 2019-10-29 02:33:27
 4  0      0 2221116  33116 881440    0    0     0     7  872 2367 62 38  0  0  0 2019-10-29 02:33:32
 5  0      0 2219804  33124 881512    0    0     0     9  825 2269 58 42  0  0  0 2019-10-29 02:33:37
 4  0      0 2222148  33132 881560    0    0     0     5  836 2346 61 39  0  0  0 2019-10-29 02:33:42
 5  0      0 2220180  33140 881608    0    0     0    58  703 1914 59 41  0  0  0 2019-10-29 02:33:47
 3  0      0 2222044  33148 881668    0    0     0     5  786 2163 59 41  0  0  0 2019-10-29 02:33:52
 3  0      0 2221604  33156 881720    0    0     0     3  868 2403 57 43  0  0  0 2019-10-29 02:33:57
 4  0      0 2220680  33164 881792    0    0     0     3  866 2420 60 40  0  0  0 2019-10-29 02:34:02
 5  0      0 2219920  33172 881852    0    0     0     3  828 2386 59 41  0  0  0 2019-10-29 02:34:07
 3  0      0 2219120  33180 881896    0    0     0     3  809 2281 56 44  0  0  0 2019-10-29 02:34:12
 4  0      0 2221424  33188 881960    0    0     0    61  825 2323 59 41  0  0  0 2019-10-29 02:34:17
 4  0      0 2220880  33196 882016    0    0     0    13  884 2427 60 40  0  0  0 2019-10-29 02:34:22
 3  0      0 2220176  33204 882080    0    0     0     3  872 2351 58 42  0  0  0 2019-10-29 02:34:27
 4  0      0 2222160  33212 882120    0    0     0     3  800 2183 59 41  0  0  0 2019-10-29 02:34:32
 4  0      0 2220692  33220 882180    0    0     0     3  800 2159 58 42  0  0  0 2019-10-29 02:34:37
 5  0      0 2219896  33228 882240    0    0     0     3  871 2397 58 42  0  0  0 2019-10-29 02:34:42
 3  0      0 2219020  33236 882312    0    0     0    65  892 2547 63 37  0  0  0 2019-10-29 02:34:47
 4  0      0 2221172  33244 882360    0    0     0     6  835 2282 60 40  0  0  0 2019-10-29 02:34:52
 4  0      0 2220444  33252 882420    0    0     0    11  844 2380 58 42  0  0  0 2019-10-29 02:34:57
 3  0      0 2219748  33260 882472    0    0     0     6  850 2330 58 42  0  0  0 2019-10-29 02:35:02
procs -----------memory---------- ---swap-- -----io---- -system-- ------cpu----- -----timestamp-----
 r  b   swpd   free   buff  cache   si   so    bi    bo   in   cs us sy id wa st                 UTC
 3  0      0 2218724  33268 882524    0    0     0     3  849 2234 57 43  0  0  0 2019-10-29 02:35:07
 4  0      0 2220712  33276 882584    0    0     0    54  830 2266 57 43  0  0  0 2019-10-29 02:35:12
 4  0      0 2219176  33284 882648    0    0     0     5  787 2099 58 42  0  0  0 2019-10-29 02:35:17
 5  0      0 2218192  33292 882692    0    0     0     3  824 2239 59 41  0  0  0 2019-10-29 02:35:22
 5  0      0 2220584  33300 882740    0    0     0     3  861 2434 59 41  0  0  0 2019-10-29 02:35:27
 4  0      0 2220076  33308 882804    0    0     0     3  901 2500 59 41  0  0  0 2019-10-29 02:35:32
 3  0      0 2219152  33316 882868    0    0     0    46  848 2357 57 43  0  0  0 2019-10-29 02:35:37
 5  0      0 2218544  33324 882928    0    0     0     3  856 2434 60 40  0  0  0 2019-10-29 02:35:42
 5  0      0 2219924  33332 882976    0    0     0     3  777 2070 61 39  0  0  0 2019-10-29 02:35:47
 4  0      0 2219224  33340 883032    0    0     0     3  883 2463 59 41  0  0  0 2019-10-29 02:35:52
 3  0      0 2218044  33348 883104    0    0     0     8  846 2399 55 45  0  0  0 2019-10-29 02:35:57
 3  0      0 2220068  33356 883148    0    0     0     3  814 2245 60 40  0  0  0 2019-10-29 02:36:02
 3  0      0 2219356  33364 883216    0    0     0    61  851 2408 58 42  0  0  0 2019-10-29 02:36:07
 4  0      0 2218756  33372 883272    0    0     0    14  869 2433 57 43  0  0  0 2019-10-29 02:36:12
 3  0      0 2218348  33380 883332    0    0     0     3  882 2433 58 42  0  0  0 2019-10-29 02:36:17
 4  0      0 2217780  33388 883384    0    0     0     3  866 2452 60 40  0  0  0 2019-10-29 02:36:22
 5  0      0 2219516  33396 883452    0    0     0     3  802 2212 57 43  0  0  0 2019-10-29 02:36:27
 3  0      0 2218152  33404 883500    0    0     0     3  800 2176 60 40  0  0  0 2019-10-29 02:36:32
 4  0      0 2217224  33416 883556    0    0     0    63  829 2278 56 44  0  0  0 2019-10-29 02:36:37
 3  0      0 2219496  33424 883608    0    0     0     3  838 2313 59 41  0  0  0 2019-10-29 02:36:42
 3  0      0 2218152  33432 883668    0    0     0    11  803 2140 58 42  0  0  0 2019-10-29 02:36:47
procs -----------memory---------- ---swap-- -----io---- -system-- ------cpu----- -----timestamp-----
 r  b   swpd   free   buff  cache   si   so    bi    bo   in   cs us sy id wa st                 UTC
 3  0      0 2217160  33440 883712    0    0     0     3  813 2231 58 42  0  0  0 2019-10-29 02:36:52
 4  0      0 2219532  33448 883772    0    0     0     3  851 2370 60 40  0  0  0 2019-10-29 02:36:57
 4  0      0 2218448  33456 883852    0    0     0    55  875 2416 58 42  0  0  0 2019-10-29 02:37:02
 4  0      0 2217528  33464 883904    0    0     0     8  835 2278 59 41  0  0  0 2019-10-29 02:37:07
 4  0      0 2219328  33472 883940    0    0     0     3  783 2124 61 39  0  0  0 2019-10-29 02:37:12
 3  0      0 2218376  33480 883992    0    0     0     3  820 2298 57 43  0  0  0 2019-10-29 02:37:17
 4  0      0 2217584  33488 884060    0    0     0    54  834 2251 60 40  0  0  0 2019-10-29 02:37:22
 4  0      0 2216696  33496 884112    0    0     0     3  845 2295 54 46  0  0  0 2019-10-29 02:37:27
 3  0      0 2217944  33504 884156    0    0     0     3  715 1935 58 42  0  0  0 2019-10-29 02:37:32
 4  0      0 2216988  33512 884216    0    0     0     3  867 2310 57 43  0  0  0 2019-10-29 02:37:37
 4  0      0 2218780  33520 884280    0    0     0     3  820 2251 59 41  0  0  0 2019-10-29 02:37:42
 4  0      0 2218308  33528 884328    0    0     0     3  872 2411 58 42  0  0  0 2019-10-29 02:37:47
 3  0      0 2816740  33540 725436    0    0     0    87  394  825 59 41  0  0  0 2019-10-29 02:37:52
 4  0      0 2796488  33540 725556    0    0     0    26  286  471 57 43  0  0  0 2019-10-29 02:37:57
 5  0      0 2776648  33548 725532    0    0     0    17  298  456 58 42  0  0  0 2019-10-29 02:38:02
 4  0      0 2766480  33556 725532    0    0     0     2  297  459 61 39  0  0  0 2019-10-29 02:38:07
 4  0      0 2758876  33564 725536    0    0     0     3  300  452 58 42  0  0  0 2019-10-29 02:38:12
 4  0      0 2755164  33572 725528    0    0     0     7  298  503 57 43  0  0  0 2019-10-29 02:38:17
 5  0      0 2748220  33572 725560    0    0     0     4  296  496 57 43  0  0  0 2019-10-29 02:38:22
 4  0      0 2743004  33580 725548    0    0     0    11  298  512 60 40  0  0  0 2019-10-29 02:38:27
 4  0      0 2705136  33588 725536    0    0     0    23  306  626 58 42  0  0  0 2019-10-29 02:38:32
procs -----------memory---------- ---swap-- -----io---- -system-- ------cpu----- -----timestamp-----
 r  b   swpd   free   buff  cache   si   so    bi    bo   in   cs us sy id wa st                 UTC
 4  0      0 2693536  33596 725532    0    0     0     8  299  377 57 43  0  0  0 2019-10-29 02:38:37
 4  0      0 2684592  33596 725532    0    0     0     1  304  456 60 40  0  0  0 2019-10-29 02:38:42
 4  0      0 2676904  33604 725536    0    0     0    21  300  334 58 42  0  0  0 2019-10-29 02:38:47
 4  0      0 2666728  33612 725548    0    0     0     5  300  339 58 42  0  0  0 2019-10-29 02:38:52
 4  0      0 2659204  33620 725532    0    0     0     2  300  346 56 44  0  0  0 2019-10-29 02:38:57
 3  0      0 2664412  33620 725524    0    0     0     0  299  328 55 45  0  0  0 2019-10-29 02:39:02
 3  0      0 2664412  33628 725524    0    0     0     2  299  333 54 46  0  0  0 2019-10-29 02:39:07
 3  0      0 2664412  33636 725524    0    0     0     2  299  332 56 44  0  0  0 2019-10-29 02:39:12
 3  0      0 2664412  33644 725524    0    0     0     2  300  335 55 45  0  0  0 2019-10-29 02:39:17
 3  0      0 2664412  33644 725536    0    0     0     6  300  351 57 43  0  0  0 2019-10-29 02:39:22
 3  0      0 2664420  33652 725536    0    0     0    16  300  335 57 43  0  0  0 2019-10-29 02:39:27
 3  0      0 2664436  33660 725524    0    0     0     2  300  334 58 42  0  0  0 2019-10-29 02:39:32
 3  0      0 2664444  33668 725524    0    0     0     2  300  335 57 43  0  0  0 2019-10-29 02:39:37
 3  0      0 2664576  33676 725520    0    0     0     2  299  334 57 43  0  0  0 2019-10-29 02:39:42
 3  0      0 2664592  33676 725520    0    0     0     0  300  332 57 43  0  0  0 2019-10-29 02:39:47
 3  0      0 2664468  33684 725524    0    0     0     8  298  329 57 43  0  0  0 2019-10-29 02:39:52
 3  0      0 2664500  33692 725524    0    0     0     3  299  332 59 41  0  0  0 2019-10-29 02:39:57
 4  0      0 2662124  33700 725908    0    0     0    41  306  511 57 43  0  0  0 2019-10-29 02:40:02
 4  0      0 2541892  33708 833712    0    0     0    17 1067 5782 57 43  0  0  0 2019-10-29 02:40:07
 5  0      0 2407960  33716 972960    0    0     0 24231  478 1162 55 45  0  0  0 2019-10-29 02:40:12
 4  0      0 2371784  33724 973016    0    0     0    21  305  504 59 41  0  0  0 2019-10-29 02:40:17
procs -----------memory---------- ---swap-- -----io---- -system-- ------cpu----- -----timestamp-----
 r  b   swpd   free   buff  cache   si   so    bi    bo   in   cs us sy id wa st                 UTC
 4  0      0 2302804  33732 973008    0    0     0    14  346  532 57 43  0  0  0 2019-10-29 02:40:22
 4  0      0 2258412  33740 972996    0    0     0     3  296  424 58 42  0  0  0 2019-10-29 02:40:27
 4  0      0 2255680  33740 973004    0    0     0     6  313  464 61 39  0  0  0 2019-10-29 02:40:32
 4  0      0 2254448  33748 973000    0    0     0    76  300  334 59 41  0  0  0 2019-10-29 02:40:37
 5  0      0 2241280  33756 973004    0    0     0 24232  420  501 57 43  0  0  0 2019-10-29 02:40:42
 5  0      0 2199244  33764 973004    0    0     0    11  299  337 57 43  0  0  0 2019-10-29 02:40:47
 4  0      0 2155656  33772 973180    0    0     0     2  297  378 56 44  0  0  0 2019-10-29 02:40:52
 4  0      0 2123996  33780 976252    0    0     0   363  300  415 57 43  0  0  0 2019-10-29 02:40:57
 6  0      0 2089076  33788 1007696    0    0     0  6373  321  382 59 41  0  0  0 2019-10-29 02:41:02
 5  0      0 2085996  33796 1007952    0    0     0    10  300  498 60 40  0  0  0 2019-10-29 02:41:07
 5  0      0 2071736  33796 1008408    0    0     0     2  298  360 59 41  0  0  0 2019-10-29 02:41:12
 6  0      0 2067740  33804 1008840    0    0     0    26  303  367 61 39  0  0  0 2019-10-29 02:41:17
 6  0      0 2067300  33812 1009320    0    0     0     4  300  362 60 40  0  0  0 2019-10-29 02:41:22
 5  0      0 2071928  33820 1010468    0    0     0     4  305  397 60 40  0  0  0 2019-10-29 02:41:27
 5  0      0 2072104  33828 1010484    0    0     0    22  361  625 59 41  0  0  0 2019-10-29 02:41:32
 4  0      0 2070524  33836 1010496    0    0     0    21  323  532 59 41  0  0  0 2019-10-29 02:41:37
 5  0      0 2063132  33840 1010520    0    0     0    20  326  539 60 40  0  0  0 2019-10-29 02:41:42
 4  0      0 2048188  33844 1010520    0    0     0   580  357  638 58 42  0  0  0 2019-10-29 02:41:47
 6  0      0 2046340  33848 1010532    0    0     0    16  464  867 59 41  0  0  0 2019-10-29 02:41:52
 3  0      0 2044980  33852 1010552    0    0     0    14  497  934 59 41  0  0  0 2019-10-29 02:41:57
 6  0      0 2046612  33860 1010556    0    0     0     3  461  877 59 41  0  0  0 2019-10-29 02:42:02
procs -----------memory---------- ---swap-- -----io---- -system-- ------cpu----- -----timestamp-----
 r  b   swpd   free   buff  cache   si   so    bi    bo   in   cs us sy id wa st                 UTC
 6  0      0 2046072  33868 1010576    0    0     0    11  538 1120 60 40  0  0  0 2019-10-29 02:42:07
 6  0      0 2036048  33876 1010584    0    0     0    10  481  996 59 41  0  0  0 2019-10-29 02:42:12
 4  0      0 2034000  33884 1010616    0    0     0    16  551 1161 60 40  0  0  0 2019-10-29 02:42:17
 3  0      0 2031952  33892 1010640    0    0     0    34  580 1257 59 41  0  0  0 2019-10-29 02:42:22
 6  0      0 2031648  33892 1010672    0    0     0    34  594 1327 60 40  0  0  0 2019-10-29 02:42:27
 6  0      0 2042280  33900 1010680    0    0     0    13  587 1311 61 39  0  0  0 2019-10-29 02:42:32
 5  0      0 2041344  33908 1010696    0    0     0     3  615 1360 59 41  0  0  0 2019-10-29 02:42:37
 5  0      0 2040808  33916 1010712    0    0     0     3  637 1395 60 40  0  0  0 2019-10-29 02:42:42
 6  0      0 2039924  33924 1010732    0    0     0     3  588 1376 61 39  0  0  0 2019-10-29 02:42:47
 4  0      0 2039020  33932 1010772    0    0     0    33  650 1535 61 39  0  0  0 2019-10-29 02:42:52
 5  0      0 2038492  33940 1010780    0    0     0    10  624 1440 56 44  0  0  0 2019-10-29 02:42:57
 5  0      0 2040852  33944 1010800    0    0     0    20  625 1447 60 40  0  0  0 2019-10-29 02:43:02
 4  0      0 2040368  33948 1010816    0    0     0     3  628 1505 59 41  0  0  0 2019-10-29 02:43:07
 5  0      0 2040272  33956 1010844    0    0     0     3  643 1494 59 41  0  0  0 2019-10-29 02:43:12
 4  0      0 2039920  33964 1010872    0    0     0    35  609 1383 61 39  0  0  0 2019-10-29 02:43:17
 5  0      0 2039860  33972 1010896    0    0     0     7  655 1561 60 40  0  0  0 2019-10-29 02:43:22
 5  0      0 2039768  33980 1010916    0    0     0     3  650 1518 60 40  0  0  0 2019-10-29 02:43:27
 5  0      0 2039268  33984 1010932    0    0     0     3  632 1481 59 41  0  0  0 2019-10-29 02:43:32
 5  0      0 2037664  33988 1010960    0    0     0     3  686 1661 61 39  0  0  0 2019-10-29 02:43:37
 3  0      0 2037728  33988 1011008    0    0     0     3  679 1688 61 39  0  0  0 2019-10-29 02:43:42
 5  0      0 2035208  33992 1011044    0    0     0    38  704 1764 62 38  0  0  0 2019-10-29 02:43:47
procs -----------memory---------- ---swap-- -----io---- -system-- ------cpu----- -----timestamp-----
 r  b   swpd   free   buff  cache   si   so    bi    bo   in   cs us sy id wa st                 UTC
 6  0      0 2035848  34000 1011084    0    0     0    11  717 1806 58 42  0  0  0 2019-10-29 02:43:52
 4  0      0 2035828  34000 1011132    0    0     0     6  727 1804 61 39  0  0  0 2019-10-29 02:43:57
 5  0      0 2036500  34000 1011168    0    0     0     8  719 1802 61 39  0  0  0 2019-10-29 02:44:02
 4  0      0 2037188  34008 1011196    0    0     0     3  699 1746 60 40  0  0  0 2019-10-29 02:44:07
 5  0      0 2034576  34008 1011232    0    0     0     3  711 1747 62 38  0  0  0 2019-10-29 02:44:12
 5  0      0 2034840  34008 1011280    0    0     0    44  661 1632 61 39  0  0  0 2019-10-29 02:44:17
 4  0      0 2034856  34012 1011312    0    0     0     6  663 1627 57 43  0  0  0 2019-10-29 02:44:22
 5  0      0 2035660  34020 1011356    0    0     0    12  757 1835 62 38  0  0  0 2019-10-29 02:44:27
 3  0      0 2036336  34028 1011384    0    0     0     3  738 1843 58 42  0  0  0 2019-10-29 02:44:32
 5  0      0 2033344  34032 1011468    0    0     0     3  735 1927 57 43  0  0  0 2019-10-29 02:44:37
 5  0      0 2033276  34036 1011504    0    0     0     5  741 1783 60 40  0  0  0 2019-10-29 02:44:42
